{"numTotalTestSuites":2,"numPassedTestSuites":2,"numFailedTestSuites":0,"numPendingTestSuites":0,"numTotalTests":7,"numPassedTests":7,"numFailedTests":0,"numPendingTests":0,"numTodoTests":0,"snapshot":{"added":0,"failure":false,"filesAdded":0,"filesRemoved":0,"filesRemovedList":[],"filesUnmatched":0,"filesUpdated":0,"matched":0,"total":0,"unchecked":0,"uncheckedKeysByFile":[],"unmatched":0,"updated":0,"didUpdate":false},"startTime":1788908551158,"success":true,"testResults":[{"assertionResults":[{"ancestorTitles":["HFA-059 shared CSV export cell safety"],"fullName":"HFA-059 shared CSV export cell safety neutralizes spreadsheet formula prefix \"=1+1\"","status":"passed","title":"neutralizes spreadsheet formula prefix \"=1+1\"","duration":1.7289589999999748,"failureMessages":[],"meta":{},"tags":[]},{"ancestorTitles":["HFA-059 shared CSV export cell safety"],"fullName":"HFA-059 shared CSV export cell safety neutralizes spreadsheet formula prefix \"+123\"","status":"passed","title":"neutralizes spreadsheet formula prefix \"+123\"","duration":0.4869579999999587,"failureMessages":[],"meta":{},"tags":[]},{"ancestorTitles":["HFA-059 shared CSV export cell safety"],"fullName":"HFA-059 shared CSV export cell safety neutralizes spreadsheet formula prefix \"-123\"","status":"passed","title":"neutralizes spreadsheet formula prefix \"-123\"","duration":0.22079199999996035,"failureMessages":[],"meta":{},"tags":[]},{"ancestorTitles":["HFA-059 shared CSV export cell safety"],"fullName":"HFA-059 shared CSV export cell safety neutralizes spreadsheet formula prefix \"@SUM(A1)\"","status":"passed","title":"neutralizes spreadsheet formula prefix \"@SUM(A1)\"","duration":0.2725419999999872,"failureMessages":[],"meta":{},"tags":[]},{"ancestorTitles":["HFA-059 shared CSV export cell safety"],"fullName":"HFA-059 shared CSV export cell safety neutralizes spreadsheet formula prefix \"\\tformula\"","status":"passed","title":"neutralizes spreadsheet formula prefix \"\\tformula\"","duration":0.25679200000001856,"failureMessages":[],"meta":{},"tags":[]},{"ancestorTitles":["HFA-059 shared CSV export cell safety"],"fullName":"HFA-059 shared CSV export cell safety neutralizes spreadsheet formula prefix \"\\rformula\"","status":"passed","title":"neutralizes spreadsheet formula prefix \"\\rformula\"","duration":0.10379100000000108,"failureMessages":[],"meta":{},"tags":[]},{"ancestorTitles":["HFA-059 shared CSV export cell safety"],"fullName":"HFA-059 shared CSV export cell safety escapes quotes, commas and newlines without losing evidence bytes","status":"passed","title":"escapes quotes, commas and newlines without losing evidence bytes","duration":0.12916699999999537,"failureMessages":[],"meta":{},"tags":[]}],"startTime":1788908551714,"endTime":1788908551717.2568,"status":"passed","message":"","name":"/Users/brianlewis/Circle of Life/Haven Finance Integration/src/lib/platform-audit/export-safety.test.ts"}]}