<?xml version="1.0" encoding="UTF-8"?>
<testsuites name="deno test" tests="15" failures="0" errors="0" time="0.027">
    <testsuite name="./supabase/functions/export-audit-log/handler.test.ts" tests="15" disabled="0" errors="0" failures="0">
        <testcase name="audit export rejects missing bearer and invalid job before constructing client" classname="./supabase/functions/export-audit-log/handler.test.ts" time="0.001" line="32" col="6">
        </testcase>
        <testcase name="audit export handles preflight and rejects non POST" classname="./supabase/functions/export-audit-log/handler.test.ts" time="0.000" line="42" col="6">
        </testcase>
        <testcase name="audit export rejects malformed JSON" classname="./supabase/functions/export-audit-log/handler.test.ts" time="0.000" line="49" col="6">
        </testcase>
        <testcase name="audit export returns byte-identical durable CSV with verified checksum and no-store" classname="./supabase/functions/export-audit-log/handler.test.ts" time="0.000" line="54" col="6">
        </testcase>
        <testcase name="audit export preserves complete large snapshot and retries return same evidence" classname="./supabase/functions/export-audit-log/handler.test.ts" time="0.010" line="68" col="6">
        </testcase>
        <testcase name="audit export unauthorized materialization never retrieves data" classname="./supabase/functions/export-audit-log/handler.test.ts" time="0.000" line="78" col="6">
        </testcase>
        <testcase name="audit export revocation between materialization and retrieval returns no bytes" classname="./supabase/functions/export-audit-log/handler.test.ts" time="0.000" line="84" col="6">
        </testcase>
        <testcase name="audit export missing legacy snapshot returns actionable conflict" classname="./supabase/functions/export-audit-log/handler.test.ts" time="0.000" line="90" col="6">
        </testcase>
        <testcase name="audit export rejects wrong job identity and malformed snapshot" classname="./supabase/functions/export-audit-log/handler.test.ts" time="0.000" line="95" col="6">
        </testcase>
        <testcase name="audit export checksum mismatch returns no source bytes" classname="./supabase/functions/export-audit-log/handler.test.ts" time="0.000" line="102" col="6">
        </testcase>
        <testcase name="audit export transport failures do not expose provider errors or source values" classname="./supabase/functions/export-audit-log/handler.test.ts" time="0.000" line="108" col="6">
        </testcase>
        <testcase name="audit export preserves the authoritative pre-request session denial" classname="./supabase/functions/export-audit-log/handler.test.ts" time="0.000" line="114" col="6">
        </testcase>
        <testcase name="audit export preserves PGRST301 authentication denial" classname="./supabase/functions/export-audit-log/handler.test.ts" time="0.000" line="124" col="8">
        </testcase>
        <testcase name="audit export preserves PGRST302 authentication denial" classname="./supabase/functions/export-audit-log/handler.test.ts" time="0.000" line="124" col="8">
        </testcase>
        <testcase name="audit export preserves PGRST303 authentication denial" classname="./supabase/functions/export-audit-log/handler.test.ts" time="0.000" line="124" col="8">
        </testcase>
    </testsuite>
</testsuites>
