{"numTotalTestSuites":2,"numPassedTestSuites":2,"numFailedTestSuites":0,"numPendingTestSuites":0,"numTotalTests":10,"numPassedTests":10,"numFailedTests":0,"numPendingTests":0,"numTodoTests":0,"snapshot":{"added":0,"failure":false,"filesAdded":0,"filesRemoved":0,"filesRemovedList":[],"filesUnmatched":0,"filesUpdated":0,"matched":0,"total":0,"unchecked":0,"uncheckedKeysByFile":[],"unmatched":0,"updated":0,"didUpdate":false},"startTime":1788908581141,"success":true,"testResults":[{"assertionResults":[{"ancestorTitles":["HFA-027 HFA-036 structural privacy and exact amounts"],"fullName":"HFA-027 HFA-036 structural privacy and exact amounts accepts balanced non-identifying structural fixture beyond 32-bit cents","status":"passed","title":"accepts balanced non-identifying structural fixture beyond 32-bit cents","duration":3.418792000000053,"failureMessages":[],"meta":{},"tags":[]},{"ancestorTitles":["HFA-027 HFA-036 structural privacy and exact amounts"],"fullName":"HFA-027 HFA-036 structural privacy and exact amounts retains precision beyond JSON safe integer and rejects storage overflow","status":"passed","title":"retains precision beyond JSON safe integer and rejects storage overflow","duration":0.724207999999976,"failureMessages":[],"meta":{},"tags":[]},{"ancestorTitles":["HFA-027 HFA-036 structural privacy and exact amounts"],"fullName":"HFA-027 HFA-036 structural privacy and exact amounts rejects arbitrary residentId at top level and nested levels","status":"passed","title":"rejects arbitrary residentId at top level and nested levels","duration":0.5356669999999895,"failureMessages":[],"meta":{},"tags":[]},{"ancestorTitles":["HFA-027 HFA-036 structural privacy and exact amounts"],"fullName":"HFA-027 HFA-036 structural privacy and exact amounts rejects arbitrary memo at top level and nested levels","status":"passed","title":"rejects arbitrary memo at top level and nested levels","duration":0.18470800000000054,"failureMessages":[],"meta":{},"tags":[]},{"ancestorTitles":["HFA-027 HFA-036 structural privacy and exact amounts"],"fullName":"HFA-027 HFA-036 structural privacy and exact amounts rejects arbitrary description at top level and nested levels","status":"passed","title":"rejects arbitrary description at top level and nested levels","duration":0.9050829999999905,"failureMessages":[],"meta":{},"tags":[]},{"ancestorTitles":["HFA-027 HFA-036 structural privacy and exact amounts"],"fullName":"HFA-027 HFA-036 structural privacy and exact amounts rejects arbitrary filename at top level and nested levels","status":"passed","title":"rejects arbitrary filename at top level and nested levels","duration":0.5060829999999896,"failureMessages":[],"meta":{},"tags":[]},{"ancestorTitles":["HFA-027 HFA-036 structural privacy and exact amounts"],"fullName":"HFA-027 HFA-036 structural privacy and exact amounts rejects arbitrary attachments at top level and nested levels","status":"passed","title":"rejects arbitrary attachments at top level and nested levels","duration":0.42429200000003675,"failureMessages":[],"meta":{},"tags":[]},{"ancestorTitles":["HFA-027 HFA-036 structural privacy and exact amounts"],"fullName":"HFA-027 HFA-036 structural privacy and exact amounts rejects arbitrary source at top level and nested levels","status":"passed","title":"rejects arbitrary source at top level and nested levels","duration":0.29674999999997453,"failureMessages":[],"meta":{},"tags":[]},{"ancestorTitles":["HFA-027 HFA-036 structural privacy and exact amounts"],"fullName":"HFA-027 HFA-036 structural privacy and exact amounts rejects arbitrary error at top level and nested levels","status":"passed","title":"rejects arbitrary error at top level and nested levels","duration":0.7114159999999856,"failureMessages":[],"meta":{},"tags":[]},{"ancestorTitles":["HFA-027 HFA-036 structural privacy and exact amounts"],"fullName":"HFA-027 HFA-036 structural privacy and exact amounts rejects invalid dates, amounts, identifiers, currency and unbalanced journals","status":"passed","title":"rejects invalid dates, amounts, identifiers, currency and unbalanced journals","duration":0.877666999999974,"failureMessages":[],"meta":{},"tags":[]}],"startTime":1788908581621,"endTime":1788908581629.8777,"status":"passed","message":"","name":"/Users/brianlewis/Circle of Life/Haven Finance Integration/src/lib/finance-integration/payload.test.ts"}]}