{"numTotalTestSuites":31,"numPassedTestSuites":31,"numFailedTestSuites":0,"numPendingTestSuites":0,"numTotalTests":225,"numPassedTests":225,"numFailedTests":0,"numPendingTests":0,"numTodoTests":0,"snapshot":{"added":0,"failure":false,"filesAdded":0,"filesRemoved":0,"filesRemovedList":[],"filesUnmatched":0,"filesUpdated":0,"matched":0,"total":0,"unchecked":0,"uncheckedKeysByFile":[],"unmatched":0,"updated":0,"didUpdate":false},"startTime":1788937055306,"success":true,"testResults":[{"assertionResults":[{"ancestorTitles":["Accounting review rendered read-only journeys"],"fullName":"Accounting review rendered read-only journeys HFA-063: renders the operational viewer through each route entry","status":"passed","title":"HFA-063: renders the operational viewer through each route entry","duration":263.4925000000003,"failureMessages":[],"meta":{},"tags":[]},{"ancestorTitles":["Accounting review rendered read-only journeys"],"fullName":"Accounting review rendered read-only journeys HFA-063: renders the operational viewer through each route entry","status":"passed","title":"HFA-063: renders the operational viewer through each route entry","duration":80.15041699999983,"failureMessages":[],"meta":{},"tags":[]},{"ancestorTitles":["Accounting review rendered read-only journeys"],"fullName":"Accounting review rendered read-only journeys HFA-054: shows explicit empty state, live coverage limits and release blockers without mutation controls","status":"passed","title":"HFA-054: shows explicit empty state, live coverage limits and release blockers without mutation controls","duration":129.84804199999962,"failureMessages":[],"meta":{},"tags":[]},{"ancestorTitles":["Accounting review rendered read-only journeys"],"fullName":"Accounting review rendered read-only journeys HFA-036 HFA-065: renders exact large money and a protected broader claim without a forbidden link","status":"passed","title":"HFA-036 HFA-065: renders exact large money and a protected broader claim without a forbidden link","duration":21.986666999999215,"failureMessages":[],"meta":{},"tags":[]},{"ancestorTitles":["Accounting review rendered read-only journeys"],"fullName":"Accounting review rendered read-only journeys HFA-052: uses keyset next and previous page requests for more than one page","status":"passed","title":"HFA-052: uses keyset next and previous page requests for more than one page","duration":347.3327079999999,"failureMessages":[],"meta":{},"tags":[]},{"ancestorTitles":["Accounting review rendered read-only journeys"],"fullName":"Accounting review rendered read-only journeys HFA-054: distinguishes failure from empty and retries a literal release flag violation","status":"passed","title":"HFA-054: distinguishes failure from empty and retries a literal release flag violation","duration":181.01429199999984,"failureMessages":[],"meta":{},"tags":[]},{"ancestorTitles":["Accounting review rendered read-only journeys"],"fullName":"Accounting review rendered read-only journeys HFA-065: ignores delayed data after facility changes and aborts its request","status":"passed","title":"HFA-065: ignores delayed data after facility changes and aborts its request","duration":45.24645799999962,"failureMessages":[],"meta":{},"tags":[]},{"ancestorTitles":["Accounting review rendered read-only journeys"],"fullName":"Accounting review rendered read-only journeys HFA-065: removes prior actor data immediately and ignores a pending detail on account switch","status":"passed","title":"HFA-065: removes prior actor data immediately and ignores a pending detail on account switch","duration":31.50158399999964,"failureMessages":[],"meta":{},"tags":[]},{"ancestorTitles":["Accounting review rendered read-only journeys"],"fullName":"Accounting review rendered read-only journeys HFA-054 HFA-065: shows current declared rules and authorized exact detail while stripping sessions","status":"passed","title":"HFA-054 HFA-065: shows current declared rules and authorized exact detail while stripping sessions","duration":46.605625000000146,"failureMessages":[],"meta":{},"tags":[]},{"ancestorTitles":["Accounting review rendered read-only journeys"],"fullName":"Accounting review rendered read-only journeys HFA-065: keeps protected detail denial distinct from an empty batch","status":"passed","title":"HFA-065: keeps protected detail denial distinct from an empty batch","duration":21.519083999999566,"failureMessages":[],"meta":{},"tags":[]},{"ancestorTitles":["Accounting review rendered read-only journeys"],"fullName":"Accounting review rendered read-only journeys HFA-063: supports keyboard navigation through the existing tabs primitive","status":"passed","title":"HFA-063: supports keyboard navigation through the existing tabs primitive","duration":188.44291599999997,"failureMessages":[],"meta":{},"tags":[]},{"ancestorTitles":["Accounting review rendered read-only journeys"],"fullName":"Accounting review rendered read-only journeys HFA-054: ignores a pending source page after switching record kinds","status":"passed","title":"HFA-054: ignores a pending source page after switching record kinds","duration":260.35291700000016,"failureMessages":[],"meta":{},"tags":[]},{"ancestorTitles":["Accounting review rendered read-only journeys"],"fullName":"Accounting review rendered read-only journeys HFA-065: clears current rows during a same-account session refresh","status":"passed","title":"HFA-065: clears current rows during a same-account session refresh","duration":373.94504099999995,"failureMessages":[],"meta":{},"tags":[]},{"ancestorTitles":["Accounting review rendered read-only journeys"],"fullName":"Accounting review rendered read-only journeys HFA-065: masks prior owner choices immediately on a same-session role downgrade","status":"passed","title":"HFA-065: masks prior owner choices immediately on a same-session role downgrade","duration":265.1755840000005,"failureMessages":[],"meta":{},"tags":[]},{"ancestorTitles":["Accounting review rendered read-only journeys"],"fullName":"Accounting review rendered read-only journeys HFA-065: restricts a facility administrator selector to an explicit facility","status":"passed","title":"HFA-065: restricts a facility administrator selector to an explicit facility","duration":58.015416999999616,"failureMessages":[],"meta":{},"tags":[]},{"ancestorTitles":["Accounting review rendered read-only journeys"],"fullName":"Accounting review rendered read-only journeys HFA-065: aborts in-flight work on unmount","status":"passed","title":"HFA-065: aborts in-flight work on unmount","duration":97.51800000000003,"failureMessages":[],"meta":{},"tags":[]}],"startTime":1788937059692,"endTime":1788937062104.518,"status":"passed","message":"","name":"/Users/brianlewis/Circle of Life/Haven Finance Integration/src/components/finance/FinanceReviewQueueClient.test.tsx"},{"assertionResults":[{"ancestorTitles":["prorationFactorForResident"],"fullName":"prorationFactorForResident prorates mid-month admission","status":"passed","title":"prorates mid-month admission","duration":1.555084000000079,"failureMessages":[],"meta":{},"tags":[]},{"ancestorTitles":["prorationFactorForResident"],"fullName":"prorationFactorForResident prorates mid-month discharge","status":"passed","title":"prorates mid-month discharge","duration":0.18754199999989396,"failureMessages":[],"meta":{},"tags":[]},{"ancestorTitles":["prorationFactorForResident"],"fullName":"prorationFactorForResident returns zero when discharged before the billing month","status":"passed","title":"returns zero when discharged before the billing month","duration":0.07150000000001455,"failureMessages":[],"meta":{},"tags":[]},{"ancestorTitles":["buildMonthlyInvoicePreview"],"fullName":"buildMonthlyInvoicePreview prorates date-only admission dates and uses due date on the 5th","status":"passed","title":"prorates date-only admission dates and uses due date on the 5th","duration":36.281083999999964,"failureMessages":[],"meta":{},"tags":[]},{"ancestorTitles":["buildMonthlyInvoicePreview"],"fullName":"buildMonthlyInvoicePreview includes hospital_hold residents at full monthly private rate","status":"passed","title":"includes hospital_hold residents at full monthly private rate","duration":15.516958999999815,"failureMessages":[],"meta":{},"tags":[]},{"ancestorTitles":["buildMonthlyInvoicePreview"],"fullName":"buildMonthlyInvoicePreview keeps prorated line items summing exactly to the subtotal (half-cent boundary)","status":"passed","title":"keeps prorated line items summing exactly to the subtotal (half-cent boundary)","duration":0.35629199999993943,"failureMessages":[],"meta":{},"tags":[]},{"ancestorTitles":["buildMonthlyInvoicePreview"],"fullName":"buildMonthlyInvoicePreview skips Medicaid residents with no usable rate instead of billing private","status":"passed","title":"skips Medicaid residents with no usable rate instead of billing private","duration":23.710624999999936,"failureMessages":[],"meta":{},"tags":[]},{"ancestorTitles":["buildMonthlyInvoicePreview"],"fullName":"buildMonthlyInvoicePreview uses Medicaid catalog monthly rate for medicaid_oss payers","status":"passed","title":"uses Medicaid catalog monthly rate for medicaid_oss payers","duration":0.5854580000000169,"failureMessages":[],"meta":{},"tags":[]},{"ancestorTitles":["persistMonthlyInvoicesFromPreview"],"fullName":"persistMonthlyInvoicesFromPreview calls haven_create_invoice_with_line_items and counts inserts","status":"passed","title":"calls haven_create_invoice_with_line_items and counts inserts","duration":1.1922500000000582,"failureMessages":[],"meta":{},"tags":[]},{"ancestorTitles":["persistMonthlyInvoicesFromPreview"],"fullName":"persistMonthlyInvoicesFromPreview counts duplicate skips when inserted is false","status":"passed","title":"counts duplicate skips when inserted is false","duration":0.17045899999993708,"failureMessages":[],"meta":{},"tags":[]},{"ancestorTitles":["persistMonthlyInvoicesFromPreview"],"fullName":"persistMonthlyInvoicesFromPreview reports RPC uncertainty without exposing provider error text","status":"passed","title":"reports RPC uncertainty without exposing provider error text","duration":0.5219160000001466,"failureMessages":[],"meta":{},"tags":[]}],"startTime":1788937057527,"endTime":1788937057607.522,"status":"passed","message":"","name":"/Users/brianlewis/Circle of Life/Haven Finance Integration/src/lib/billing/generate-monthly-invoices.test.ts"},{"assertionResults":[{"ancestorTitles":["F06 app complete billing sources"],"fullName":"F06 app complete billing sources uses period-applicable published rates and preserves independent charge fixtures","status":"passed","title":"uses period-applicable published rates and preserves independent charge fixtures","duration":107.70575000000008,"failureMessages":[],"meta":{},"tags":[]},{"ancestorTitles":["F06 app complete billing sources"],"fullName":"F06 app complete billing sources uses period-applicable superseded rates and preserves independent charge fixtures","status":"passed","title":"uses period-applicable superseded rates and preserves independent charge fixtures","duration":0.6142079999999623,"failureMessages":[],"meta":{},"tags":[]},{"ancestorTitles":["F06 app complete billing sources"],"fullName":"F06 app complete billing sources rejects a 2501-row resident source truncated by the existing 500-row cap","status":"passed","title":"rejects a 2501-row resident source truncated by the existing 500-row cap","duration":0.8369999999999891,"failureMessages":[],"meta":{},"tags":[]},{"ancestorTitles":["F06 app complete billing sources"],"fullName":"F06 app complete billing sources retains acknowledged progress before 'returned error' (first inserted=true)","status":"passed","title":"retains acknowledged progress before 'returned error' (first inserted=true)","duration":3.8524579999998423,"failureMessages":[],"meta":{},"tags":[]},{"ancestorTitles":["F06 app complete billing sources"],"fullName":"F06 app complete billing sources retains acknowledged progress before 'timeout' (first inserted=true)","status":"passed","title":"retains acknowledged progress before 'timeout' (first inserted=true)","duration":1.2473329999997986,"failureMessages":[],"meta":{},"tags":[]},{"ancestorTitles":["F06 app complete billing sources"],"fullName":"F06 app complete billing sources retains acknowledged progress before 'missing acknowledgement' (first inserted=true)","status":"passed","title":"retains acknowledged progress before 'missing acknowledgement' (first inserted=true)","duration":0.8954579999999623,"failureMessages":[],"meta":{},"tags":[]},{"ancestorTitles":["F06 app complete billing sources"],"fullName":"F06 app complete billing sources retains acknowledged progress before 'returned error' (first inserted=false)","status":"passed","title":"retains acknowledged progress before 'returned error' (first inserted=false)","duration":0.6330419999999322,"failureMessages":[],"meta":{},"tags":[]},{"ancestorTitles":["F06 app complete billing sources"],"fullName":"F06 app complete billing sources keeps raw provider text and unresolved identity out of generic errors","status":"passed","title":"keeps raw provider text and unresolved identity out of generic errors","duration":1.9754159999997682,"failureMessages":[],"meta":{},"tags":[]},{"ancestorTitles":["F06 app complete billing sources"],"fullName":"F06 app complete billing sources blocks residents count larger than 2000 without a partial preview","status":"passed","title":"blocks residents count larger than 2000 without a partial preview","duration":1.5076249999997344,"failureMessages":[],"meta":{},"tags":[]},{"ancestorTitles":["F06 app complete billing sources"],"fullName":"F06 app complete billing sources blocks resident_payers count larger than 2000 without a partial preview","status":"passed","title":"blocks resident_payers count larger than 2000 without a partial preview","duration":0.42774999999983265,"failureMessages":[],"meta":{},"tags":[]},{"ancestorTitles":["F06 app complete billing sources"],"fullName":"F06 app complete billing sources blocks facility_medicaid_providers count larger than 2000 without a partial preview","status":"passed","title":"blocks facility_medicaid_providers count larger than 2000 without a partial preview","duration":0.40854200000012497,"failureMessages":[],"meta":{},"tags":[]},{"ancestorTitles":["F06 app complete billing sources"],"fullName":"F06 app complete billing sources blocks resident_rate_agreements count larger than 2000 without a partial preview","status":"passed","title":"blocks resident_rate_agreements count larger than 2000 without a partial preview","duration":0.6356250000003456,"failureMessages":[],"meta":{},"tags":[]},{"ancestorTitles":["F06 app complete billing sources"],"fullName":"F06 app complete billing sources blocks invoices count larger than 2000 without a partial preview","status":"passed","title":"blocks invoices count larger than 2000 without a partial preview","duration":0.17141700000001947,"failureMessages":[],"meta":{},"tags":[]},{"ancestorTitles":["F06 app complete billing sources"],"fullName":"F06 app complete billing sources rejects 'residents' 'null count'","status":"passed","title":"rejects 'residents' 'null count'","duration":0.13499999999976353,"failureMessages":[],"meta":{},"tags":[]},{"ancestorTitles":["F06 app complete billing sources"],"fullName":"F06 app complete billing sources rejects 'residents' 'missing count'","status":"passed","title":"rejects 'residents' 'missing count'","duration":0.09341700000004494,"failureMessages":[],"meta":{},"tags":[]},{"ancestorTitles":["F06 app complete billing sources"],"fullName":"F06 app complete billing sources rejects 'residents' 'null data'","status":"passed","title":"rejects 'residents' 'null data'","duration":0.08704200000011042,"failureMessages":[],"meta":{},"tags":[]},{"ancestorTitles":["F06 app complete billing sources"],"fullName":"F06 app complete billing sources rejects 'resident_payers' 'null count'","status":"passed","title":"rejects 'resident_payers' 'null count'","duration":0.08833300000014788,"failureMessages":[],"meta":{},"tags":[]},{"ancestorTitles":["F06 app complete billing sources"],"fullName":"F06 app complete billing sources rejects 'resident_payers' 'missing count'","status":"passed","title":"rejects 'resident_payers' 'missing count'","duration":0.07637500000009823,"failureMessages":[],"meta":{},"tags":[]},{"ancestorTitles":["F06 app complete billing sources"],"fullName":"F06 app complete billing sources rejects 'resident_payers' 'null data'","status":"passed","title":"rejects 'resident_payers' 'null data'","duration":0.14099999999962165,"failureMessages":[],"meta":{},"tags":[]},{"ancestorTitles":["F06 app complete billing sources"],"fullName":"F06 app complete billing sources rejects 'facility_medicaid_providers' 'null count'","status":"passed","title":"rejects 'facility_medicaid_providers' 'null count'","duration":0.07841699999971752,"failureMessages":[],"meta":{},"tags":[]},{"ancestorTitles":["F06 app complete billing sources"],"fullName":"F06 app complete billing sources rejects 'facility_medicaid_providers' 'missing count'","status":"passed","title":"rejects 'facility_medicaid_providers' 'missing count'","duration":0.0784590000002936,"failureMessages":[],"meta":{},"tags":[]},{"ancestorTitles":["F06 app complete billing sources"],"fullName":"F06 app complete billing sources rejects 'facility_medicaid_providers' 'null data'","status":"passed","title":"rejects 'facility_medicaid_providers' 'null data'","duration":0.1147080000000642,"failureMessages":[],"meta":{},"tags":[]},{"ancestorTitles":["F06 app complete billing sources"],"fullName":"F06 app complete billing sources rejects 'resident_rate_agreements' 'null count'","status":"passed","title":"rejects 'resident_rate_agreements' 'null count'","duration":0.07783399999971152,"failureMessages":[],"meta":{},"tags":[]},{"ancestorTitles":["F06 app complete billing sources"],"fullName":"F06 app complete billing sources rejects 'resident_rate_agreements' 'missing count'","status":"passed","title":"rejects 'resident_rate_agreements' 'missing count'","duration":0.0773749999998472,"failureMessages":[],"meta":{},"tags":[]},{"ancestorTitles":["F06 app complete billing sources"],"fullName":"F06 app complete billing sources rejects 'resident_rate_agreements' 'null data'","status":"passed","title":"rejects 'resident_rate_agreements' 'null data'","duration":0.06891600000017206,"failureMessages":[],"meta":{},"tags":[]},{"ancestorTitles":["F06 app complete billing sources"],"fullName":"F06 app complete billing sources rejects 'invoices' 'null count'","status":"passed","title":"rejects 'invoices' 'null count'","duration":0.19829200000003766,"failureMessages":[],"meta":{},"tags":[]},{"ancestorTitles":["F06 app complete billing sources"],"fullName":"F06 app complete billing sources rejects 'invoices' 'missing count'","status":"passed","title":"rejects 'invoices' 'missing count'","duration":0.6735000000003311,"failureMessages":[],"meta":{},"tags":[]},{"ancestorTitles":["F06 app complete billing sources"],"fullName":"F06 app complete billing sources rejects 'invoices' 'null data'","status":"passed","title":"rejects 'invoices' 'null data'","duration":1.1645000000003165,"failureMessages":[],"meta":{},"tags":[]},{"ancestorTitles":["F06 app complete billing sources"],"fullName":"F06 app complete billing sources keeps provider transport failure distinct from zero providers","status":"passed","title":"keeps provider transport failure distinct from zero providers","duration":0.36104199999999764,"failureMessages":[],"meta":{},"tags":[]},{"ancestorTitles":["F06 app complete billing sources"],"fullName":"F06 app complete billing sources rejects invalid month 0 before querying","status":"passed","title":"rejects invalid month 0 before querying","duration":0.24549999999999272,"failureMessages":[],"meta":{},"tags":[]},{"ancestorTitles":["F06 app complete billing sources"],"fullName":"F06 app complete billing sources rejects invalid month 13 before querying","status":"passed","title":"rejects invalid month 13 before querying","duration":0.11583399999972244,"failureMessages":[],"meta":{},"tags":[]},{"ancestorTitles":["F06 app complete billing sources"],"fullName":"F06 app complete billing sources rejects invalid month 5.5 before querying","status":"passed","title":"rejects invalid month 5.5 before querying","duration":0.056749999999738066,"failureMessages":[],"meta":{},"tags":[]},{"ancestorTitles":["F06 app complete billing sources"],"fullName":"F06 app complete billing sources rejects invalid month NaN before querying","status":"passed","title":"rejects invalid month NaN before querying","duration":0.056666999999833934,"failureMessages":[],"meta":{},"tags":[]},{"ancestorTitles":["F06 app complete billing sources"],"fullName":"F06 app complete billing sources rejects invalid month Infinity before querying","status":"passed","title":"rejects invalid month Infinity before querying","duration":0.04749999999967258,"failureMessages":[],"meta":{},"tags":[]},{"ancestorTitles":["F06 app complete billing sources"],"fullName":"F06 app complete billing sources rejects invalid year 0 before querying","status":"passed","title":"rejects invalid year 0 before querying","duration":0.0884169999999358,"failureMessages":[],"meta":{},"tags":[]},{"ancestorTitles":["F06 app complete billing sources"],"fullName":"F06 app complete billing sources rejects invalid year 2026.5 before querying","status":"passed","title":"rejects invalid year 2026.5 before querying","duration":0.05795800000032614,"failureMessages":[],"meta":{},"tags":[]},{"ancestorTitles":["F06 app complete billing sources"],"fullName":"F06 app complete billing sources rejects invalid year NaN before querying","status":"passed","title":"rejects invalid year NaN before querying","duration":0.09208300000000236,"failureMessages":[],"meta":{},"tags":[]},{"ancestorTitles":["F06 app complete billing sources"],"fullName":"F06 app complete billing sources rejects invalid year Infinity before querying","status":"passed","title":"rejects invalid year Infinity before querying","duration":0.04087500000014188,"failureMessages":[],"meta":{},"tags":[]},{"ancestorTitles":["F06 app complete billing sources"],"fullName":"F06 app complete billing sources rejects incomplete organization facility response {\"count\":2501}","status":"passed","title":"rejects incomplete organization facility response {\"count\":2501}","duration":0.3907080000003589,"failureMessages":[],"meta":{},"tags":[]},{"ancestorTitles":["F06 app complete billing sources"],"fullName":"F06 app complete billing sources rejects incomplete organization facility response {\"count\":null}","status":"passed","title":"rejects incomplete organization facility response {\"count\":null}","duration":0.0803329999998823,"failureMessages":[],"meta":{},"tags":[]},{"ancestorTitles":["F06 app complete billing sources"],"fullName":"F06 app complete billing sources rejects incomplete organization facility response {}","status":"passed","title":"rejects incomplete organization facility response {}","duration":0.06987500000013824,"failureMessages":[],"meta":{},"tags":[]},{"ancestorTitles":["F06 app complete billing sources"],"fullName":"F06 app complete billing sources rejects incomplete organization facility response {\"data\":null,\"count\":0}","status":"passed","title":"rejects incomplete organization facility response {\"data\":null,\"count\":0}","duration":0.063083000000006,"failureMessages":[],"meta":{},"tags":[]},{"ancestorTitles":["F06 app complete billing sources"],"fullName":"F06 app complete billing sources recognizes an exactly counted empty facility list","status":"passed","title":"recognizes an exactly counted empty facility list","duration":0.05658300000004601,"failureMessages":[],"meta":{},"tags":[]},{"ancestorTitles":["F06 Edge shared complete billing sources"],"fullName":"F06 Edge shared complete billing sources uses period-applicable published rates and preserves independent charge fixtures","status":"passed","title":"uses period-applicable published rates and preserves independent charge fixtures","duration":0.8576669999997648,"failureMessages":[],"meta":{},"tags":[]},{"ancestorTitles":["F06 Edge shared complete billing sources"],"fullName":"F06 Edge shared complete billing sources uses period-applicable superseded rates and preserves independent charge fixtures","status":"passed","title":"uses period-applicable superseded rates and preserves independent charge fixtures","duration":0.2888750000001892,"failureMessages":[],"meta":{},"tags":[]},{"ancestorTitles":["F06 Edge shared complete billing sources"],"fullName":"F06 Edge shared complete billing sources rejects a 2501-row resident source truncated by the existing 500-row cap","status":"passed","title":"rejects a 2501-row resident source truncated by the existing 500-row cap","duration":0.6123750000001564,"failureMessages":[],"meta":{},"tags":[]},{"ancestorTitles":["F06 Edge shared complete billing sources"],"fullName":"F06 Edge shared complete billing sources retains acknowledged progress before 'returned error' (first inserted=true)","status":"passed","title":"retains acknowledged progress before 'returned error' (first inserted=true)","duration":0.4810000000002219,"failureMessages":[],"meta":{},"tags":[]},{"ancestorTitles":["F06 Edge shared complete billing sources"],"fullName":"F06 Edge shared complete billing sources retains acknowledged progress before 'timeout' (first inserted=true)","status":"passed","title":"retains acknowledged progress before 'timeout' (first inserted=true)","duration":0.4837090000000899,"failureMessages":[],"meta":{},"tags":[]},{"ancestorTitles":["F06 Edge shared complete billing sources"],"fullName":"F06 Edge shared complete billing sources retains acknowledged progress before 'missing acknowledgement' (first inserted=true)","status":"passed","title":"retains acknowledged progress before 'missing acknowledgement' (first inserted=true)","duration":0.21166600000015023,"failureMessages":[],"meta":{},"tags":[]},{"ancestorTitles":["F06 Edge shared complete billing sources"],"fullName":"F06 Edge shared complete billing sources retains acknowledged progress before 'returned error' (first inserted=false)","status":"passed","title":"retains acknowledged progress before 'returned error' (first inserted=false)","duration":0.1772499999997308,"failureMessages":[],"meta":{},"tags":[]},{"ancestorTitles":["F06 Edge shared complete billing sources"],"fullName":"F06 Edge shared complete billing sources keeps raw provider text and unresolved identity out of generic errors","status":"passed","title":"keeps raw provider text and unresolved identity out of generic errors","duration":0.13558400000010806,"failureMessages":[],"meta":{},"tags":[]},{"ancestorTitles":["F06 Edge shared complete billing sources"],"fullName":"F06 Edge shared complete billing sources blocks residents count larger than 2000 without a partial preview","status":"passed","title":"blocks residents count larger than 2000 without a partial preview","duration":0.09554200000002311,"failureMessages":[],"meta":{},"tags":[]},{"ancestorTitles":["F06 Edge shared complete billing sources"],"fullName":"F06 Edge shared complete billing sources blocks resident_payers count larger than 2000 without a partial preview","status":"passed","title":"blocks resident_payers count larger than 2000 without a partial preview","duration":0.09070799999972223,"failureMessages":[],"meta":{},"tags":[]},{"ancestorTitles":["F06 Edge shared complete billing sources"],"fullName":"F06 Edge shared complete billing sources blocks facility_medicaid_providers count larger than 2000 without a partial preview","status":"passed","title":"blocks facility_medicaid_providers count larger than 2000 without a partial preview","duration":0.09974999999985812,"failureMessages":[],"meta":{},"tags":[]},{"ancestorTitles":["F06 Edge shared complete billing sources"],"fullName":"F06 Edge shared complete billing sources blocks resident_rate_agreements count larger than 2000 without a partial preview","status":"passed","title":"blocks resident_rate_agreements count larger than 2000 without a partial preview","duration":0.08983299999999872,"failureMessages":[],"meta":{},"tags":[]},{"ancestorTitles":["F06 Edge shared complete billing sources"],"fullName":"F06 Edge shared complete billing sources blocks invoices count larger than 2000 without a partial preview","status":"passed","title":"blocks invoices count larger than 2000 without a partial preview","duration":0.08958299999994779,"failureMessages":[],"meta":{},"tags":[]},{"ancestorTitles":["F06 Edge shared complete billing sources"],"fullName":"F06 Edge shared complete billing sources rejects 'residents' 'null count'","status":"passed","title":"rejects 'residents' 'null count'","duration":0.08529200000020865,"failureMessages":[],"meta":{},"tags":[]},{"ancestorTitles":["F06 Edge shared complete billing sources"],"fullName":"F06 Edge shared complete billing sources rejects 'residents' 'missing count'","status":"passed","title":"rejects 'residents' 'missing count'","duration":0.07637500000009823,"failureMessages":[],"meta":{},"tags":[]},{"ancestorTitles":["F06 Edge shared complete billing sources"],"fullName":"F06 Edge shared complete billing sources rejects 'residents' 'null data'","status":"passed","title":"rejects 'residents' 'null data'","duration":0.0886249999998654,"failureMessages":[],"meta":{},"tags":[]},{"ancestorTitles":["F06 Edge shared complete billing sources"],"fullName":"F06 Edge shared complete billing sources rejects 'resident_payers' 'null count'","status":"passed","title":"rejects 'resident_payers' 'null count'","duration":0.07637499999964348,"failureMessages":[],"meta":{},"tags":[]},{"ancestorTitles":["F06 Edge shared complete billing sources"],"fullName":"F06 Edge shared complete billing sources rejects 'resident_payers' 'missing count'","status":"passed","title":"rejects 'resident_payers' 'missing count'","duration":0.07549999999991996,"failureMessages":[],"meta":{},"tags":[]},{"ancestorTitles":["F06 Edge shared complete billing sources"],"fullName":"F06 Edge shared complete billing sources rejects 'resident_payers' 'null data'","status":"passed","title":"rejects 'resident_payers' 'null data'","duration":0.07116700000005949,"failureMessages":[],"meta":{},"tags":[]},{"ancestorTitles":["F06 Edge shared complete billing sources"],"fullName":"F06 Edge shared complete billing sources rejects 'facility_medicaid_providers' 'null count'","status":"passed","title":"rejects 'facility_medicaid_providers' 'null count'","duration":0.07633400000031543,"failureMessages":[],"meta":{},"tags":[]},{"ancestorTitles":["F06 Edge shared complete billing sources"],"fullName":"F06 Edge shared complete billing sources rejects 'facility_medicaid_providers' 'missing count'","status":"passed","title":"rejects 'facility_medicaid_providers' 'missing count'","duration":0.07975000000033106,"failureMessages":[],"meta":{},"tags":[]},{"ancestorTitles":["F06 Edge shared complete billing sources"],"fullName":"F06 Edge shared complete billing sources rejects 'facility_medicaid_providers' 'null data'","status":"passed","title":"rejects 'facility_medicaid_providers' 'null data'","duration":0.08520799999996598,"failureMessages":[],"meta":{},"tags":[]},{"ancestorTitles":["F06 Edge shared complete billing sources"],"fullName":"F06 Edge shared complete billing sources rejects 'resident_rate_agreements' 'null count'","status":"passed","title":"rejects 'resident_rate_agreements' 'null count'","duration":0.07158399999980247,"failureMessages":[],"meta":{},"tags":[]},{"ancestorTitles":["F06 Edge shared complete billing sources"],"fullName":"F06 Edge shared complete billing sources rejects 'resident_rate_agreements' 'missing count'","status":"passed","title":"rejects 'resident_rate_agreements' 'missing count'","duration":0.07720800000015515,"failureMessages":[],"meta":{},"tags":[]},{"ancestorTitles":["F06 Edge shared complete billing sources"],"fullName":"F06 Edge shared complete billing sources rejects 'resident_rate_agreements' 'null data'","status":"passed","title":"rejects 'resident_rate_agreements' 'null data'","duration":0.07587499999999636,"failureMessages":[],"meta":{},"tags":[]},{"ancestorTitles":["F06 Edge shared complete billing sources"],"fullName":"F06 Edge shared complete billing sources rejects 'invoices' 'null count'","status":"passed","title":"rejects 'invoices' 'null count'","duration":0.0757499999999709,"failureMessages":[],"meta":{},"tags":[]},{"ancestorTitles":["F06 Edge shared complete billing sources"],"fullName":"F06 Edge shared complete billing sources rejects 'invoices' 'missing count'","status":"passed","title":"rejects 'invoices' 'missing count'","duration":0.0759170000001177,"failureMessages":[],"meta":{},"tags":[]},{"ancestorTitles":["F06 Edge shared complete billing sources"],"fullName":"F06 Edge shared complete billing sources rejects 'invoices' 'null data'","status":"passed","title":"rejects 'invoices' 'null data'","duration":13.19879200000014,"failureMessages":[],"meta":{},"tags":[]},{"ancestorTitles":["F06 Edge shared complete billing sources"],"fullName":"F06 Edge shared complete billing sources keeps provider transport failure distinct from zero providers","status":"passed","title":"keeps provider transport failure distinct from zero providers","duration":0.22216600000001563,"failureMessages":[],"meta":{},"tags":[]},{"ancestorTitles":["F06 Edge shared complete billing sources"],"fullName":"F06 Edge shared complete billing sources rejects invalid month 0 before querying","status":"passed","title":"rejects invalid month 0 before querying","duration":0.0599170000000413,"failureMessages":[],"meta":{},"tags":[]},{"ancestorTitles":["F06 Edge shared complete billing sources"],"fullName":"F06 Edge shared complete billing sources rejects invalid month 13 before querying","status":"passed","title":"rejects invalid month 13 before querying","duration":0.04037500000004002,"failureMessages":[],"meta":{},"tags":[]},{"ancestorTitles":["F06 Edge shared complete billing sources"],"fullName":"F06 Edge shared complete billing sources rejects invalid month 5.5 before querying","status":"passed","title":"rejects invalid month 5.5 before querying","duration":0.036125000000083674,"failureMessages":[],"meta":{},"tags":[]},{"ancestorTitles":["F06 Edge shared complete billing sources"],"fullName":"F06 Edge shared complete billing sources rejects invalid month NaN before querying","status":"passed","title":"rejects invalid month NaN before querying","duration":0.10125000000016371,"failureMessages":[],"meta":{},"tags":[]},{"ancestorTitles":["F06 Edge shared complete billing sources"],"fullName":"F06 Edge shared complete billing sources rejects invalid month Infinity before querying","status":"passed","title":"rejects invalid month Infinity before querying","duration":2.8311249999997017,"failureMessages":[],"meta":{},"tags":[]},{"ancestorTitles":["F06 Edge shared complete billing sources"],"fullName":"F06 Edge shared complete billing sources rejects invalid year 0 before querying","status":"passed","title":"rejects invalid year 0 before querying","duration":8.023915999999645,"failureMessages":[],"meta":{},"tags":[]},{"ancestorTitles":["F06 Edge shared complete billing sources"],"fullName":"F06 Edge shared complete billing sources rejects invalid year 2026.5 before querying","status":"passed","title":"rejects invalid year 2026.5 before querying","duration":3.567457999999988,"failureMessages":[],"meta":{},"tags":[]},{"ancestorTitles":["F06 Edge shared complete billing sources"],"fullName":"F06 Edge shared complete billing sources rejects invalid year NaN before querying","status":"passed","title":"rejects invalid year NaN before querying","duration":22.023541999999907,"failureMessages":[],"meta":{},"tags":[]},{"ancestorTitles":["F06 Edge shared complete billing sources"],"fullName":"F06 Edge shared complete billing sources rejects invalid year Infinity before querying","status":"passed","title":"rejects invalid year Infinity before querying","duration":0.13100000000031287,"failureMessages":[],"meta":{},"tags":[]},{"ancestorTitles":["F06 Edge shared complete billing sources"],"fullName":"F06 Edge shared complete billing sources rejects incomplete organization facility response {\"count\":2501}","status":"passed","title":"rejects incomplete organization facility response {\"count\":2501}","duration":14.61962500000027,"failureMessages":[],"meta":{},"tags":[]},{"ancestorTitles":["F06 Edge shared complete billing sources"],"fullName":"F06 Edge shared complete billing sources rejects incomplete organization facility response {\"count\":null}","status":"passed","title":"rejects incomplete organization facility response {\"count\":null}","duration":0.18183300000009694,"failureMessages":[],"meta":{},"tags":[]},{"ancestorTitles":["F06 Edge shared complete billing sources"],"fullName":"F06 Edge shared complete billing sources rejects incomplete organization facility response {}","status":"passed","title":"rejects incomplete organization facility response {}","duration":0.07833400000026813,"failureMessages":[],"meta":{},"tags":[]},{"ancestorTitles":["F06 Edge shared complete billing sources"],"fullName":"F06 Edge shared complete billing sources rejects incomplete organization facility response {\"data\":null,\"count\":0}","status":"passed","title":"rejects incomplete organization facility response {\"data\":null,\"count\":0}","duration":10.653708000000279,"failureMessages":[],"meta":{},"tags":[]},{"ancestorTitles":["F06 Edge shared complete billing sources"],"fullName":"F06 Edge shared complete billing sources recognizes an exactly counted empty facility list","status":"passed","title":"recognizes an exactly counted empty facility list","duration":0.1832910000002812,"failureMessages":[],"meta":{},"tags":[]},{"ancestorTitles":["F06 actual registered Edge billing handler"],"fullName":"F06 actual registered Edge billing handler executes organization success and returns max_facilities without ReferenceError","status":"passed","title":"executes organization success and returns max_facilities without ReferenceError","duration":522.6347090000004,"failureMessages":[],"meta":{},"tags":[]},{"ancestorTitles":["F06 actual registered Edge billing handler"],"fullName":"F06 actual registered Edge billing handler reports known progress and unresolved mutation in facility mode","status":"passed","title":"reports known progress and unresolved mutation in facility mode","duration":178.9572079999998,"failureMessages":[],"meta":{},"tags":[]},{"ancestorTitles":["F06 actual registered Edge billing handler"],"fullName":"F06 actual registered Edge billing handler reports known progress and unresolved mutation in organization mode","status":"passed","title":"reports known progress and unresolved mutation in organization mode","duration":361.5784170000006,"failureMessages":[],"meta":{},"tags":[]},{"ancestorTitles":["F06 actual registered Edge billing handler"],"fullName":"F06 actual registered Edge billing handler reports mixed-facility known progress when the second facility is blocked","status":"passed","title":"reports mixed-facility known progress when the second facility is blocked","duration":240.4444170000006,"failureMessages":[],"meta":{},"tags":[]},{"ancestorTitles":["F06 actual registered Edge billing handler"],"fullName":"F06 actual registered Edge billing handler reports mixed-facility known progress when the second facility is unknown","status":"passed","title":"reports mixed-facility known progress when the second facility is unknown","duration":303.6292090000006,"failureMessages":[],"meta":{},"tags":[]},{"ancestorTitles":["F06 actual registered Edge billing handler"],"fullName":"F06 actual registered Edge billing handler keeps a timed-out RPC separate from a known duplicate","status":"passed","title":"keeps a timed-out RPC separate from a known duplicate","duration":311.2336660000001,"failureMessages":[],"meta":{},"tags":[]},{"ancestorTitles":["F06 actual registered Edge billing handler"],"fullName":"F06 actual registered Edge billing handler reports an intentional organization cap as incomplete without changing its processing limit","status":"passed","title":"reports an intentional organization cap as incomplete without changing its processing limit","duration":363.62512499999957,"failureMessages":[],"meta":{},"tags":[]},{"ancestorTitles":["F06 actual registered Edge billing handler"],"fullName":"F06 actual registered Edge billing handler reports preserved business-warning billing as partial in facility mode","status":"passed","title":"reports preserved business-warning billing as partial in facility mode","duration":94.57929200000035,"failureMessages":[],"meta":{},"tags":[]},{"ancestorTitles":["F06 actual registered Edge billing handler"],"fullName":"F06 actual registered Edge billing handler reports preserved business-warning billing as partial in organization mode","status":"passed","title":"reports preserved business-warning billing as partial in organization mode","duration":312.294167,"failureMessages":[],"meta":{},"tags":[]},{"ancestorTitles":["F06 actual registered Edge billing handler"],"fullName":"F06 actual registered Edge billing handler keeps unresolved identity in authorized output while sanitizing actual handler telemetry","status":"passed","title":"keeps unresolved identity in authorized output while sanitizing actual handler telemetry","duration":271.2762499999999,"failureMessages":[],"meta":{},"tags":[]},{"ancestorTitles":["F06 actual registered Edge billing handler"],"fullName":"F06 actual registered Edge billing handler does not persist an incomplete residents facility preview","status":"passed","title":"does not persist an incomplete residents facility preview","duration":205.30025000000023,"failureMessages":[],"meta":{},"tags":[]},{"ancestorTitles":["F06 actual registered Edge billing handler"],"fullName":"F06 actual registered Edge billing handler does not persist an incomplete resident_payers facility preview","status":"passed","title":"does not persist an incomplete resident_payers facility preview","duration":301.8225419999999,"failureMessages":[],"meta":{},"tags":[]},{"ancestorTitles":["F06 actual registered Edge billing handler"],"fullName":"F06 actual registered Edge billing handler does not persist an incomplete facility_medicaid_providers facility preview","status":"passed","title":"does not persist an incomplete facility_medicaid_providers facility preview","duration":205.8976249999996,"failureMessages":[],"meta":{},"tags":[]},{"ancestorTitles":["F06 actual registered Edge billing handler"],"fullName":"F06 actual registered Edge billing handler does not persist an incomplete resident_rate_agreements facility preview","status":"passed","title":"does not persist an incomplete resident_rate_agreements facility preview","duration":254.11350000000039,"failureMessages":[],"meta":{},"tags":[]},{"ancestorTitles":["F06 actual registered Edge billing handler"],"fullName":"F06 actual registered Edge billing handler does not persist an incomplete invoices facility preview","status":"passed","title":"does not persist an incomplete invoices facility preview","duration":208.87329200000022,"failureMessages":[],"meta":{},"tags":[]},{"ancestorTitles":["F06 actual registered Edge billing handler"],"fullName":"F06 actual registered Edge billing handler blocks organization work before persistence when facility listing is truncated","status":"passed","title":"blocks organization work before persistence when facility listing is truncated","duration":122.04999999999927,"failureMessages":[],"meta":{},"tags":[]},{"ancestorTitles":["F06 actual registered Edge billing handler"],"fullName":"F06 actual registered Edge billing handler reports blocked-only organization work as unsuccessful","status":"passed","title":"reports blocked-only organization work as unsuccessful","duration":196.04758299999958,"failureMessages":[],"meta":{},"tags":[]},{"ancestorTitles":["F06 actual registered Edge billing handler"],"fullName":"F06 actual registered Edge billing handler rejects invalid request period/body {\"billing_year\":2026.5,\"billing_month\":5}","status":"passed","title":"rejects invalid request period/body {\"billing_year\":2026.5,\"billing_month\":5}","duration":47.56458399999974,"failureMessages":[],"meta":{},"tags":[]},{"ancestorTitles":["F06 actual registered Edge billing handler"],"fullName":"F06 actual registered Edge billing handler rejects invalid request period/body {\"billing_year\":2026,\"billing_month\":5.5}","status":"passed","title":"rejects invalid request period/body {\"billing_year\":2026,\"billing_month\":5.5}","duration":148.93712500000038,"failureMessages":[],"meta":{},"tags":[]},{"ancestorTitles":["F06 actual registered Edge billing handler"],"fullName":"F06 actual registered Edge billing handler rejects invalid request period/body {\"billing_year\":\"2026\",\"billing_month\":\"5\"}","status":"passed","title":"rejects invalid request period/body {\"billing_year\":\"2026\",\"billing_month\":\"5\"}","duration":71.12241599999834,"failureMessages":[],"meta":{},"tags":[]},{"ancestorTitles":["F06 actual registered Edge billing handler"],"fullName":"F06 actual registered Edge billing handler rejects invalid request period/body {\"billing_year\":null,\"billing_month\":null}","status":"passed","title":"rejects invalid request period/body {\"billing_year\":null,\"billing_month\":null}","duration":41.42033300000003,"failureMessages":[],"meta":{},"tags":[]},{"ancestorTitles":["F06 actual registered Edge billing handler"],"fullName":"F06 actual registered Edge billing handler rejects invalid request period/body null","status":"passed","title":"rejects invalid request period/body null","duration":205.71754099999998,"failureMessages":[],"meta":{},"tags":[]}],"startTime":1788937059441,"endTime":1788937064678.7175,"status":"passed","message":"","name":"/Users/brianlewis/Circle of Life/Haven Finance Integration/src/lib/billing/generate-monthly-source-guards.test.ts"},{"assertionResults":[{"ancestorTitles":["HFA-027 HFA-036 structural privacy and exact amounts"],"fullName":"HFA-027 HFA-036 structural privacy and exact amounts accepts balanced non-identifying structural fixture beyond 32-bit cents","status":"passed","title":"accepts balanced non-identifying structural fixture beyond 32-bit cents","duration":1.8256670000000668,"failureMessages":[],"meta":{},"tags":[]},{"ancestorTitles":["HFA-027 HFA-036 structural privacy and exact amounts"],"fullName":"HFA-027 HFA-036 structural privacy and exact amounts retains precision beyond JSON safe integer and rejects storage overflow","status":"passed","title":"retains precision beyond JSON safe integer and rejects storage overflow","duration":0.6646670000000086,"failureMessages":[],"meta":{},"tags":[]},{"ancestorTitles":["HFA-027 HFA-036 structural privacy and exact amounts"],"fullName":"HFA-027 HFA-036 structural privacy and exact amounts rejects arbitrary residentId at top level and nested levels","status":"passed","title":"rejects arbitrary residentId at top level and nested levels","duration":0.49099999999998545,"failureMessages":[],"meta":{},"tags":[]},{"ancestorTitles":["HFA-027 HFA-036 structural privacy and exact amounts"],"fullName":"HFA-027 HFA-036 structural privacy and exact amounts rejects arbitrary memo at top level and nested levels","status":"passed","title":"rejects arbitrary memo at top level and nested levels","duration":0.18183300000009694,"failureMessages":[],"meta":{},"tags":[]},{"ancestorTitles":["HFA-027 HFA-036 structural privacy and exact amounts"],"fullName":"HFA-027 HFA-036 structural privacy and exact amounts rejects arbitrary description at top level and nested levels","status":"passed","title":"rejects arbitrary description at top level and nested levels","duration":0.15174999999999272,"failureMessages":[],"meta":{},"tags":[]},{"ancestorTitles":["HFA-027 HFA-036 structural privacy and exact amounts"],"fullName":"HFA-027 HFA-036 structural privacy and exact amounts rejects arbitrary filename at top level and nested levels","status":"passed","title":"rejects arbitrary filename at top level and nested levels","duration":0.1757910000001175,"failureMessages":[],"meta":{},"tags":[]},{"ancestorTitles":["HFA-027 HFA-036 structural privacy and exact amounts"],"fullName":"HFA-027 HFA-036 structural privacy and exact amounts rejects arbitrary attachments at top level and nested levels","status":"passed","title":"rejects arbitrary attachments at top level and nested levels","duration":0.19079099999999016,"failureMessages":[],"meta":{},"tags":[]},{"ancestorTitles":["HFA-027 HFA-036 structural privacy and exact amounts"],"fullName":"HFA-027 HFA-036 structural privacy and exact amounts rejects arbitrary source at top level and nested levels","status":"passed","title":"rejects arbitrary source at top level and nested levels","duration":0.13099999999985812,"failureMessages":[],"meta":{},"tags":[]},{"ancestorTitles":["HFA-027 HFA-036 structural privacy and exact amounts"],"fullName":"HFA-027 HFA-036 structural privacy and exact amounts rejects arbitrary error at top level and nested levels","status":"passed","title":"rejects arbitrary error at top level and nested levels","duration":0.2616250000000946,"failureMessages":[],"meta":{},"tags":[]},{"ancestorTitles":["HFA-027 HFA-036 structural privacy and exact amounts"],"fullName":"HFA-027 HFA-036 structural privacy and exact amounts rejects invalid dates, amounts, identifiers, currency and unbalanced journals","status":"passed","title":"rejects invalid dates, amounts, identifiers, currency and unbalanced journals","duration":0.26320799999984956,"failureMessages":[],"meta":{},"tags":[]}],"startTime":1788937058769,"endTime":1788937058773.2632,"status":"passed","message":"","name":"/Users/brianlewis/Circle of Life/Haven Finance Integration/src/lib/finance-integration/payload.test.ts"},{"assertionResults":[{"ancestorTitles":["accounting review read boundary"],"fullName":"accounting review read boundary HFA-054: displays both summer and winter timestamps in Eastern time","status":"passed","title":"HFA-054: displays both summer and winter timestamps in Eastern time","duration":1.2318749999999454,"failureMessages":[],"meta":{},"tags":[]},{"ancestorTitles":["accounting review read boundary"],"fullName":"accounting review read boundary HFA-036: accepts PostgreSQL seed UUIDs and retains exact cents beyond JSON safe integers","status":"passed","title":"HFA-036: accepts PostgreSQL seed UUIDs and retains exact cents beyond JSON safe integers","duration":27.423208999999588,"failureMessages":[],"meta":{},"tags":[]},{"ancestorTitles":["accounting review read boundary"],"fullName":"accounting review read boundary HFA-065: rejects mismatched organization_id","status":"passed","title":"HFA-065: rejects mismatched organization_id","duration":0.624416999999994,"failureMessages":[],"meta":{},"tags":[]},{"ancestorTitles":["accounting review read boundary"],"fullName":"accounting review read boundary HFA-065: rejects mismatched entity_id","status":"passed","title":"HFA-065: rejects mismatched entity_id","duration":0.2565420000000813,"failureMessages":[],"meta":{},"tags":[]},{"ancestorTitles":["accounting review read boundary"],"fullName":"accounting review read boundary HFA-065: rejects mismatched facility_id","status":"passed","title":"HFA-065: rejects mismatched facility_id","duration":25.07262499999979,"failureMessages":[],"meta":{},"tags":[]},{"ancestorTitles":["accounting review read boundary"],"fullName":"accounting review read boundary HFA-054: requires literal false for business_release_eligible","status":"passed","title":"HFA-054: requires literal false for business_release_eligible","duration":1.2774160000003576,"failureMessages":[],"meta":{},"tags":[]},{"ancestorTitles":["accounting review read boundary"],"fullName":"accounting review read boundary HFA-054: requires literal false for dispatch_enabled","status":"passed","title":"HFA-054: requires literal false for dispatch_enabled","duration":11.045249999999669,"failureMessages":[],"meta":{},"tags":[]},{"ancestorTitles":["accounting review read boundary"],"fullName":"accounting review read boundary HFA-036: rejects numeric, noncanonical and overflowing amounts","status":"passed","title":"HFA-036: rejects numeric, noncanonical and overflowing amounts","duration":1.127875000000131,"failureMessages":[],"meta":{},"tags":[]},{"ancestorTitles":["accounting review read boundary"],"fullName":"accounting review read boundary HFA-052: rejects incomplete, wrong-last-row and inconsistent cursors/counts","status":"passed","title":"HFA-052: rejects incomplete, wrong-last-row and inconsistent cursors/counts","duration":7.030500000000302,"failureMessages":[],"meta":{},"tags":[]},{"ancestorTitles":["accounting review read boundary"],"fullName":"accounting review read boundary HFA-052: honors microsecond ordering rather than rounding timestamps","status":"passed","title":"HFA-052: honors microsecond ordering rather than rounding timestamps","duration":0.22779200000013589,"failureMessages":[],"meta":{},"tags":[]},{"ancestorTitles":["accounting review read boundary"],"fullName":"accounting review read boundary HFA-052 HFA-065: rejects rows before the requested cursor and facility leakage","status":"passed","title":"HFA-052 HFA-065: rejects rows before the requested cursor and facility leakage","duration":0.32349999999996726,"failureMessages":[],"meta":{},"tags":[]},{"ancestorTitles":["accounting review read boundary"],"fullName":"accounting review read boundary HFA-065: retains claims with inaccessible broader batch details","status":"passed","title":"HFA-065: retains claims with inaccessible broader batch details","duration":0.21370799999976953,"failureMessages":[],"meta":{},"tags":[]},{"ancestorTitles":["accounting review read boundary"],"fullName":"accounting review read boundary HFA-065 HFA-054: strips historical session identifiers from parsed detail and checks detail scope","status":"passed","title":"HFA-065 HFA-054: strips historical session identifiers from parsed detail and checks detail scope","duration":12.992957999999817,"failureMessages":[],"meta":{},"tags":[]},{"ancestorTitles":["accounting review read boundary"],"fullName":"accounting review read boundary HFA-036: rejects nested payload free fields and non-string member money","status":"passed","title":"HFA-036: rejects nested payload free fields and non-string member money","duration":0.5920830000000024,"failureMessages":[],"meta":{},"tags":[]},{"ancestorTitles":["accounting review read boundary"],"fullName":"accounting review read boundary HFA-052 HFA-054: rejects excess timestamp precision and active invalidated detail","status":"passed","title":"HFA-052 HFA-054: rejects excess timestamp precision and active invalidated detail","duration":0.40675000000010186,"failureMessages":[],"meta":{},"tags":[]},{"ancestorTitles":["accounting review read boundary"],"fullName":"accounting review read boundary HFA-054: does not accept an active batch row with a current invalidation reason","status":"passed","title":"HFA-054: does not accept an active batch row with a current invalidation reason","duration":0.6378749999998945,"failureMessages":[],"meta":{},"tags":[]},{"ancestorTitles":["accounting review read boundary"],"fullName":"accounting review read boundary HFA-052: passes complete cursor and abort signal to the read-only RPC","status":"passed","title":"HFA-052: passes complete cursor and abort signal to the read-only RPC","duration":1.0603329999999005,"failureMessages":[],"meta":{},"tags":[]},{"ancestorTitles":["authorized selector keysets"],"fullName":"authorized selector keysets HFA-052: reads through a server cap lower than requested and stops only on empty pages","status":"passed","title":"HFA-052: reads through a server cap lower than requested and stops only on empty pages","duration":0.7985000000003311,"failureMessages":[],"meta":{},"tags":[]},{"ancestorTitles":["authorized selector keysets"],"fullName":"authorized selector keysets HFA-052 HFA-065: rejects duplicates, nonadvancing IDs and wrong-organization choices","status":"passed","title":"HFA-052 HFA-065: rejects duplicates, nonadvancing IDs and wrong-organization choices","duration":0.7720839999997224,"failureMessages":[],"meta":{},"tags":[]},{"ancestorTitles":["authorized selector keysets"],"fullName":"authorized selector keysets HFA-065: rejects a facility whose entity is absent from authorized entity choices","status":"passed","title":"HFA-065: rejects a facility whose entity is absent from authorized entity choices","duration":0.17658399999982066,"failureMessages":[],"meta":{},"tags":[]}],"startTime":1788937058876,"endTime":1788937058987.1765,"status":"passed","message":"","name":"/Users/brianlewis/Circle of Life/Haven Finance Integration/src/lib/finance-integration/review-queue.test.ts"},{"assertionResults":[{"ancestorTitles":["HFA-014 HFA-016 resident funds remain separate from receivables"],"fullName":"HFA-014 HFA-016 resident funds remain separate from receivables does not offset open AR with trust money","status":"passed","title":"does not offset open AR with trust money","duration":0.8739580000001297,"failureMessages":[],"meta":{},"tags":[]}],"startTime":1788937058589,"endTime":1788937058589.874,"status":"passed","message":"","name":"/Users/brianlewis/Circle of Life/Haven Finance Integration/src/lib/finance/forecast.test.ts"},{"assertionResults":[{"ancestorTitles":["HFA-036 exact dollar input"],"fullName":"HFA-036 exact dollar input parses 12.34 as exact cents","status":"passed","title":"parses 12.34 as exact cents","duration":1.136583999999857,"failureMessages":[],"meta":{},"tags":[]},{"ancestorTitles":["HFA-036 exact dollar input"],"fullName":"HFA-036 exact dollar input parses 1234 as exact cents","status":"passed","title":"parses 1234 as exact cents","duration":0.19458399999984977,"failureMessages":[],"meta":{},"tags":[]},{"ancestorTitles":["HFA-036 exact dollar input"],"fullName":"HFA-036 exact dollar input parses  $1,234.56  as exact cents","status":"passed","title":"parses  $1,234.56  as exact cents","duration":0.06091699999979028,"failureMessages":[],"meta":{},"tags":[]},{"ancestorTitles":["HFA-036 exact dollar input"],"fullName":"HFA-036 exact dollar input parses .29 as exact cents","status":"passed","title":"parses .29 as exact cents","duration":0.08762500000011642,"failureMessages":[],"meta":{},"tags":[]},{"ancestorTitles":["HFA-036 exact dollar input"],"fullName":"HFA-036 exact dollar input parses 0.01 as exact cents","status":"passed","title":"parses 0.01 as exact cents","duration":0.0939579999999296,"failureMessages":[],"meta":{},"tags":[]},{"ancestorTitles":["HFA-036 exact dollar input"],"fullName":"HFA-036 exact dollar input parses 12. as exact cents","status":"passed","title":"parses 12. as exact cents","duration":0.049583999999867956,"failureMessages":[],"meta":{},"tags":[]},{"ancestorTitles":["HFA-036 exact dollar input"],"fullName":"HFA-036 exact dollar input parses 12.3 as exact cents","status":"passed","title":"parses 12.3 as exact cents","duration":0.33808300000009694,"failureMessages":[],"meta":{},"tags":[]},{"ancestorTitles":["HFA-036 exact dollar input"],"fullName":"HFA-036 exact dollar input parses -$1,234.56 as exact cents","status":"passed","title":"parses -$1,234.56 as exact cents","duration":0.06341699999984485,"failureMessages":[],"meta":{},"tags":[]},{"ancestorTitles":["HFA-036 exact dollar input"],"fullName":"HFA-036 exact dollar input parses +12.34 as exact cents","status":"passed","title":"parses +12.34 as exact cents","duration":0.3265000000001237,"failureMessages":[],"meta":{},"tags":[]},{"ancestorTitles":["HFA-036 exact dollar input"],"fullName":"HFA-036 exact dollar input parses 0 as exact cents","status":"passed","title":"parses 0 as exact cents","duration":0.07704199999989214,"failureMessages":[],"meta":{},"tags":[]},{"ancestorTitles":["HFA-036 exact dollar input"],"fullName":"HFA-036 exact dollar input parses 90071992547409.91 as exact cents","status":"passed","title":"parses 90071992547409.91 as exact cents","duration":0.0466670000000704,"failureMessages":[],"meta":{},"tags":[]},{"ancestorTitles":["HFA-036 exact dollar input"],"fullName":"HFA-036 exact dollar input parses -90071992547409.91 as exact cents","status":"passed","title":"parses -90071992547409.91 as exact cents","duration":0.030333999999584194,"failureMessages":[],"meta":{},"tags":[]},{"ancestorTitles":["HFA-036 exact dollar input"],"fullName":"HFA-036 exact dollar input rejects 1.005 without rounding or reinterpretation","status":"passed","title":"rejects 1.005 without rounding or reinterpretation","duration":0.04295799999999872,"failureMessages":[],"meta":{},"tags":[]},{"ancestorTitles":["HFA-036 exact dollar input"],"fullName":"HFA-036 exact dollar input rejects 0.009 without rounding or reinterpretation","status":"passed","title":"rejects 0.009 without rounding or reinterpretation","duration":0.023166999999830296,"failureMessages":[],"meta":{},"tags":[]},{"ancestorTitles":["HFA-036 exact dollar input"],"fullName":"HFA-036 exact dollar input rejects 1.999 without rounding or reinterpretation","status":"passed","title":"rejects 1.999 without rounding or reinterpretation","duration":0.020375000000058208,"failureMessages":[],"meta":{},"tags":[]},{"ancestorTitles":["HFA-036 exact dollar input"],"fullName":"HFA-036 exact dollar input rejects 1e3 without rounding or reinterpretation","status":"passed","title":"rejects 1e3 without rounding or reinterpretation","duration":0.021541999999953987,"failureMessages":[],"meta":{},"tags":[]},{"ancestorTitles":["HFA-036 exact dollar input"],"fullName":"HFA-036 exact dollar input rejects 0x10 without rounding or reinterpretation","status":"passed","title":"rejects 0x10 without rounding or reinterpretation","duration":0.020250000000032742,"failureMessages":[],"meta":{},"tags":[]},{"ancestorTitles":["HFA-036 exact dollar input"],"fullName":"HFA-036 exact dollar input rejects 1,2,3 without rounding or reinterpretation","status":"passed","title":"rejects 1,2,3 without rounding or reinterpretation","duration":0.02033400000027541,"failureMessages":[],"meta":{},"tags":[]},{"ancestorTitles":["HFA-036 exact dollar input"],"fullName":"HFA-036 exact dollar input rejects 12,34.56 without rounding or reinterpretation","status":"passed","title":"rejects 12,34.56 without rounding or reinterpretation","duration":0.019958999999744265,"failureMessages":[],"meta":{},"tags":[]},{"ancestorTitles":["HFA-036 exact dollar input"],"fullName":"HFA-036 exact dollar input rejects 1$2 without rounding or reinterpretation","status":"passed","title":"rejects 1$2 without rounding or reinterpretation","duration":0.02162499999985812,"failureMessages":[],"meta":{},"tags":[]},{"ancestorTitles":["HFA-036 exact dollar input"],"fullName":"HFA-036 exact dollar input rejects 90071992547409.92 without rounding or reinterpretation","status":"passed","title":"rejects 90071992547409.92 without rounding or reinterpretation","duration":0.020250000000032742,"failureMessages":[],"meta":{},"tags":[]},{"ancestorTitles":["HFA-036 exact dollar input"],"fullName":"HFA-036 exact dollar input rejects -90071992547409.92 without rounding or reinterpretation","status":"passed","title":"rejects -90071992547409.92 without rounding or reinterpretation","duration":0.02295800000001691,"failureMessages":[],"meta":{},"tags":[]},{"ancestorTitles":["HFA-036 exact dollar input"],"fullName":"HFA-036 exact dollar input rejects  without rounding or reinterpretation","status":"passed","title":"rejects  without rounding or reinterpretation","duration":0.019416000000092026,"failureMessages":[],"meta":{},"tags":[]},{"ancestorTitles":["HFA-036 exact dollar input"],"fullName":"HFA-036 exact dollar input rejects $ without rounding or reinterpretation","status":"passed","title":"rejects $ without rounding or reinterpretation","duration":0.01929100000006656,"failureMessages":[],"meta":{},"tags":[]},{"ancestorTitles":["HFA-036 exact dollar input"],"fullName":"HFA-036 exact dollar input rejects . without rounding or reinterpretation","status":"passed","title":"rejects . without rounding or reinterpretation","duration":0.018209000000297237,"failureMessages":[],"meta":{},"tags":[]},{"ancestorTitles":["HFA-036 exact dollar input"],"fullName":"HFA-036 exact dollar input rejects NaN without rounding or reinterpretation","status":"passed","title":"rejects NaN without rounding or reinterpretation","duration":0.019375000000309228,"failureMessages":[],"meta":{},"tags":[]},{"ancestorTitles":["HFA-036 exact dollar input"],"fullName":"HFA-036 exact dollar input rejects Infinity without rounding or reinterpretation","status":"passed","title":"rejects Infinity without rounding or reinterpretation","duration":0.017792000000099506,"failureMessages":[],"meta":{},"tags":[]}],"startTime":1788937058231,"endTime":1788937058234.0771,"status":"passed","message":"","name":"/Users/brianlewis/Circle of Life/Haven Finance Integration/src/lib/finance/format-cents.test.ts"},{"assertionResults":[{"ancestorTitles":["HFA-036 journal input integrity"],"fullName":"HFA-036 journal input integrity keeps exact line amounts and ignores only wholly empty rows","status":"passed","title":"keeps exact line amounts and ignores only wholly empty rows","duration":1.856249999999818,"failureMessages":[],"meta":{},"tags":[]},{"ancestorTitles":["HFA-036 journal input integrity"],"fullName":"HFA-036 journal input integrity rejects an invalid entered line even alongside a balanced journal: {\"gl_account_id\":\"cash\",\"debit\":\"1.005\",\"credit\":\"\"}","status":"passed","title":"rejects an invalid entered line even alongside a balanced journal: {\"gl_account_id\":\"cash\",\"debit\":\"1.005\",\"credit\":\"\"}","duration":0.21941700000024866,"failureMessages":[],"meta":{},"tags":[]},{"ancestorTitles":["HFA-036 journal input integrity"],"fullName":"HFA-036 journal input integrity rejects an invalid entered line even alongside a balanced journal: {\"gl_account_id\":\"cash\",\"debit\":\"1e3\",\"credit\":\"\"}","status":"passed","title":"rejects an invalid entered line even alongside a balanced journal: {\"gl_account_id\":\"cash\",\"debit\":\"1e3\",\"credit\":\"\"}","duration":0.10579099999995378,"failureMessages":[],"meta":{},"tags":[]},{"ancestorTitles":["HFA-036 journal input integrity"],"fullName":"HFA-036 journal input integrity rejects an invalid entered line even alongside a balanced journal: {\"gl_account_id\":\"cash\",\"debit\":\"bad\",\"credit\":\"\"}","status":"passed","title":"rejects an invalid entered line even alongside a balanced journal: {\"gl_account_id\":\"cash\",\"debit\":\"bad\",\"credit\":\"\"}","duration":0.11004200000024866,"failureMessages":[],"meta":{},"tags":[]},{"ancestorTitles":["HFA-036 journal input integrity"],"fullName":"HFA-036 journal input integrity rejects an invalid entered line even alongside a balanced journal: {\"gl_account_id\":\"cash\",\"debit\":\"-1\",\"credit\":\"\"}","status":"passed","title":"rejects an invalid entered line even alongside a balanced journal: {\"gl_account_id\":\"cash\",\"debit\":\"-1\",\"credit\":\"\"}","duration":0.13991699999996854,"failureMessages":[],"meta":{},"tags":[]},{"ancestorTitles":["HFA-036 journal input integrity"],"fullName":"HFA-036 journal input integrity rejects an invalid entered line even alongside a balanced journal: {\"gl_account_id\":\"cash\",\"debit\":\"1\",\"credit\":\"1\"}","status":"passed","title":"rejects an invalid entered line even alongside a balanced journal: {\"gl_account_id\":\"cash\",\"debit\":\"1\",\"credit\":\"1\"}","duration":0.05691600000000108,"failureMessages":[],"meta":{},"tags":[]},{"ancestorTitles":["HFA-036 journal input integrity"],"fullName":"HFA-036 journal input integrity rejects an invalid entered line even alongside a balanced journal: {\"gl_account_id\":\"\",\"debit\":\"1\",\"credit\":\"\"}","status":"passed","title":"rejects an invalid entered line even alongside a balanced journal: {\"gl_account_id\":\"\",\"debit\":\"1\",\"credit\":\"\"}","duration":0.04070799999999508,"failureMessages":[],"meta":{},"tags":[]},{"ancestorTitles":["HFA-036 journal input integrity"],"fullName":"HFA-036 journal input integrity rejects an invalid entered line even alongside a balanced journal: {\"gl_account_id\":\"cash\",\"debit\":\"\",\"credit\":\"\"}","status":"passed","title":"rejects an invalid entered line even alongside a balanced journal: {\"gl_account_id\":\"cash\",\"debit\":\"\",\"credit\":\"\"}","duration":0.037792000000081316,"failureMessages":[],"meta":{},"tags":[]},{"ancestorTitles":["HFA-036 journal input integrity"],"fullName":"HFA-036 journal input integrity preserves unbalanced drafts for further editing","status":"passed","title":"preserves unbalanced drafts for further editing","duration":0.3075000000003456,"failureMessages":[],"meta":{},"tags":[]},{"ancestorTitles":["HFA-036 journal input integrity"],"fullName":"HFA-036 journal input integrity rejects an individual line beyond its database integer bound","status":"passed","title":"rejects an individual line beyond its database integer bound","duration":0.34287499999982174,"failureMessages":[],"meta":{},"tags":[]},{"ancestorTitles":["HFA-036 journal input integrity"],"fullName":"HFA-036 journal input integrity supports aggregate totals beyond 32-bit cents using storable lines","status":"passed","title":"supports aggregate totals beyond 32-bit cents using storable lines","duration":0.10333300000002055,"failureMessages":[],"meta":{},"tags":[]}],"startTime":1788937058314,"endTime":1788937058317.3428,"status":"passed","message":"","name":"/Users/brianlewis/Circle of Life/Haven Finance Integration/src/lib/finance/journal-form-lines.test.ts"},{"assertionResults":[{"ancestorTitles":["HFA-009 HFA-011 atomic source posting"],"fullName":"HFA-009 HFA-011 atomic source posting posts invoice through one command","status":"passed","title":"posts invoice through one command","duration":2.9396670000000995,"failureMessages":[],"meta":{},"tags":[]},{"ancestorTitles":["HFA-009 HFA-011 atomic source posting"],"fullName":"HFA-009 HFA-011 atomic source posting posts payment through one command","status":"passed","title":"posts payment through one command","duration":0.3334580000000642,"failureMessages":[],"meta":{},"tags":[]},{"ancestorTitles":["HFA-009 HFA-011 atomic source posting"],"fullName":"HFA-009 HFA-011 atomic source posting preserves a failed posting result instead of treating a draft as posted","status":"passed","title":"preserves a failed posting result instead of treating a draft as posted","duration":0.16133300000001327,"failureMessages":[],"meta":{},"tags":[]},{"ancestorTitles":["HFA-009 HFA-011 atomic source posting"],"fullName":"HFA-009 HFA-011 atomic source posting requires a committed journal receipt (null)","status":"passed","title":"requires a committed journal receipt (null)","duration":0.11045800000010786,"failureMessages":[],"meta":{},"tags":[]},{"ancestorTitles":["HFA-009 HFA-011 atomic source posting"],"fullName":"HFA-009 HFA-011 atomic source posting requires a committed journal receipt ({})","status":"passed","title":"requires a committed journal receipt ({})","duration":0.09979199999997945,"failureMessages":[],"meta":{},"tags":[]},{"ancestorTitles":["HFA-009 HFA-011 atomic source posting"],"fullName":"HFA-009 HFA-011 atomic source posting requires a committed journal receipt (undefined)","status":"passed","title":"requires a committed journal receipt (undefined)","duration":0.05966599999965183,"failureMessages":[],"meta":{},"tags":[]},{"ancestorTitles":["HFA-009 HFA-011 atomic source posting"],"fullName":"HFA-009 HFA-011 atomic source posting requires a committed journal receipt ({\"journal_entry_id\":5})","status":"passed","title":"requires a committed journal receipt ({\"journal_entry_id\":5})","duration":0.08279100000027029,"failureMessages":[],"meta":{},"tags":[]}],"startTime":1788937058374,"endTime":1788937058378.0999,"status":"passed","message":"","name":"/Users/brianlewis/Circle of Life/Haven Finance Integration/src/lib/finance/post-to-gl.test.ts"},{"assertionResults":[{"ancestorTitles":["HFA-014 mapped resident-money response contract"],"fullName":"HFA-014 mapped resident-money response contract accepts existing PostgreSQL portfolio UUIDs without inventing a canonical zero","status":"passed","title":"accepts existing PostgreSQL portfolio UUIDs without inventing a canonical zero","duration":38.798833000000286,"failureMessages":[],"meta":{},"tags":[]},{"ancestorTitles":["HFA-014 mapped resident-money response contract"],"fullName":"HFA-014 mapped resident-money response contract rejects malformed scope identities","status":"passed","title":"rejects malformed scope identities","duration":23.01516700000002,"failureMessages":[],"meta":{},"tags":[]}],"startTime":1788937058876,"endTime":1788937058938.0151,"status":"passed","message":"","name":"/Users/brianlewis/Circle of Life/Haven Finance Integration/src/lib/finance/resident-money.test.ts"},{"assertionResults":[{"ancestorTitles":["HFA-014 HFA-065 Cash ledger response scope"],"fullName":"HFA-014 HFA-065 Cash ledger response scope hides the previous facility ledger immediately while the new facility loads","status":"passed","title":"hides the previous facility ledger immediately while the new facility loads","duration":506.3567500000004,"failureMessages":[],"meta":{},"tags":[]},{"ancestorTitles":["HFA-014 HFA-065 Cash ledger response scope"],"fullName":"HFA-014 HFA-065 Cash ledger response scope does not replace the current facility with a late response from the prior facility","status":"passed","title":"does not replace the current facility with a late response from the prior facility","duration":143.6421250000003,"failureMessages":[],"meta":{},"tags":[]},{"ancestorTitles":["HFA-014 HFA-065 Cash ledger response scope"],"fullName":"HFA-014 HFA-065 Cash ledger response scope does not show another resident's late transaction response under the selected resident","status":"passed","title":"does not show another resident's late transaction response under the selected resident","duration":253.29283299999952,"failureMessages":[],"meta":{},"tags":[]},{"ancestorTitles":["HFA-014 HFA-065 Cash ledger response scope"],"fullName":"HFA-014 HFA-065 Cash ledger response scope clears previous transactions when the newly selected account fails to load","status":"passed","title":"clears previous transactions when the newly selected account fails to load","duration":321.21129199999996,"failureMessages":[],"meta":{},"tags":[]},{"ancestorTitles":["HFA-014 HFA-065 Cash ledger response scope"],"fullName":"HFA-014 HFA-065 Cash ledger response scope does not let an old mutation completion interrupt a new ledger or clear its form (facility switch: false)","status":"passed","title":"does not let an old mutation completion interrupt a new ledger or clear its form (facility switch: false)","duration":725.5059579999997,"failureMessages":[],"meta":{},"tags":[]},{"ancestorTitles":["HFA-014 HFA-065 Cash ledger response scope"],"fullName":"HFA-014 HFA-065 Cash ledger response scope does not let an old mutation completion interrupt a new ledger or clear its form (facility switch: true)","status":"passed","title":"does not let an old mutation completion interrupt a new ledger or clear its form (facility switch: true)","duration":976.8237910000007,"failureMessages":[],"meta":{},"tags":[]},{"ancestorTitles":["HFA-014 HFA-065 Cash ledger response scope"],"fullName":"HFA-014 HFA-065 Cash ledger response scope ignores a rejected ledger request after a different account has loaded","status":"passed","title":"ignores a rejected ledger request after a different account has loaded","duration":491.9854999999998,"failureMessages":[],"meta":{},"tags":[]},{"ancestorTitles":["HFA-014 HFA-065 Cash ledger response scope"],"fullName":"HFA-014 HFA-065 Cash ledger response scope does not restart ledger requests when an outstanding mutation completes after unmount","status":"passed","title":"does not restart ledger requests when an outstanding mutation completes after unmount","duration":319.18375000000015,"failureMessages":[],"meta":{},"tags":[]}],"startTime":1788937059523,"endTime":1788937063267.1838,"status":"passed","message":"","name":"/Users/brianlewis/Circle of Life/Haven Finance Integration/src/app/(admin)/admin/cash/page.test.tsx"},{"assertionResults":[{"ancestorTitles":["HFA-036 journal form submission"],"fullName":"HFA-036 journal form submission sends exact cents for a valid draft","status":"passed","title":"sends exact cents for a valid draft","duration":609.8864590000012,"failureMessages":[],"meta":{},"tags":[]},{"ancestorTitles":["HFA-036 journal form submission"],"fullName":"HFA-036 journal form submission does not discard an invalid third line and save only the balanced pair","status":"passed","title":"does not discard an invalid third line and save only the balanced pair","duration":284.5439580000002,"failureMessages":[],"meta":{},"tags":[]}],"startTime":1788937063819,"endTime":1788937064713.544,"status":"passed","message":"","name":"/Users/brianlewis/Circle of Life/Haven Finance Integration/src/app/(admin)/finance/journal-entries/new/money-input.test.tsx"},{"assertionResults":[{"ancestorTitles":["NewJournalEntryPage entry date"],"fullName":"NewJournalEntryPage entry date defaults to the Eastern calendar date at 8:05pm ET, not the next UTC date","status":"passed","title":"defaults to the Eastern calendar date at 8:05pm ET, not the next UTC date","duration":192.64687499999854,"failureMessages":[],"meta":{},"tags":[]},{"ancestorTitles":["NewJournalEntryPage entry date"],"fullName":"NewJournalEntryPage entry date uses the shared facility date helper instead of a UTC ISO slice","status":"passed","title":"uses the shared facility date helper instead of a UTC ISO slice","duration":0.31554200000027777,"failureMessages":[],"meta":{},"tags":[]}],"startTime":1788937063991,"endTime":1788937064184.3154,"status":"passed","message":"","name":"/Users/brianlewis/Circle of Life/Haven Finance Integration/src/app/(admin)/finance/journal-entries/new/page.test.tsx"}]}