{"numTotalTestSuites":10,"numPassedTestSuites":10,"numFailedTestSuites":0,"numPendingTestSuites":0,"numTotalTests":28,"numPassedTests":28,"numFailedTests":0,"numPendingTests":0,"numTodoTests":0,"snapshot":{"added":0,"failure":false,"filesAdded":0,"filesRemoved":0,"filesRemovedList":[],"filesUnmatched":0,"filesUpdated":0,"matched":0,"total":0,"unchecked":0,"uncheckedKeysByFile":[],"unmatched":0,"updated":0,"didUpdate":false},"startTime":1788921016401,"success":true,"testResults":[{"assertionResults":[{"ancestorTitles":["HFA-014 HFA-016 resident funds remain separate from receivables"],"fullName":"HFA-014 HFA-016 resident funds remain separate from receivables does not offset open AR with trust money","status":"passed","title":"does not offset open AR with trust money","duration":2.1209160000000793,"failureMessages":[],"meta":{},"tags":[]}],"startTime":1788921017124,"endTime":1788921017126.1208,"status":"passed","message":"","name":"/Users/brianlewis/Circle of Life/Haven Finance Integration/src/lib/finance/forecast.test.ts"},{"assertionResults":[{"ancestorTitles":["HFA-009 HFA-011 atomic source posting"],"fullName":"HFA-009 HFA-011 atomic source posting posts invoice through one command","status":"passed","title":"posts invoice through one command","duration":1.843791999999894,"failureMessages":[],"meta":{},"tags":[]},{"ancestorTitles":["HFA-009 HFA-011 atomic source posting"],"fullName":"HFA-009 HFA-011 atomic source posting posts payment through one command","status":"passed","title":"posts payment through one command","duration":0.30608300000005784,"failureMessages":[],"meta":{},"tags":[]},{"ancestorTitles":["HFA-009 HFA-011 atomic source posting"],"fullName":"HFA-009 HFA-011 atomic source posting preserves a failed posting result instead of treating a draft as posted","status":"passed","title":"preserves a failed posting result instead of treating a draft as posted","duration":0.15412500000002183,"failureMessages":[],"meta":{},"tags":[]},{"ancestorTitles":["HFA-009 HFA-011 atomic source posting"],"fullName":"HFA-009 HFA-011 atomic source posting requires a committed journal receipt (null)","status":"passed","title":"requires a committed journal receipt (null)","duration":0.11279100000001563,"failureMessages":[],"meta":{},"tags":[]},{"ancestorTitles":["HFA-009 HFA-011 atomic source posting"],"fullName":"HFA-009 HFA-011 atomic source posting requires a committed journal receipt ({})","status":"passed","title":"requires a committed journal receipt ({})","duration":0.11445800000001327,"failureMessages":[],"meta":{},"tags":[]},{"ancestorTitles":["HFA-009 HFA-011 atomic source posting"],"fullName":"HFA-009 HFA-011 atomic source posting requires a committed journal receipt (undefined)","status":"passed","title":"requires a committed journal receipt (undefined)","duration":0.06733299999996234,"failureMessages":[],"meta":{},"tags":[]},{"ancestorTitles":["HFA-009 HFA-011 atomic source posting"],"fullName":"HFA-009 HFA-011 atomic source posting requires a committed journal receipt ({\"journal_entry_id\":5})","status":"passed","title":"requires a committed journal receipt ({\"journal_entry_id\":5})","duration":0.09608300000002146,"failureMessages":[],"meta":{},"tags":[]}],"startTime":1788921017140,"endTime":1788921017143.1145,"status":"passed","message":"","name":"/Users/brianlewis/Circle of Life/Haven Finance Integration/src/lib/finance/post-to-gl.test.ts"},{"assertionResults":[{"ancestorTitles":["HFA-014 mapped resident-money response contract"],"fullName":"HFA-014 mapped resident-money response contract accepts existing PostgreSQL portfolio UUIDs without inventing a canonical zero","status":"passed","title":"accepts existing PostgreSQL portfolio UUIDs without inventing a canonical zero","duration":1.916708999999969,"failureMessages":[],"meta":{},"tags":[]},{"ancestorTitles":["HFA-014 mapped resident-money response contract"],"fullName":"HFA-014 mapped resident-money response contract rejects malformed scope identities","status":"passed","title":"rejects malformed scope identities","duration":0.46233300000005784,"failureMessages":[],"meta":{},"tags":[]}],"startTime":1788921017170,"endTime":1788921017172.4624,"status":"passed","message":"","name":"/Users/brianlewis/Circle of Life/Haven Finance Integration/src/lib/finance/resident-money.test.ts"},{"assertionResults":[{"ancestorTitles":["HFA-027 HFA-036 structural privacy and exact amounts"],"fullName":"HFA-027 HFA-036 structural privacy and exact amounts accepts balanced non-identifying structural fixture beyond 32-bit cents","status":"passed","title":"accepts balanced non-identifying structural fixture beyond 32-bit cents","duration":2.435416000000032,"failureMessages":[],"meta":{},"tags":[]},{"ancestorTitles":["HFA-027 HFA-036 structural privacy and exact amounts"],"fullName":"HFA-027 HFA-036 structural privacy and exact amounts retains precision beyond JSON safe integer and rejects storage overflow","status":"passed","title":"retains precision beyond JSON safe integer and rejects storage overflow","duration":0.8375829999999951,"failureMessages":[],"meta":{},"tags":[]},{"ancestorTitles":["HFA-027 HFA-036 structural privacy and exact amounts"],"fullName":"HFA-027 HFA-036 structural privacy and exact amounts rejects arbitrary residentId at top level and nested levels","status":"passed","title":"rejects arbitrary residentId at top level and nested levels","duration":0.5936670000000959,"failureMessages":[],"meta":{},"tags":[]},{"ancestorTitles":["HFA-027 HFA-036 structural privacy and exact amounts"],"fullName":"HFA-027 HFA-036 structural privacy and exact amounts rejects arbitrary memo at top level and nested levels","status":"passed","title":"rejects arbitrary memo at top level and nested levels","duration":0.21933400000000347,"failureMessages":[],"meta":{},"tags":[]},{"ancestorTitles":["HFA-027 HFA-036 structural privacy and exact amounts"],"fullName":"HFA-027 HFA-036 structural privacy and exact amounts rejects arbitrary description at top level and nested levels","status":"passed","title":"rejects arbitrary description at top level and nested levels","duration":0.1798750000000382,"failureMessages":[],"meta":{},"tags":[]},{"ancestorTitles":["HFA-027 HFA-036 structural privacy and exact amounts"],"fullName":"HFA-027 HFA-036 structural privacy and exact amounts rejects arbitrary filename at top level and nested levels","status":"passed","title":"rejects arbitrary filename at top level and nested levels","duration":0.25379099999997834,"failureMessages":[],"meta":{},"tags":[]},{"ancestorTitles":["HFA-027 HFA-036 structural privacy and exact amounts"],"fullName":"HFA-027 HFA-036 structural privacy and exact amounts rejects arbitrary attachments at top level and nested levels","status":"passed","title":"rejects arbitrary attachments at top level and nested levels","duration":0.19595799999990504,"failureMessages":[],"meta":{},"tags":[]},{"ancestorTitles":["HFA-027 HFA-036 structural privacy and exact amounts"],"fullName":"HFA-027 HFA-036 structural privacy and exact amounts rejects arbitrary source at top level and nested levels","status":"passed","title":"rejects arbitrary source at top level and nested levels","duration":0.13429200000007313,"failureMessages":[],"meta":{},"tags":[]},{"ancestorTitles":["HFA-027 HFA-036 structural privacy and exact amounts"],"fullName":"HFA-027 HFA-036 structural privacy and exact amounts rejects arbitrary error at top level and nested levels","status":"passed","title":"rejects arbitrary error at top level and nested levels","duration":0.28558300000008785,"failureMessages":[],"meta":{},"tags":[]},{"ancestorTitles":["HFA-027 HFA-036 structural privacy and exact amounts"],"fullName":"HFA-027 HFA-036 structural privacy and exact amounts rejects invalid dates, amounts, identifiers, currency and unbalanced journals","status":"passed","title":"rejects invalid dates, amounts, identifiers, currency and unbalanced journals","duration":0.2972499999999627,"failureMessages":[],"meta":{},"tags":[]}],"startTime":1788921017165,"endTime":1788921017170.2974,"status":"passed","message":"","name":"/Users/brianlewis/Circle of Life/Haven Finance Integration/src/lib/finance-integration/payload.test.ts"},{"assertionResults":[{"ancestorTitles":["HFA-014 HFA-065 Cash ledger response scope"],"fullName":"HFA-014 HFA-065 Cash ledger response scope hides the previous facility ledger immediately while the new facility loads","status":"passed","title":"hides the previous facility ledger immediately while the new facility loads","duration":37.876125,"failureMessages":[],"meta":{},"tags":[]},{"ancestorTitles":["HFA-014 HFA-065 Cash ledger response scope"],"fullName":"HFA-014 HFA-065 Cash ledger response scope does not replace the current facility with a late response from the prior facility","status":"passed","title":"does not replace the current facility with a late response from the prior facility","duration":67.31666699999994,"failureMessages":[],"meta":{},"tags":[]},{"ancestorTitles":["HFA-014 HFA-065 Cash ledger response scope"],"fullName":"HFA-014 HFA-065 Cash ledger response scope does not show another resident's late transaction response under the selected resident","status":"passed","title":"does not show another resident's late transaction response under the selected resident","duration":130.43687499999987,"failureMessages":[],"meta":{},"tags":[]},{"ancestorTitles":["HFA-014 HFA-065 Cash ledger response scope"],"fullName":"HFA-014 HFA-065 Cash ledger response scope clears previous transactions when the newly selected account fails to load","status":"passed","title":"clears previous transactions when the newly selected account fails to load","duration":37.444083999999975,"failureMessages":[],"meta":{},"tags":[]},{"ancestorTitles":["HFA-014 HFA-065 Cash ledger response scope"],"fullName":"HFA-014 HFA-065 Cash ledger response scope does not let an old mutation completion interrupt a new ledger or clear its form (facility switch: false)","status":"passed","title":"does not let an old mutation completion interrupt a new ledger or clear its form (facility switch: false)","duration":111.7618329999998,"failureMessages":[],"meta":{},"tags":[]},{"ancestorTitles":["HFA-014 HFA-065 Cash ledger response scope"],"fullName":"HFA-014 HFA-065 Cash ledger response scope does not let an old mutation completion interrupt a new ledger or clear its form (facility switch: true)","status":"passed","title":"does not let an old mutation completion interrupt a new ledger or clear its form (facility switch: true)","duration":118.26041699999996,"failureMessages":[],"meta":{},"tags":[]},{"ancestorTitles":["HFA-014 HFA-065 Cash ledger response scope"],"fullName":"HFA-014 HFA-065 Cash ledger response scope ignores a rejected ledger request after a different account has loaded","status":"passed","title":"ignores a rejected ledger request after a different account has loaded","duration":87.25258299999996,"failureMessages":[],"meta":{},"tags":[]},{"ancestorTitles":["HFA-014 HFA-065 Cash ledger response scope"],"fullName":"HFA-014 HFA-065 Cash ledger response scope does not restart ledger requests when an outstanding mutation completes after unmount","status":"passed","title":"does not restart ledger requests when an outstanding mutation completes after unmount","duration":31.764958999999862,"failureMessages":[],"meta":{},"tags":[]}],"startTime":1788921017395,"endTime":1788921018016.765,"status":"passed","message":"","name":"/Users/brianlewis/Circle of Life/Haven Finance Integration/src/app/(admin)/admin/cash/page.test.tsx"}]}