{"numTotalTestSuites":34,"numPassedTestSuites":34,"numFailedTestSuites":0,"numPendingTestSuites":0,"numTotalTests":272,"numPassedTests":272,"numFailedTests":0,"numPendingTests":0,"numTodoTests":0,"snapshot":{"added":0,"failure":false,"filesAdded":0,"filesRemoved":0,"filesRemovedList":[],"filesUnmatched":0,"filesUpdated":0,"matched":0,"total":0,"unchecked":0,"uncheckedKeysByFile":[],"unmatched":0,"updated":0,"didUpdate":false},"startTime":1788958265286,"success":true,"testResults":[{"assertionResults":[{"ancestorTitles":["Accounting review rendered read-only journeys"],"fullName":"Accounting review rendered read-only journeys HFA-063: renders the operational viewer through each route entry","status":"passed","title":"HFA-063: renders the operational viewer through each route entry","duration":201.65445799999998,"failureMessages":[],"meta":{},"tags":[]},{"ancestorTitles":["Accounting review rendered read-only journeys"],"fullName":"Accounting review rendered read-only journeys HFA-063: renders the operational viewer through each route entry","status":"passed","title":"HFA-063: renders the operational viewer through each route entry","duration":120.77750000000015,"failureMessages":[],"meta":{},"tags":[]},{"ancestorTitles":["Accounting review rendered read-only journeys"],"fullName":"Accounting review rendered read-only journeys HFA-054: shows explicit empty state, live coverage limits and release blockers without mutation controls","status":"passed","title":"HFA-054: shows explicit empty state, live coverage limits and release blockers without mutation controls","duration":42.44733300000007,"failureMessages":[],"meta":{},"tags":[]},{"ancestorTitles":["Accounting review rendered read-only journeys"],"fullName":"Accounting review rendered read-only journeys HFA-036 HFA-065: renders exact large money and a protected broader claim without a forbidden link","status":"passed","title":"HFA-036 HFA-065: renders exact large money and a protected broader claim without a forbidden link","duration":32.11616700000013,"failureMessages":[],"meta":{},"tags":[]},{"ancestorTitles":["Accounting review rendered read-only journeys"],"fullName":"Accounting review rendered read-only journeys HFA-052: uses keyset next and previous page requests for more than one page","status":"passed","title":"HFA-052: uses keyset next and previous page requests for more than one page","duration":131.08962500000007,"failureMessages":[],"meta":{},"tags":[]},{"ancestorTitles":["Accounting review rendered read-only journeys"],"fullName":"Accounting review rendered read-only journeys HFA-054: distinguishes failure from empty and retries a literal release flag violation","status":"passed","title":"HFA-054: distinguishes failure from empty and retries a literal release flag violation","duration":107.67445899999984,"failureMessages":[],"meta":{},"tags":[]},{"ancestorTitles":["Accounting review rendered read-only journeys"],"fullName":"Accounting review rendered read-only journeys HFA-065: ignores delayed data after facility changes and aborts its request","status":"passed","title":"HFA-065: ignores delayed data after facility changes and aborts its request","duration":76.4972499999999,"failureMessages":[],"meta":{},"tags":[]},{"ancestorTitles":["Accounting review rendered read-only journeys"],"fullName":"Accounting review rendered read-only journeys HFA-065: removes prior actor data immediately and ignores a pending detail on account switch","status":"passed","title":"HFA-065: removes prior actor data immediately and ignores a pending detail on account switch","duration":68.4805409999999,"failureMessages":[],"meta":{},"tags":[]},{"ancestorTitles":["Accounting review rendered read-only journeys"],"fullName":"Accounting review rendered read-only journeys HFA-054 HFA-065: shows current declared rules and authorized exact detail while stripping sessions","status":"passed","title":"HFA-054 HFA-065: shows current declared rules and authorized exact detail while stripping sessions","duration":217.16529100000025,"failureMessages":[],"meta":{},"tags":[]},{"ancestorTitles":["Accounting review rendered read-only journeys"],"fullName":"Accounting review rendered read-only journeys HFA-065: keeps protected detail denial distinct from an empty batch","status":"passed","title":"HFA-065: keeps protected detail denial distinct from an empty batch","duration":218.43308400000024,"failureMessages":[],"meta":{},"tags":[]},{"ancestorTitles":["Accounting review rendered read-only journeys"],"fullName":"Accounting review rendered read-only journeys HFA-063: supports keyboard navigation through the existing tabs primitive","status":"passed","title":"HFA-063: supports keyboard navigation through the existing tabs primitive","duration":212.18991600000027,"failureMessages":[],"meta":{},"tags":[]},{"ancestorTitles":["Accounting review rendered read-only journeys"],"fullName":"Accounting review rendered read-only journeys HFA-054: ignores a pending source page after switching record kinds","status":"passed","title":"HFA-054: ignores a pending source page after switching record kinds","duration":16.98041699999976,"failureMessages":[],"meta":{},"tags":[]},{"ancestorTitles":["Accounting review rendered read-only journeys"],"fullName":"Accounting review rendered read-only journeys HFA-065: clears current rows during a same-account session refresh","status":"passed","title":"HFA-065: clears current rows during a same-account session refresh","duration":16.662874999999985,"failureMessages":[],"meta":{},"tags":[]},{"ancestorTitles":["Accounting review rendered read-only journeys"],"fullName":"Accounting review rendered read-only journeys HFA-065: masks prior owner choices immediately on a same-session role downgrade","status":"passed","title":"HFA-065: masks prior owner choices immediately on a same-session role downgrade","duration":57.92433299999993,"failureMessages":[],"meta":{},"tags":[]},{"ancestorTitles":["Accounting review rendered read-only journeys"],"fullName":"Accounting review rendered read-only journeys HFA-065: restricts a facility administrator selector to an explicit facility","status":"passed","title":"HFA-065: restricts a facility administrator selector to an explicit facility","duration":308.8719170000004,"failureMessages":[],"meta":{},"tags":[]},{"ancestorTitles":["Accounting review rendered read-only journeys"],"fullName":"Accounting review rendered read-only journeys HFA-065: aborts in-flight work on unmount","status":"passed","title":"HFA-065: aborts in-flight work on unmount","duration":10.71099999999933,"failureMessages":[],"meta":{},"tags":[]}],"startTime":1788958268656,"endTime":1788958270495.711,"status":"passed","message":"","name":"/Users/brianlewis/Circle of Life/Haven Finance Integration/src/components/finance/FinanceReviewQueueClient.test.tsx"},{"assertionResults":[{"ancestorTitles":["prorationFactorForResident"],"fullName":"prorationFactorForResident prorates mid-month admission","status":"passed","title":"prorates mid-month admission","duration":26.66666699999996,"failureMessages":[],"meta":{},"tags":[]},{"ancestorTitles":["prorationFactorForResident"],"fullName":"prorationFactorForResident prorates mid-month discharge","status":"passed","title":"prorates mid-month discharge","duration":0.21824999999989814,"failureMessages":[],"meta":{},"tags":[]},{"ancestorTitles":["prorationFactorForResident"],"fullName":"prorationFactorForResident returns zero when discharged before the billing month","status":"passed","title":"returns zero when discharged before the billing month","duration":0.07183299999996962,"failureMessages":[],"meta":{},"tags":[]},{"ancestorTitles":["buildMonthlyInvoicePreview"],"fullName":"buildMonthlyInvoicePreview prorates date-only admission dates and uses due date on the 5th","status":"passed","title":"prorates date-only admission dates and uses due date on the 5th","duration":20.54366600000003,"failureMessages":[],"meta":{},"tags":[]},{"ancestorTitles":["buildMonthlyInvoicePreview"],"fullName":"buildMonthlyInvoicePreview includes hospital_hold residents at full monthly private rate","status":"passed","title":"includes hospital_hold residents at full monthly private rate","duration":0.8126670000001468,"failureMessages":[],"meta":{},"tags":[]},{"ancestorTitles":["buildMonthlyInvoicePreview"],"fullName":"buildMonthlyInvoicePreview keeps prorated line items summing exactly to the subtotal (half-cent boundary)","status":"passed","title":"keeps prorated line items summing exactly to the subtotal (half-cent boundary)","duration":0.217583999999988,"failureMessages":[],"meta":{},"tags":[]},{"ancestorTitles":["buildMonthlyInvoicePreview"],"fullName":"buildMonthlyInvoicePreview skips Medicaid residents with no usable rate instead of billing private","status":"passed","title":"skips Medicaid residents with no usable rate instead of billing private","duration":0.312916999999743,"failureMessages":[],"meta":{},"tags":[]},{"ancestorTitles":["buildMonthlyInvoicePreview"],"fullName":"buildMonthlyInvoicePreview uses Medicaid catalog monthly rate for medicaid_oss payers","status":"passed","title":"uses Medicaid catalog monthly rate for medicaid_oss payers","duration":0.34483300000010786,"failureMessages":[],"meta":{},"tags":[]},{"ancestorTitles":["persistMonthlyInvoicesFromPreview"],"fullName":"persistMonthlyInvoicesFromPreview calls haven_create_invoice_with_line_items and counts inserts","status":"passed","title":"calls haven_create_invoice_with_line_items and counts inserts","duration":1.1480000000001382,"failureMessages":[],"meta":{},"tags":[]},{"ancestorTitles":["persistMonthlyInvoicesFromPreview"],"fullName":"persistMonthlyInvoicesFromPreview counts duplicate skips when inserted is false","status":"passed","title":"counts duplicate skips when inserted is false","duration":0.1744579999999587,"failureMessages":[],"meta":{},"tags":[]},{"ancestorTitles":["persistMonthlyInvoicesFromPreview"],"fullName":"persistMonthlyInvoicesFromPreview reports RPC uncertainty without exposing provider error text","status":"passed","title":"reports RPC uncertainty without exposing provider error text","duration":0.5595840000000862,"failureMessages":[],"meta":{},"tags":[]}],"startTime":1788958267558,"endTime":1788958267609.5596,"status":"passed","message":"","name":"/Users/brianlewis/Circle of Life/Haven Finance Integration/src/lib/billing/generate-monthly-invoices.test.ts"},{"assertionResults":[{"ancestorTitles":["F06 app complete billing sources"],"fullName":"F06 app complete billing sources uses period-applicable published rates and preserves independent charge fixtures","status":"passed","title":"uses period-applicable published rates and preserves independent charge fixtures","duration":101.03412500000013,"failureMessages":[],"meta":{},"tags":[]},{"ancestorTitles":["F06 app complete billing sources"],"fullName":"F06 app complete billing sources uses period-applicable superseded rates and preserves independent charge fixtures","status":"passed","title":"uses period-applicable superseded rates and preserves independent charge fixtures","duration":3.020625000000109,"failureMessages":[],"meta":{},"tags":[]},{"ancestorTitles":["F06 app complete billing sources"],"fullName":"F06 app complete billing sources rejects a 2501-row resident source truncated by the existing 500-row cap","status":"passed","title":"rejects a 2501-row resident source truncated by the existing 500-row cap","duration":3.506083000000217,"failureMessages":[],"meta":{},"tags":[]},{"ancestorTitles":["F06 app complete billing sources"],"fullName":"F06 app complete billing sources retains acknowledged progress before 'returned error' (first inserted=true)","status":"passed","title":"retains acknowledged progress before 'returned error' (first inserted=true)","duration":1.3000409999999647,"failureMessages":[],"meta":{},"tags":[]},{"ancestorTitles":["F06 app complete billing sources"],"fullName":"F06 app complete billing sources retains acknowledged progress before 'timeout' (first inserted=true)","status":"passed","title":"retains acknowledged progress before 'timeout' (first inserted=true)","duration":0.7157499999998436,"failureMessages":[],"meta":{},"tags":[]},{"ancestorTitles":["F06 app complete billing sources"],"fullName":"F06 app complete billing sources retains acknowledged progress before 'missing acknowledgement' (first inserted=true)","status":"passed","title":"retains acknowledged progress before 'missing acknowledgement' (first inserted=true)","duration":0.30987499999991996,"failureMessages":[],"meta":{},"tags":[]},{"ancestorTitles":["F06 app complete billing sources"],"fullName":"F06 app complete billing sources retains acknowledged progress before 'returned error' (first inserted=false)","status":"passed","title":"retains acknowledged progress before 'returned error' (first inserted=false)","duration":0.32808299999987867,"failureMessages":[],"meta":{},"tags":[]},{"ancestorTitles":["F06 app complete billing sources"],"fullName":"F06 app complete billing sources keeps raw provider text and unresolved identity out of generic errors","status":"passed","title":"keeps raw provider text and unresolved identity out of generic errors","duration":0.3197500000001128,"failureMessages":[],"meta":{},"tags":[]},{"ancestorTitles":["F06 app complete billing sources"],"fullName":"F06 app complete billing sources blocks residents count larger than 2000 without a partial preview","status":"passed","title":"blocks residents count larger than 2000 without a partial preview","duration":0.4892910000003212,"failureMessages":[],"meta":{},"tags":[]},{"ancestorTitles":["F06 app complete billing sources"],"fullName":"F06 app complete billing sources blocks resident_payers count larger than 2000 without a partial preview","status":"passed","title":"blocks resident_payers count larger than 2000 without a partial preview","duration":0.21512500000017099,"failureMessages":[],"meta":{},"tags":[]},{"ancestorTitles":["F06 app complete billing sources"],"fullName":"F06 app complete billing sources blocks facility_medicaid_providers count larger than 2000 without a partial preview","status":"passed","title":"blocks facility_medicaid_providers count larger than 2000 without a partial preview","duration":0.2391250000000582,"failureMessages":[],"meta":{},"tags":[]},{"ancestorTitles":["F06 app complete billing sources"],"fullName":"F06 app complete billing sources blocks resident_rate_agreements count larger than 2000 without a partial preview","status":"passed","title":"blocks resident_rate_agreements count larger than 2000 without a partial preview","duration":0.1198749999998654,"failureMessages":[],"meta":{},"tags":[]},{"ancestorTitles":["F06 app complete billing sources"],"fullName":"F06 app complete billing sources blocks invoices count larger than 2000 without a partial preview","status":"passed","title":"blocks invoices count larger than 2000 without a partial preview","duration":0.10291700000016135,"failureMessages":[],"meta":{},"tags":[]},{"ancestorTitles":["F06 app complete billing sources"],"fullName":"F06 app complete billing sources rejects 'residents' 'null count'","status":"passed","title":"rejects 'residents' 'null count'","duration":0.11483300000008967,"failureMessages":[],"meta":{},"tags":[]},{"ancestorTitles":["F06 app complete billing sources"],"fullName":"F06 app complete billing sources rejects 'residents' 'missing count'","status":"passed","title":"rejects 'residents' 'missing count'","duration":0.10824999999977081,"failureMessages":[],"meta":{},"tags":[]},{"ancestorTitles":["F06 app complete billing sources"],"fullName":"F06 app complete billing sources rejects 'residents' 'null data'","status":"passed","title":"rejects 'residents' 'null data'","duration":0.1069999999999709,"failureMessages":[],"meta":{},"tags":[]},{"ancestorTitles":["F06 app complete billing sources"],"fullName":"F06 app complete billing sources rejects 'resident_payers' 'null count'","status":"passed","title":"rejects 'resident_payers' 'null count'","duration":0.08658299999979135,"failureMessages":[],"meta":{},"tags":[]},{"ancestorTitles":["F06 app complete billing sources"],"fullName":"F06 app complete billing sources rejects 'resident_payers' 'missing count'","status":"passed","title":"rejects 'resident_payers' 'missing count'","duration":0.07862500000010186,"failureMessages":[],"meta":{},"tags":[]},{"ancestorTitles":["F06 app complete billing sources"],"fullName":"F06 app complete billing sources rejects 'resident_payers' 'null data'","status":"passed","title":"rejects 'resident_payers' 'null data'","duration":0.07150000000001455,"failureMessages":[],"meta":{},"tags":[]},{"ancestorTitles":["F06 app complete billing sources"],"fullName":"F06 app complete billing sources rejects 'facility_medicaid_providers' 'null count'","status":"passed","title":"rejects 'facility_medicaid_providers' 'null count'","duration":0.07625000000007276,"failureMessages":[],"meta":{},"tags":[]},{"ancestorTitles":["F06 app complete billing sources"],"fullName":"F06 app complete billing sources rejects 'facility_medicaid_providers' 'missing count'","status":"passed","title":"rejects 'facility_medicaid_providers' 'missing count'","duration":0.07337499999994179,"failureMessages":[],"meta":{},"tags":[]},{"ancestorTitles":["F06 app complete billing sources"],"fullName":"F06 app complete billing sources rejects 'facility_medicaid_providers' 'null data'","status":"passed","title":"rejects 'facility_medicaid_providers' 'null data'","duration":0.11104100000011385,"failureMessages":[],"meta":{},"tags":[]},{"ancestorTitles":["F06 app complete billing sources"],"fullName":"F06 app complete billing sources rejects 'resident_rate_agreements' 'null count'","status":"passed","title":"rejects 'resident_rate_agreements' 'null count'","duration":0.07666599999993196,"failureMessages":[],"meta":{},"tags":[]},{"ancestorTitles":["F06 app complete billing sources"],"fullName":"F06 app complete billing sources rejects 'resident_rate_agreements' 'missing count'","status":"passed","title":"rejects 'resident_rate_agreements' 'missing count'","duration":0.0729999999998654,"failureMessages":[],"meta":{},"tags":[]},{"ancestorTitles":["F06 app complete billing sources"],"fullName":"F06 app complete billing sources rejects 'resident_rate_agreements' 'null data'","status":"passed","title":"rejects 'resident_rate_agreements' 'null data'","duration":0.07116599999972095,"failureMessages":[],"meta":{},"tags":[]},{"ancestorTitles":["F06 app complete billing sources"],"fullName":"F06 app complete billing sources rejects 'invoices' 'null count'","status":"passed","title":"rejects 'invoices' 'null count'","duration":0.08470800000031886,"failureMessages":[],"meta":{},"tags":[]},{"ancestorTitles":["F06 app complete billing sources"],"fullName":"F06 app complete billing sources rejects 'invoices' 'missing count'","status":"passed","title":"rejects 'invoices' 'missing count'","duration":0.07383400000026086,"failureMessages":[],"meta":{},"tags":[]},{"ancestorTitles":["F06 app complete billing sources"],"fullName":"F06 app complete billing sources rejects 'invoices' 'null data'","status":"passed","title":"rejects 'invoices' 'null data'","duration":0.0689580000002934,"failureMessages":[],"meta":{},"tags":[]},{"ancestorTitles":["F06 app complete billing sources"],"fullName":"F06 app complete billing sources keeps provider transport failure distinct from zero providers","status":"passed","title":"keeps provider transport failure distinct from zero providers","duration":0.09533299999975497,"failureMessages":[],"meta":{},"tags":[]},{"ancestorTitles":["F06 app complete billing sources"],"fullName":"F06 app complete billing sources rejects invalid month 0 before querying","status":"passed","title":"rejects invalid month 0 before querying","duration":0.08379099999956452,"failureMessages":[],"meta":{},"tags":[]},{"ancestorTitles":["F06 app complete billing sources"],"fullName":"F06 app complete billing sources rejects invalid month 13 before querying","status":"passed","title":"rejects invalid month 13 before querying","duration":0.05945900000006077,"failureMessages":[],"meta":{},"tags":[]},{"ancestorTitles":["F06 app complete billing sources"],"fullName":"F06 app complete billing sources rejects invalid month 5.5 before querying","status":"passed","title":"rejects invalid month 5.5 before querying","duration":0.04324999999971624,"failureMessages":[],"meta":{},"tags":[]},{"ancestorTitles":["F06 app complete billing sources"],"fullName":"F06 app complete billing sources rejects invalid month NaN before querying","status":"passed","title":"rejects invalid month NaN before querying","duration":0.044875000000047294,"failureMessages":[],"meta":{},"tags":[]},{"ancestorTitles":["F06 app complete billing sources"],"fullName":"F06 app complete billing sources rejects invalid month Infinity before querying","status":"passed","title":"rejects invalid month Infinity before querying","duration":0.03991700000005949,"failureMessages":[],"meta":{},"tags":[]},{"ancestorTitles":["F06 app complete billing sources"],"fullName":"F06 app complete billing sources rejects invalid year 0 before querying","status":"passed","title":"rejects invalid year 0 before querying","duration":0.06391600000006292,"failureMessages":[],"meta":{},"tags":[]},{"ancestorTitles":["F06 app complete billing sources"],"fullName":"F06 app complete billing sources rejects invalid year 2026.5 before querying","status":"passed","title":"rejects invalid year 2026.5 before querying","duration":0.05058400000007168,"failureMessages":[],"meta":{},"tags":[]},{"ancestorTitles":["F06 app complete billing sources"],"fullName":"F06 app complete billing sources rejects invalid year NaN before querying","status":"passed","title":"rejects invalid year NaN before querying","duration":0.07470800000010058,"failureMessages":[],"meta":{},"tags":[]},{"ancestorTitles":["F06 app complete billing sources"],"fullName":"F06 app complete billing sources rejects invalid year Infinity before querying","status":"passed","title":"rejects invalid year Infinity before querying","duration":0.039416999999957625,"failureMessages":[],"meta":{},"tags":[]},{"ancestorTitles":["F06 app complete billing sources"],"fullName":"F06 app complete billing sources rejects incomplete organization facility response {\"count\":2501}","status":"passed","title":"rejects incomplete organization facility response {\"count\":2501}","duration":0.36158400000022084,"failureMessages":[],"meta":{},"tags":[]},{"ancestorTitles":["F06 app complete billing sources"],"fullName":"F06 app complete billing sources rejects incomplete organization facility response {\"count\":null}","status":"passed","title":"rejects incomplete organization facility response {\"count\":null}","duration":0.08170900000004622,"failureMessages":[],"meta":{},"tags":[]},{"ancestorTitles":["F06 app complete billing sources"],"fullName":"F06 app complete billing sources rejects incomplete organization facility response {}","status":"passed","title":"rejects incomplete organization facility response {}","duration":0.06679200000007768,"failureMessages":[],"meta":{},"tags":[]},{"ancestorTitles":["F06 app complete billing sources"],"fullName":"F06 app complete billing sources rejects incomplete organization facility response {\"data\":null,\"count\":0}","status":"passed","title":"rejects incomplete organization facility response {\"data\":null,\"count\":0}","duration":0.06462499999997817,"failureMessages":[],"meta":{},"tags":[]},{"ancestorTitles":["F06 app complete billing sources"],"fullName":"F06 app complete billing sources recognizes an exactly counted empty facility list","status":"passed","title":"recognizes an exactly counted empty facility list","duration":0.05083299999978408,"failureMessages":[],"meta":{},"tags":[]},{"ancestorTitles":["F06 Edge shared complete billing sources"],"fullName":"F06 Edge shared complete billing sources uses period-applicable published rates and preserves independent charge fixtures","status":"passed","title":"uses period-applicable published rates and preserves independent charge fixtures","duration":0.8930000000000291,"failureMessages":[],"meta":{},"tags":[]},{"ancestorTitles":["F06 Edge shared complete billing sources"],"fullName":"F06 Edge shared complete billing sources uses period-applicable superseded rates and preserves independent charge fixtures","status":"passed","title":"uses period-applicable superseded rates and preserves independent charge fixtures","duration":3.4660839999996824,"failureMessages":[],"meta":{},"tags":[]},{"ancestorTitles":["F06 Edge shared complete billing sources"],"fullName":"F06 Edge shared complete billing sources rejects a 2501-row resident source truncated by the existing 500-row cap","status":"passed","title":"rejects a 2501-row resident source truncated by the existing 500-row cap","duration":0.6939579999998386,"failureMessages":[],"meta":{},"tags":[]},{"ancestorTitles":["F06 Edge shared complete billing sources"],"fullName":"F06 Edge shared complete billing sources retains acknowledged progress before 'returned error' (first inserted=true)","status":"passed","title":"retains acknowledged progress before 'returned error' (first inserted=true)","duration":0.5790409999999611,"failureMessages":[],"meta":{},"tags":[]},{"ancestorTitles":["F06 Edge shared complete billing sources"],"fullName":"F06 Edge shared complete billing sources retains acknowledged progress before 'timeout' (first inserted=true)","status":"passed","title":"retains acknowledged progress before 'timeout' (first inserted=true)","duration":0.5162919999997939,"failureMessages":[],"meta":{},"tags":[]},{"ancestorTitles":["F06 Edge shared complete billing sources"],"fullName":"F06 Edge shared complete billing sources retains acknowledged progress before 'missing acknowledgement' (first inserted=true)","status":"passed","title":"retains acknowledged progress before 'missing acknowledgement' (first inserted=true)","duration":0.22816699999975754,"failureMessages":[],"meta":{},"tags":[]},{"ancestorTitles":["F06 Edge shared complete billing sources"],"fullName":"F06 Edge shared complete billing sources retains acknowledged progress before 'returned error' (first inserted=false)","status":"passed","title":"retains acknowledged progress before 'returned error' (first inserted=false)","duration":0.18412500000022192,"failureMessages":[],"meta":{},"tags":[]},{"ancestorTitles":["F06 Edge shared complete billing sources"],"fullName":"F06 Edge shared complete billing sources keeps raw provider text and unresolved identity out of generic errors","status":"passed","title":"keeps raw provider text and unresolved identity out of generic errors","duration":0.13445899999987887,"failureMessages":[],"meta":{},"tags":[]},{"ancestorTitles":["F06 Edge shared complete billing sources"],"fullName":"F06 Edge shared complete billing sources blocks residents count larger than 2000 without a partial preview","status":"passed","title":"blocks residents count larger than 2000 without a partial preview","duration":0.10091599999987011,"failureMessages":[],"meta":{},"tags":[]},{"ancestorTitles":["F06 Edge shared complete billing sources"],"fullName":"F06 Edge shared complete billing sources blocks resident_payers count larger than 2000 without a partial preview","status":"passed","title":"blocks resident_payers count larger than 2000 without a partial preview","duration":0.08966700000019046,"failureMessages":[],"meta":{},"tags":[]},{"ancestorTitles":["F06 Edge shared complete billing sources"],"fullName":"F06 Edge shared complete billing sources blocks facility_medicaid_providers count larger than 2000 without a partial preview","status":"passed","title":"blocks facility_medicaid_providers count larger than 2000 without a partial preview","duration":0.08666700000003402,"failureMessages":[],"meta":{},"tags":[]},{"ancestorTitles":["F06 Edge shared complete billing sources"],"fullName":"F06 Edge shared complete billing sources blocks resident_rate_agreements count larger than 2000 without a partial preview","status":"passed","title":"blocks resident_rate_agreements count larger than 2000 without a partial preview","duration":0.08933399999978064,"failureMessages":[],"meta":{},"tags":[]},{"ancestorTitles":["F06 Edge shared complete billing sources"],"fullName":"F06 Edge shared complete billing sources blocks invoices count larger than 2000 without a partial preview","status":"passed","title":"blocks invoices count larger than 2000 without a partial preview","duration":0.09679199999982302,"failureMessages":[],"meta":{},"tags":[]},{"ancestorTitles":["F06 Edge shared complete billing sources"],"fullName":"F06 Edge shared complete billing sources rejects 'residents' 'null count'","status":"passed","title":"rejects 'residents' 'null count'","duration":0.07491700000036872,"failureMessages":[],"meta":{},"tags":[]},{"ancestorTitles":["F06 Edge shared complete billing sources"],"fullName":"F06 Edge shared complete billing sources rejects 'residents' 'missing count'","status":"passed","title":"rejects 'residents' 'missing count'","duration":0.0757499999999709,"failureMessages":[],"meta":{},"tags":[]},{"ancestorTitles":["F06 Edge shared complete billing sources"],"fullName":"F06 Edge shared complete billing sources rejects 'residents' 'null data'","status":"passed","title":"rejects 'residents' 'null data'","duration":0.07562499999994543,"failureMessages":[],"meta":{},"tags":[]},{"ancestorTitles":["F06 Edge shared complete billing sources"],"fullName":"F06 Edge shared complete billing sources rejects 'resident_payers' 'null count'","status":"passed","title":"rejects 'resident_payers' 'null count'","duration":0.07304199999998673,"failureMessages":[],"meta":{},"tags":[]},{"ancestorTitles":["F06 Edge shared complete billing sources"],"fullName":"F06 Edge shared complete billing sources rejects 'resident_payers' 'missing count'","status":"passed","title":"rejects 'resident_payers' 'missing count'","duration":0.07287500000029468,"failureMessages":[],"meta":{},"tags":[]},{"ancestorTitles":["F06 Edge shared complete billing sources"],"fullName":"F06 Edge shared complete billing sources rejects 'resident_payers' 'null data'","status":"passed","title":"rejects 'resident_payers' 'null data'","duration":0.07633400000031543,"failureMessages":[],"meta":{},"tags":[]},{"ancestorTitles":["F06 Edge shared complete billing sources"],"fullName":"F06 Edge shared complete billing sources rejects 'facility_medicaid_providers' 'null count'","status":"passed","title":"rejects 'facility_medicaid_providers' 'null count'","duration":0.07474999999976717,"failureMessages":[],"meta":{},"tags":[]},{"ancestorTitles":["F06 Edge shared complete billing sources"],"fullName":"F06 Edge shared complete billing sources rejects 'facility_medicaid_providers' 'missing count'","status":"passed","title":"rejects 'facility_medicaid_providers' 'missing count'","duration":0.08024999999997817,"failureMessages":[],"meta":{},"tags":[]},{"ancestorTitles":["F06 Edge shared complete billing sources"],"fullName":"F06 Edge shared complete billing sources rejects 'facility_medicaid_providers' 'null data'","status":"passed","title":"rejects 'facility_medicaid_providers' 'null data'","duration":0.08550000000013824,"failureMessages":[],"meta":{},"tags":[]},{"ancestorTitles":["F06 Edge shared complete billing sources"],"fullName":"F06 Edge shared complete billing sources rejects 'resident_rate_agreements' 'null count'","status":"passed","title":"rejects 'resident_rate_agreements' 'null count'","duration":0.0746249999997417,"failureMessages":[],"meta":{},"tags":[]},{"ancestorTitles":["F06 Edge shared complete billing sources"],"fullName":"F06 Edge shared complete billing sources rejects 'resident_rate_agreements' 'missing count'","status":"passed","title":"rejects 'resident_rate_agreements' 'missing count'","duration":0.07362499999999272,"failureMessages":[],"meta":{},"tags":[]},{"ancestorTitles":["F06 Edge shared complete billing sources"],"fullName":"F06 Edge shared complete billing sources rejects 'resident_rate_agreements' 'null data'","status":"passed","title":"rejects 'resident_rate_agreements' 'null data'","duration":0.07412500000009459,"failureMessages":[],"meta":{},"tags":[]},{"ancestorTitles":["F06 Edge shared complete billing sources"],"fullName":"F06 Edge shared complete billing sources rejects 'invoices' 'null count'","status":"passed","title":"rejects 'invoices' 'null count'","duration":0.07745799999975134,"failureMessages":[],"meta":{},"tags":[]},{"ancestorTitles":["F06 Edge shared complete billing sources"],"fullName":"F06 Edge shared complete billing sources rejects 'invoices' 'missing count'","status":"passed","title":"rejects 'invoices' 'missing count'","duration":0.07137500000044383,"failureMessages":[],"meta":{},"tags":[]},{"ancestorTitles":["F06 Edge shared complete billing sources"],"fullName":"F06 Edge shared complete billing sources rejects 'invoices' 'null data'","status":"passed","title":"rejects 'invoices' 'null data'","duration":0.07154200000013589,"failureMessages":[],"meta":{},"tags":[]},{"ancestorTitles":["F06 Edge shared complete billing sources"],"fullName":"F06 Edge shared complete billing sources keeps provider transport failure distinct from zero providers","status":"passed","title":"keeps provider transport failure distinct from zero providers","duration":0.08066699999972116,"failureMessages":[],"meta":{},"tags":[]},{"ancestorTitles":["F06 Edge shared complete billing sources"],"fullName":"F06 Edge shared complete billing sources rejects invalid month 0 before querying","status":"passed","title":"rejects invalid month 0 before querying","duration":0.042084000000158994,"failureMessages":[],"meta":{},"tags":[]},{"ancestorTitles":["F06 Edge shared complete billing sources"],"fullName":"F06 Edge shared complete billing sources rejects invalid month 13 before querying","status":"passed","title":"rejects invalid month 13 before querying","duration":0.05829199999971024,"failureMessages":[],"meta":{},"tags":[]},{"ancestorTitles":["F06 Edge shared complete billing sources"],"fullName":"F06 Edge shared complete billing sources rejects invalid month 5.5 before querying","status":"passed","title":"rejects invalid month 5.5 before querying","duration":0.03729199999997945,"failureMessages":[],"meta":{},"tags":[]},{"ancestorTitles":["F06 Edge shared complete billing sources"],"fullName":"F06 Edge shared complete billing sources rejects invalid month NaN before querying","status":"passed","title":"rejects invalid month NaN before querying","duration":0.07916699999987031,"failureMessages":[],"meta":{},"tags":[]},{"ancestorTitles":["F06 Edge shared complete billing sources"],"fullName":"F06 Edge shared complete billing sources rejects invalid month Infinity before querying","status":"passed","title":"rejects invalid month Infinity before querying","duration":0.04062500000009095,"failureMessages":[],"meta":{},"tags":[]},{"ancestorTitles":["F06 Edge shared complete billing sources"],"fullName":"F06 Edge shared complete billing sources rejects invalid year 0 before querying","status":"passed","title":"rejects invalid year 0 before querying","duration":0.03962500000034197,"failureMessages":[],"meta":{},"tags":[]},{"ancestorTitles":["F06 Edge shared complete billing sources"],"fullName":"F06 Edge shared complete billing sources rejects invalid year 2026.5 before querying","status":"passed","title":"rejects invalid year 2026.5 before querying","duration":0.03629200000023047,"failureMessages":[],"meta":{},"tags":[]},{"ancestorTitles":["F06 Edge shared complete billing sources"],"fullName":"F06 Edge shared complete billing sources rejects invalid year NaN before querying","status":"passed","title":"rejects invalid year NaN before querying","duration":0.0354589999997188,"failureMessages":[],"meta":{},"tags":[]},{"ancestorTitles":["F06 Edge shared complete billing sources"],"fullName":"F06 Edge shared complete billing sources rejects invalid year Infinity before querying","status":"passed","title":"rejects invalid year Infinity before querying","duration":0.034333000000060565,"failureMessages":[],"meta":{},"tags":[]},{"ancestorTitles":["F06 Edge shared complete billing sources"],"fullName":"F06 Edge shared complete billing sources rejects incomplete organization facility response {\"count\":2501}","status":"passed","title":"rejects incomplete organization facility response {\"count\":2501}","duration":0.16829199999983757,"failureMessages":[],"meta":{},"tags":[]},{"ancestorTitles":["F06 Edge shared complete billing sources"],"fullName":"F06 Edge shared complete billing sources rejects incomplete organization facility response {\"count\":null}","status":"passed","title":"rejects incomplete organization facility response {\"count\":null}","duration":0.07487499999979264,"failureMessages":[],"meta":{},"tags":[]},{"ancestorTitles":["F06 Edge shared complete billing sources"],"fullName":"F06 Edge shared complete billing sources rejects incomplete organization facility response {}","status":"passed","title":"rejects incomplete organization facility response {}","duration":0.055499999999938154,"failureMessages":[],"meta":{},"tags":[]},{"ancestorTitles":["F06 Edge shared complete billing sources"],"fullName":"F06 Edge shared complete billing sources rejects incomplete organization facility response {\"data\":null,\"count\":0}","status":"passed","title":"rejects incomplete organization facility response {\"data\":null,\"count\":0}","duration":0.051207999999860476,"failureMessages":[],"meta":{},"tags":[]},{"ancestorTitles":["F06 Edge shared complete billing sources"],"fullName":"F06 Edge shared complete billing sources recognizes an exactly counted empty facility list","status":"passed","title":"recognizes an exactly counted empty facility list","duration":0.04454200000009223,"failureMessages":[],"meta":{},"tags":[]},{"ancestorTitles":["F06 actual registered Edge billing handler"],"fullName":"F06 actual registered Edge billing handler executes organization success and returns max_facilities without ReferenceError","status":"passed","title":"executes organization success and returns max_facilities without ReferenceError","duration":224.89545799999996,"failureMessages":[],"meta":{},"tags":[]},{"ancestorTitles":["F06 actual registered Edge billing handler"],"fullName":"F06 actual registered Edge billing handler reports known progress and unresolved mutation in facility mode","status":"passed","title":"reports known progress and unresolved mutation in facility mode","duration":204.57074999999986,"failureMessages":[],"meta":{},"tags":[]},{"ancestorTitles":["F06 actual registered Edge billing handler"],"fullName":"F06 actual registered Edge billing handler reports known progress and unresolved mutation in organization mode","status":"passed","title":"reports known progress and unresolved mutation in organization mode","duration":56.69195800000034,"failureMessages":[],"meta":{},"tags":[]},{"ancestorTitles":["F06 actual registered Edge billing handler"],"fullName":"F06 actual registered Edge billing handler reports mixed-facility known progress when the second facility is blocked","status":"passed","title":"reports mixed-facility known progress when the second facility is blocked","duration":263.2197500000002,"failureMessages":[],"meta":{},"tags":[]},{"ancestorTitles":["F06 actual registered Edge billing handler"],"fullName":"F06 actual registered Edge billing handler reports mixed-facility known progress when the second facility is unknown","status":"passed","title":"reports mixed-facility known progress when the second facility is unknown","duration":58.350582999999915,"failureMessages":[],"meta":{},"tags":[]},{"ancestorTitles":["F06 actual registered Edge billing handler"],"fullName":"F06 actual registered Edge billing handler keeps a timed-out RPC separate from a known duplicate","status":"passed","title":"keeps a timed-out RPC separate from a known duplicate","duration":180.5392499999998,"failureMessages":[],"meta":{},"tags":[]},{"ancestorTitles":["F06 actual registered Edge billing handler"],"fullName":"F06 actual registered Edge billing handler reports an intentional organization cap as incomplete without changing its processing limit","status":"passed","title":"reports an intentional organization cap as incomplete without changing its processing limit","duration":57.9800409999998,"failureMessages":[],"meta":{},"tags":[]},{"ancestorTitles":["F06 actual registered Edge billing handler"],"fullName":"F06 actual registered Edge billing handler reports preserved business-warning billing as partial in facility mode","status":"passed","title":"reports preserved business-warning billing as partial in facility mode","duration":39.114416999999776,"failureMessages":[],"meta":{},"tags":[]},{"ancestorTitles":["F06 actual registered Edge billing handler"],"fullName":"F06 actual registered Edge billing handler reports preserved business-warning billing as partial in organization mode","status":"passed","title":"reports preserved business-warning billing as partial in organization mode","duration":110.44712500000014,"failureMessages":[],"meta":{},"tags":[]},{"ancestorTitles":["F06 actual registered Edge billing handler"],"fullName":"F06 actual registered Edge billing handler keeps unresolved identity in authorized output while sanitizing actual handler telemetry","status":"passed","title":"keeps unresolved identity in authorized output while sanitizing actual handler telemetry","duration":145.8327079999999,"failureMessages":[],"meta":{},"tags":[]},{"ancestorTitles":["F06 actual registered Edge billing handler"],"fullName":"F06 actual registered Edge billing handler does not persist an incomplete residents facility preview","status":"passed","title":"does not persist an incomplete residents facility preview","duration":83.62154200000032,"failureMessages":[],"meta":{},"tags":[]},{"ancestorTitles":["F06 actual registered Edge billing handler"],"fullName":"F06 actual registered Edge billing handler does not persist an incomplete resident_payers facility preview","status":"passed","title":"does not persist an incomplete resident_payers facility preview","duration":66.91891699999996,"failureMessages":[],"meta":{},"tags":[]},{"ancestorTitles":["F06 actual registered Edge billing handler"],"fullName":"F06 actual registered Edge billing handler does not persist an incomplete facility_medicaid_providers facility preview","status":"passed","title":"does not persist an incomplete facility_medicaid_providers facility preview","duration":148.04829199999995,"failureMessages":[],"meta":{},"tags":[]},{"ancestorTitles":["F06 actual registered Edge billing handler"],"fullName":"F06 actual registered Edge billing handler does not persist an incomplete resident_rate_agreements facility preview","status":"passed","title":"does not persist an incomplete resident_rate_agreements facility preview","duration":148.00912499999959,"failureMessages":[],"meta":{},"tags":[]},{"ancestorTitles":["F06 actual registered Edge billing handler"],"fullName":"F06 actual registered Edge billing handler does not persist an incomplete invoices facility preview","status":"passed","title":"does not persist an incomplete invoices facility preview","duration":153.91533299999992,"failureMessages":[],"meta":{},"tags":[]},{"ancestorTitles":["F06 actual registered Edge billing handler"],"fullName":"F06 actual registered Edge billing handler blocks organization work before persistence when facility listing is truncated","status":"passed","title":"blocks organization work before persistence when facility listing is truncated","duration":159.4755839999998,"failureMessages":[],"meta":{},"tags":[]},{"ancestorTitles":["F06 actual registered Edge billing handler"],"fullName":"F06 actual registered Edge billing handler reports blocked-only organization work as unsuccessful","status":"passed","title":"reports blocked-only organization work as unsuccessful","duration":214.1511249999994,"failureMessages":[],"meta":{},"tags":[]},{"ancestorTitles":["F06 actual registered Edge billing handler"],"fullName":"F06 actual registered Edge billing handler rejects invalid request period/body {\"billing_year\":2026.5,\"billing_month\":5}","status":"passed","title":"rejects invalid request period/body {\"billing_year\":2026.5,\"billing_month\":5}","duration":158.5342499999997,"failureMessages":[],"meta":{},"tags":[]},{"ancestorTitles":["F06 actual registered Edge billing handler"],"fullName":"F06 actual registered Edge billing handler rejects invalid request period/body {\"billing_year\":2026,\"billing_month\":5.5}","status":"passed","title":"rejects invalid request period/body {\"billing_year\":2026,\"billing_month\":5.5}","duration":109.06679199999962,"failureMessages":[],"meta":{},"tags":[]},{"ancestorTitles":["F06 actual registered Edge billing handler"],"fullName":"F06 actual registered Edge billing handler rejects invalid request period/body {\"billing_year\":\"2026\",\"billing_month\":\"5\"}","status":"passed","title":"rejects invalid request period/body {\"billing_year\":\"2026\",\"billing_month\":\"5\"}","duration":99.65154200000052,"failureMessages":[],"meta":{},"tags":[]},{"ancestorTitles":["F06 actual registered Edge billing handler"],"fullName":"F06 actual registered Edge billing handler rejects invalid request period/body {\"billing_year\":null,\"billing_month\":null}","status":"passed","title":"rejects invalid request period/body {\"billing_year\":null,\"billing_month\":null}","duration":169.35883300000023,"failureMessages":[],"meta":{},"tags":[]},{"ancestorTitles":["F06 actual registered Edge billing handler"],"fullName":"F06 actual registered Edge billing handler rejects invalid request period/body null","status":"passed","title":"rejects invalid request period/body null","duration":155.32625000000007,"failureMessages":[],"meta":{},"tags":[]}],"startTime":1788958267857,"endTime":1788958270998.3262,"status":"passed","message":"","name":"/Users/brianlewis/Circle of Life/Haven Finance Integration/src/lib/billing/generate-monthly-source-guards.test.ts"},{"assertionResults":[{"ancestorTitles":["F06 app temporal payer selection"],"fullName":"F06 app temporal payer selection 'future June primary leaves establishe…'","status":"passed","title":"'future June primary leaves establishe…'","duration":32.12108399999988,"failureMessages":[],"meta":{},"tags":[]},{"ancestorTitles":["F06 app temporal payer selection"],"fullName":"F06 app temporal payer selection 'May16 admission starts Medicaid on Ma…'","status":"passed","title":"'May16 admission starts Medicaid on Ma…'","duration":0.5827920000001541,"failureMessages":[],"meta":{},"tags":[]},{"ancestorTitles":["F06 app temporal payer selection"],"fullName":"F06 app temporal payer selection 'payer end includes the official May15…'","status":"passed","title":"'payer end includes the official May15…'","duration":0.22016600000006292,"failureMessages":[],"meta":{},"tags":[]},{"ancestorTitles":["F06 app temporal payer selection"],"fullName":"F06 app temporal payer selection 'wholly ended primary leaves establish…'","status":"passed","title":"'wholly ended primary leaves establish…'","duration":0.20658299999968222,"failureMessages":[],"meta":{},"tags":[]},{"ancestorTitles":["F06 app temporal payer selection"],"fullName":"F06 app temporal payer selection 'payer ends before resident billable e…'","status":"passed","title":"'payer ends before resident billable e…'","duration":0.7327909999999065,"failureMessages":[],"meta":{},"tags":[]},{"ancestorTitles":["F06 app temporal payer selection"],"fullName":"F06 app temporal payer selection 'payer starts after existing resident …'","status":"passed","title":"'payer starts after existing resident …'","duration":0.2145410000002812,"failureMessages":[],"meta":{},"tags":[]},{"ancestorTitles":["F06 app temporal payer selection"],"fullName":"F06 app temporal payer selection 'mid-month responsibility change requi…'","status":"passed","title":"'mid-month responsibility change requi…'","duration":0.18337500000006912,"failureMessages":[],"meta":{},"tags":[]},{"ancestorTitles":["F06 app temporal payer selection"],"fullName":"F06 app temporal payer selection 'multiple covering primaries have no a…'","status":"passed","title":"'multiple covering primaries have no a…'","duration":0.16258299999981318,"failureMessages":[],"meta":{},"tags":[]},{"ancestorTitles":["F06 app temporal payer selection"],"fullName":"F06 app temporal payer selection 'partially overlapping primaries requi…'","status":"passed","title":"'partially overlapping primaries requi…'","duration":0.45012499999984357,"failureMessages":[],"meta":{},"tags":[]},{"ancestorTitles":["F06 app temporal payer selection"],"fullName":"F06 app temporal payer selection 'reversed primary interval is invalid'","status":"passed","title":"'reversed primary interval is invalid'","duration":0.17220799999995506,"failureMessages":[],"meta":{},"tags":[]},{"ancestorTitles":["F06 app temporal payer selection"],"fullName":"F06 app temporal payer selection 'calendar-invalid payer date is reject…'","status":"passed","title":"'calendar-invalid payer date is reject…'","duration":0.12345800000002782,"failureMessages":[],"meta":{},"tags":[]},{"ancestorTitles":["F06 app temporal payer selection"],"fullName":"F06 app temporal payer selection 'missing primary effective date is rej…'","status":"passed","title":"'missing primary effective date is rej…'","duration":0.17733300000008967,"failureMessages":[],"meta":{},"tags":[]},{"ancestorTitles":["F06 app temporal payer selection"],"fullName":"F06 app temporal payer selection 'reversed resident interval is invalid'","status":"passed","title":"'reversed resident interval is invalid'","duration":0.11075000000028012,"failureMessages":[],"meta":{},"tags":[]},{"ancestorTitles":["F06 app temporal payer selection"],"fullName":"F06 app temporal payer selection 'unknown admission cannot establish bi…'","status":"passed","title":"'unknown admission cannot establish bi…'","duration":0.10595800000010058,"failureMessages":[],"meta":{},"tags":[]},{"ancestorTitles":["F06 app temporal payer selection"],"fullName":"F06 app temporal payer selection 'leap February15–29 has15 billable days'","status":"passed","title":"'leap February15–29 has15 billable days'","duration":0.12062500000001819,"failureMessages":[],"meta":{},"tags":[]},{"ancestorTitles":["F06 app temporal payer selection"],"fullName":"F06 app temporal payer selection 'spring DST March8–31 has24 civil days'","status":"passed","title":"'spring DST March8–31 has24 civil days'","duration":0.14391599999999016,"failureMessages":[],"meta":{},"tags":[]},{"ancestorTitles":["F06 app temporal payer selection"],"fullName":"F06 app temporal payer selection 'fall DST discharge November1 counts o…'","status":"passed","title":"'fall DST discharge November1 counts o…'","duration":0.10500000000001819,"failureMessages":[],"meta":{},"tags":[]},{"ancestorTitles":["F06 app temporal payer selection"],"fullName":"F06 app temporal payer selection 'future admission has no May billable …'","status":"passed","title":"'future admission has no May billable …'","duration":0.10237499999993815,"failureMessages":[],"meta":{},"tags":[]},{"ancestorTitles":["F06 app temporal payer selection"],"fullName":"F06 app temporal payer selection 'same-day admission and discharge incl…'","status":"passed","title":"'same-day admission and discharge incl…'","duration":0.09474999999974898,"failureMessages":[],"meta":{},"tags":[]},{"ancestorTitles":["F06 app temporal payer selection"],"fullName":"F06 app temporal payer selection 'no current primary retains private ba…'","status":"passed","title":"'no current primary retains private ba…'","duration":0.17162499999994907,"failureMessages":[],"meta":{},"tags":[]},{"ancestorTitles":["F06 app temporal payer selection"],"fullName":"F06 app temporal payer selection 'explicit full-May private primary bea…'","status":"passed","title":"'explicit full-May private primary bea…'","duration":0.10300000000006548,"failureMessages":[],"meta":{},"tags":[]},{"ancestorTitles":["F06 app temporal payer selection"],"fullName":"F06 app temporal payer selection does not choose an overlapping primary by response order","status":"passed","title":"does not choose an overlapping primary by response order","duration":0.2342079999998532,"failureMessages":[],"meta":{},"tags":[]},{"ancestorTitles":["F06 app temporal payer selection"],"fullName":"F06 app temporal payer selection blocks the entire preview instead of quietly skipping an ambiguous resident","status":"passed","title":"blocks the entire preview instead of quietly skipping an ambiguous resident","duration":0.11395900000024994,"failureMessages":[],"meta":{},"tags":[]},{"ancestorTitles":["F06 Edge temporal payer selection"],"fullName":"F06 Edge temporal payer selection 'future June primary leaves establishe…'","status":"passed","title":"'future June primary leaves establishe…'","duration":0.888332999999875,"failureMessages":[],"meta":{},"tags":[]},{"ancestorTitles":["F06 Edge temporal payer selection"],"fullName":"F06 Edge temporal payer selection 'May16 admission starts Medicaid on Ma…'","status":"passed","title":"'May16 admission starts Medicaid on Ma…'","duration":0.8024169999998776,"failureMessages":[],"meta":{},"tags":[]},{"ancestorTitles":["F06 Edge temporal payer selection"],"fullName":"F06 Edge temporal payer selection 'payer end includes the official May15…'","status":"passed","title":"'payer end includes the official May15…'","duration":0.19379200000003038,"failureMessages":[],"meta":{},"tags":[]},{"ancestorTitles":["F06 Edge temporal payer selection"],"fullName":"F06 Edge temporal payer selection 'wholly ended primary leaves establish…'","status":"passed","title":"'wholly ended primary leaves establish…'","duration":0.13579200000003766,"failureMessages":[],"meta":{},"tags":[]},{"ancestorTitles":["F06 Edge temporal payer selection"],"fullName":"F06 Edge temporal payer selection 'payer ends before resident billable e…'","status":"passed","title":"'payer ends before resident billable e…'","duration":0.6232079999999769,"failureMessages":[],"meta":{},"tags":[]},{"ancestorTitles":["F06 Edge temporal payer selection"],"fullName":"F06 Edge temporal payer selection 'payer starts after existing resident …'","status":"passed","title":"'payer starts after existing resident …'","duration":0.5558750000000146,"failureMessages":[],"meta":{},"tags":[]},{"ancestorTitles":["F06 Edge temporal payer selection"],"fullName":"F06 Edge temporal payer selection 'mid-month responsibility change requi…'","status":"passed","title":"'mid-month responsibility change requi…'","duration":0.3728339999997843,"failureMessages":[],"meta":{},"tags":[]},{"ancestorTitles":["F06 Edge temporal payer selection"],"fullName":"F06 Edge temporal payer selection 'multiple covering primaries have no a…'","status":"passed","title":"'multiple covering primaries have no a…'","duration":0.17916699999977936,"failureMessages":[],"meta":{},"tags":[]},{"ancestorTitles":["F06 Edge temporal payer selection"],"fullName":"F06 Edge temporal payer selection 'partially overlapping primaries requi…'","status":"passed","title":"'partially overlapping primaries requi…'","duration":1.4658330000002024,"failureMessages":[],"meta":{},"tags":[]},{"ancestorTitles":["F06 Edge temporal payer selection"],"fullName":"F06 Edge temporal payer selection 'reversed primary interval is invalid'","status":"passed","title":"'reversed primary interval is invalid'","duration":0.24733300000025338,"failureMessages":[],"meta":{},"tags":[]},{"ancestorTitles":["F06 Edge temporal payer selection"],"fullName":"F06 Edge temporal payer selection 'calendar-invalid payer date is reject…'","status":"passed","title":"'calendar-invalid payer date is reject…'","duration":0.17204199999969205,"failureMessages":[],"meta":{},"tags":[]},{"ancestorTitles":["F06 Edge temporal payer selection"],"fullName":"F06 Edge temporal payer selection 'missing primary effective date is rej…'","status":"passed","title":"'missing primary effective date is rej…'","duration":0.1227920000001177,"failureMessages":[],"meta":{},"tags":[]},{"ancestorTitles":["F06 Edge temporal payer selection"],"fullName":"F06 Edge temporal payer selection 'reversed resident interval is invalid'","status":"passed","title":"'reversed resident interval is invalid'","duration":0.1066249999998945,"failureMessages":[],"meta":{},"tags":[]},{"ancestorTitles":["F06 Edge temporal payer selection"],"fullName":"F06 Edge temporal payer selection 'unknown admission cannot establish bi…'","status":"passed","title":"'unknown admission cannot establish bi…'","duration":0.0960840000002463,"failureMessages":[],"meta":{},"tags":[]},{"ancestorTitles":["F06 Edge temporal payer selection"],"fullName":"F06 Edge temporal payer selection 'leap February15–29 has15 billable days'","status":"passed","title":"'leap February15–29 has15 billable days'","duration":0.1303330000000642,"failureMessages":[],"meta":{},"tags":[]},{"ancestorTitles":["F06 Edge temporal payer selection"],"fullName":"F06 Edge temporal payer selection 'spring DST March8–31 has24 civil days'","status":"passed","title":"'spring DST March8–31 has24 civil days'","duration":0.11162500000000364,"failureMessages":[],"meta":{},"tags":[]},{"ancestorTitles":["F06 Edge temporal payer selection"],"fullName":"F06 Edge temporal payer selection 'fall DST discharge November1 counts o…'","status":"passed","title":"'fall DST discharge November1 counts o…'","duration":0.11970900000005713,"failureMessages":[],"meta":{},"tags":[]},{"ancestorTitles":["F06 Edge temporal payer selection"],"fullName":"F06 Edge temporal payer selection 'future admission has no May billable …'","status":"passed","title":"'future admission has no May billable …'","duration":0.10220799999979135,"failureMessages":[],"meta":{},"tags":[]},{"ancestorTitles":["F06 Edge temporal payer selection"],"fullName":"F06 Edge temporal payer selection 'same-day admission and discharge incl…'","status":"passed","title":"'same-day admission and discharge incl…'","duration":0.12012500000037107,"failureMessages":[],"meta":{},"tags":[]},{"ancestorTitles":["F06 Edge temporal payer selection"],"fullName":"F06 Edge temporal payer selection 'no current primary retains private ba…'","status":"passed","title":"'no current primary retains private ba…'","duration":0.20912500000031287,"failureMessages":[],"meta":{},"tags":[]},{"ancestorTitles":["F06 Edge temporal payer selection"],"fullName":"F06 Edge temporal payer selection 'explicit full-May private primary bea…'","status":"passed","title":"'explicit full-May private primary bea…'","duration":0.1075420000001941,"failureMessages":[],"meta":{},"tags":[]},{"ancestorTitles":["F06 Edge temporal payer selection"],"fullName":"F06 Edge temporal payer selection does not choose an overlapping primary by response order","status":"passed","title":"does not choose an overlapping primary by response order","duration":0.16150000000016007,"failureMessages":[],"meta":{},"tags":[]},{"ancestorTitles":["F06 Edge temporal payer selection"],"fullName":"F06 Edge temporal payer selection blocks the entire preview instead of quietly skipping an ambiguous resident","status":"passed","title":"blocks the entire preview instead of quietly skipping an ambiguous resident","duration":0.11004200000024866,"failureMessages":[],"meta":{},"tags":[]},{"ancestorTitles":[],"fullName":"actual Edge handler does not persist a mid-month responsibility guess","status":"passed","title":"actual Edge handler does not persist a mid-month responsibility guess","duration":247.67962499999976,"failureMessages":[],"meta":{},"tags":[]}],"startTime":1788958267901,"endTime":1788958268193.6797,"status":"passed","message":"","name":"/Users/brianlewis/Circle of Life/Haven Finance Integration/src/lib/billing/generate-monthly-temporal-payers.test.ts"},{"assertionResults":[{"ancestorTitles":["HFA-014 HFA-016 resident funds remain separate from receivables"],"fullName":"HFA-014 HFA-016 resident funds remain separate from receivables does not offset open AR with trust money","status":"passed","title":"does not offset open AR with trust money","duration":0.9955420000001141,"failureMessages":[],"meta":{},"tags":[]}],"startTime":1788958267605,"endTime":1788958267605.9956,"status":"passed","message":"","name":"/Users/brianlewis/Circle of Life/Haven Finance Integration/src/lib/finance/forecast.test.ts"},{"assertionResults":[{"ancestorTitles":["HFA-036 exact dollar input"],"fullName":"HFA-036 exact dollar input parses 12.34 as exact cents","status":"passed","title":"parses 12.34 as exact cents","duration":1.2917500000000928,"failureMessages":[],"meta":{},"tags":[]},{"ancestorTitles":["HFA-036 exact dollar input"],"fullName":"HFA-036 exact dollar input parses 1234 as exact cents","status":"passed","title":"parses 1234 as exact cents","duration":0.22079099999996288,"failureMessages":[],"meta":{},"tags":[]},{"ancestorTitles":["HFA-036 exact dollar input"],"fullName":"HFA-036 exact dollar input parses  $1,234.56  as exact cents","status":"passed","title":"parses  $1,234.56  as exact cents","duration":0.060541000000057466,"failureMessages":[],"meta":{},"tags":[]},{"ancestorTitles":["HFA-036 exact dollar input"],"fullName":"HFA-036 exact dollar input parses .29 as exact cents","status":"passed","title":"parses .29 as exact cents","duration":0.0808750000001055,"failureMessages":[],"meta":{},"tags":[]},{"ancestorTitles":["HFA-036 exact dollar input"],"fullName":"HFA-036 exact dollar input parses 0.01 as exact cents","status":"passed","title":"parses 0.01 as exact cents","duration":0.09029200000009041,"failureMessages":[],"meta":{},"tags":[]},{"ancestorTitles":["HFA-036 exact dollar input"],"fullName":"HFA-036 exact dollar input parses 12. as exact cents","status":"passed","title":"parses 12. as exact cents","duration":0.048833999999942534,"failureMessages":[],"meta":{},"tags":[]},{"ancestorTitles":["HFA-036 exact dollar input"],"fullName":"HFA-036 exact dollar input parses 12.3 as exact cents","status":"passed","title":"parses 12.3 as exact cents","duration":0.03399999999987813,"failureMessages":[],"meta":{},"tags":[]},{"ancestorTitles":["HFA-036 exact dollar input"],"fullName":"HFA-036 exact dollar input parses -$1,234.56 as exact cents","status":"passed","title":"parses -$1,234.56 as exact cents","duration":0.030917000000044936,"failureMessages":[],"meta":{},"tags":[]},{"ancestorTitles":["HFA-036 exact dollar input"],"fullName":"HFA-036 exact dollar input parses +12.34 as exact cents","status":"passed","title":"parses +12.34 as exact cents","duration":0.3148750000000291,"failureMessages":[],"meta":{},"tags":[]},{"ancestorTitles":["HFA-036 exact dollar input"],"fullName":"HFA-036 exact dollar input parses 0 as exact cents","status":"passed","title":"parses 0 as exact cents","duration":0.06820900000002439,"failureMessages":[],"meta":{},"tags":[]},{"ancestorTitles":["HFA-036 exact dollar input"],"fullName":"HFA-036 exact dollar input parses 90071992547409.91 as exact cents","status":"passed","title":"parses 90071992547409.91 as exact cents","duration":0.034374999999954525,"failureMessages":[],"meta":{},"tags":[]},{"ancestorTitles":["HFA-036 exact dollar input"],"fullName":"HFA-036 exact dollar input parses -90071992547409.91 as exact cents","status":"passed","title":"parses -90071992547409.91 as exact cents","duration":0.023750000000063665,"failureMessages":[],"meta":{},"tags":[]},{"ancestorTitles":["HFA-036 exact dollar input"],"fullName":"HFA-036 exact dollar input rejects 1.005 without rounding or reinterpretation","status":"passed","title":"rejects 1.005 without rounding or reinterpretation","duration":0.04150000000004184,"failureMessages":[],"meta":{},"tags":[]},{"ancestorTitles":["HFA-036 exact dollar input"],"fullName":"HFA-036 exact dollar input rejects 0.009 without rounding or reinterpretation","status":"passed","title":"rejects 0.009 without rounding or reinterpretation","duration":0.024292000000059488,"failureMessages":[],"meta":{},"tags":[]},{"ancestorTitles":["HFA-036 exact dollar input"],"fullName":"HFA-036 exact dollar input rejects 1.999 without rounding or reinterpretation","status":"passed","title":"rejects 1.999 without rounding or reinterpretation","duration":0.020665999999891937,"failureMessages":[],"meta":{},"tags":[]},{"ancestorTitles":["HFA-036 exact dollar input"],"fullName":"HFA-036 exact dollar input rejects 1e3 without rounding or reinterpretation","status":"passed","title":"rejects 1e3 without rounding or reinterpretation","duration":0.0206670000000031,"failureMessages":[],"meta":{},"tags":[]},{"ancestorTitles":["HFA-036 exact dollar input"],"fullName":"HFA-036 exact dollar input rejects 0x10 without rounding or reinterpretation","status":"passed","title":"rejects 0x10 without rounding or reinterpretation","duration":0.018915999999990163,"failureMessages":[],"meta":{},"tags":[]},{"ancestorTitles":["HFA-036 exact dollar input"],"fullName":"HFA-036 exact dollar input rejects 1,2,3 without rounding or reinterpretation","status":"passed","title":"rejects 1,2,3 without rounding or reinterpretation","duration":0.017291999999997643,"failureMessages":[],"meta":{},"tags":[]},{"ancestorTitles":["HFA-036 exact dollar input"],"fullName":"HFA-036 exact dollar input rejects 12,34.56 without rounding or reinterpretation","status":"passed","title":"rejects 12,34.56 without rounding or reinterpretation","duration":0.01745899999991707,"failureMessages":[],"meta":{},"tags":[]},{"ancestorTitles":["HFA-036 exact dollar input"],"fullName":"HFA-036 exact dollar input rejects 1$2 without rounding or reinterpretation","status":"passed","title":"rejects 1$2 without rounding or reinterpretation","duration":0.018041000000039276,"failureMessages":[],"meta":{},"tags":[]},{"ancestorTitles":["HFA-036 exact dollar input"],"fullName":"HFA-036 exact dollar input rejects 90071992547409.92 without rounding or reinterpretation","status":"passed","title":"rejects 90071992547409.92 without rounding or reinterpretation","duration":0.01933299999996052,"failureMessages":[],"meta":{},"tags":[]},{"ancestorTitles":["HFA-036 exact dollar input"],"fullName":"HFA-036 exact dollar input rejects -90071992547409.92 without rounding or reinterpretation","status":"passed","title":"rejects -90071992547409.92 without rounding or reinterpretation","duration":0.0206670000000031,"failureMessages":[],"meta":{},"tags":[]},{"ancestorTitles":["HFA-036 exact dollar input"],"fullName":"HFA-036 exact dollar input rejects  without rounding or reinterpretation","status":"passed","title":"rejects  without rounding or reinterpretation","duration":0.018249999999852662,"failureMessages":[],"meta":{},"tags":[]},{"ancestorTitles":["HFA-036 exact dollar input"],"fullName":"HFA-036 exact dollar input rejects $ without rounding or reinterpretation","status":"passed","title":"rejects $ without rounding or reinterpretation","duration":0.016624999999976353,"failureMessages":[],"meta":{},"tags":[]},{"ancestorTitles":["HFA-036 exact dollar input"],"fullName":"HFA-036 exact dollar input rejects . without rounding or reinterpretation","status":"passed","title":"rejects . without rounding or reinterpretation","duration":0.01645900000016809,"failureMessages":[],"meta":{},"tags":[]},{"ancestorTitles":["HFA-036 exact dollar input"],"fullName":"HFA-036 exact dollar input rejects NaN without rounding or reinterpretation","status":"passed","title":"rejects NaN without rounding or reinterpretation","duration":0.01625000000012733,"failureMessages":[],"meta":{},"tags":[]},{"ancestorTitles":["HFA-036 exact dollar input"],"fullName":"HFA-036 exact dollar input rejects Infinity without rounding or reinterpretation","status":"passed","title":"rejects Infinity without rounding or reinterpretation","duration":0.01608299999998053,"failureMessages":[],"meta":{},"tags":[]}],"startTime":1788958267304,"endTime":1788958267307.0208,"status":"passed","message":"","name":"/Users/brianlewis/Circle of Life/Haven Finance Integration/src/lib/finance/format-cents.test.ts"},{"assertionResults":[{"ancestorTitles":["HFA-036 journal input integrity"],"fullName":"HFA-036 journal input integrity keeps exact line amounts and ignores only wholly empty rows","status":"passed","title":"keeps exact line amounts and ignores only wholly empty rows","duration":3.9076659999998355,"failureMessages":[],"meta":{},"tags":[]},{"ancestorTitles":["HFA-036 journal input integrity"],"fullName":"HFA-036 journal input integrity rejects an invalid entered line even alongside a balanced journal: {\"gl_account_id\":\"cash\",\"debit\":\"1.005\",\"credit\":\"\"}","status":"passed","title":"rejects an invalid entered line even alongside a balanced journal: {\"gl_account_id\":\"cash\",\"debit\":\"1.005\",\"credit\":\"\"}","duration":0.2414169999999558,"failureMessages":[],"meta":{},"tags":[]},{"ancestorTitles":["HFA-036 journal input integrity"],"fullName":"HFA-036 journal input integrity rejects an invalid entered line even alongside a balanced journal: {\"gl_account_id\":\"cash\",\"debit\":\"1e3\",\"credit\":\"\"}","status":"passed","title":"rejects an invalid entered line even alongside a balanced journal: {\"gl_account_id\":\"cash\",\"debit\":\"1e3\",\"credit\":\"\"}","duration":0.11349999999993088,"failureMessages":[],"meta":{},"tags":[]},{"ancestorTitles":["HFA-036 journal input integrity"],"fullName":"HFA-036 journal input integrity rejects an invalid entered line even alongside a balanced journal: {\"gl_account_id\":\"cash\",\"debit\":\"bad\",\"credit\":\"\"}","status":"passed","title":"rejects an invalid entered line even alongside a balanced journal: {\"gl_account_id\":\"cash\",\"debit\":\"bad\",\"credit\":\"\"}","duration":0.10195900000007896,"failureMessages":[],"meta":{},"tags":[]},{"ancestorTitles":["HFA-036 journal input integrity"],"fullName":"HFA-036 journal input integrity rejects an invalid entered line even alongside a balanced journal: {\"gl_account_id\":\"cash\",\"debit\":\"-1\",\"credit\":\"\"}","status":"passed","title":"rejects an invalid entered line even alongside a balanced journal: {\"gl_account_id\":\"cash\",\"debit\":\"-1\",\"credit\":\"\"}","duration":0.10241699999983211,"failureMessages":[],"meta":{},"tags":[]},{"ancestorTitles":["HFA-036 journal input integrity"],"fullName":"HFA-036 journal input integrity rejects an invalid entered line even alongside a balanced journal: {\"gl_account_id\":\"cash\",\"debit\":\"1\",\"credit\":\"1\"}","status":"passed","title":"rejects an invalid entered line even alongside a balanced journal: {\"gl_account_id\":\"cash\",\"debit\":\"1\",\"credit\":\"1\"}","duration":0.05216700000005403,"failureMessages":[],"meta":{},"tags":[]},{"ancestorTitles":["HFA-036 journal input integrity"],"fullName":"HFA-036 journal input integrity rejects an invalid entered line even alongside a balanced journal: {\"gl_account_id\":\"\",\"debit\":\"1\",\"credit\":\"\"}","status":"passed","title":"rejects an invalid entered line even alongside a balanced journal: {\"gl_account_id\":\"\",\"debit\":\"1\",\"credit\":\"\"}","duration":0.038708000000042375,"failureMessages":[],"meta":{},"tags":[]},{"ancestorTitles":["HFA-036 journal input integrity"],"fullName":"HFA-036 journal input integrity rejects an invalid entered line even alongside a balanced journal: {\"gl_account_id\":\"cash\",\"debit\":\"\",\"credit\":\"\"}","status":"passed","title":"rejects an invalid entered line even alongside a balanced journal: {\"gl_account_id\":\"cash\",\"debit\":\"\",\"credit\":\"\"}","duration":0.03583400000002257,"failureMessages":[],"meta":{},"tags":[]},{"ancestorTitles":["HFA-036 journal input integrity"],"fullName":"HFA-036 journal input integrity preserves unbalanced drafts for further editing","status":"passed","title":"preserves unbalanced drafts for further editing","duration":0.32104199999980665,"failureMessages":[],"meta":{},"tags":[]},{"ancestorTitles":["HFA-036 journal input integrity"],"fullName":"HFA-036 journal input integrity rejects an individual line beyond its database integer bound","status":"passed","title":"rejects an individual line beyond its database integer bound","duration":0.3121249999999236,"failureMessages":[],"meta":{},"tags":[]},{"ancestorTitles":["HFA-036 journal input integrity"],"fullName":"HFA-036 journal input integrity supports aggregate totals beyond 32-bit cents using storable lines","status":"passed","title":"supports aggregate totals beyond 32-bit cents using storable lines","duration":0.10195900000007896,"failureMessages":[],"meta":{},"tags":[]}],"startTime":1788958266927,"endTime":1788958266933.312,"status":"passed","message":"","name":"/Users/brianlewis/Circle of Life/Haven Finance Integration/src/lib/finance/journal-form-lines.test.ts"},{"assertionResults":[{"ancestorTitles":["HFA-009 HFA-011 atomic source posting"],"fullName":"HFA-009 HFA-011 atomic source posting posts invoice through one command","status":"passed","title":"posts invoice through one command","duration":5.688583000000108,"failureMessages":[],"meta":{},"tags":[]},{"ancestorTitles":["HFA-009 HFA-011 atomic source posting"],"fullName":"HFA-009 HFA-011 atomic source posting posts payment through one command","status":"passed","title":"posts payment through one command","duration":0.6259160000004158,"failureMessages":[],"meta":{},"tags":[]},{"ancestorTitles":["HFA-009 HFA-011 atomic source posting"],"fullName":"HFA-009 HFA-011 atomic source posting preserves a failed posting result instead of treating a draft as posted","status":"passed","title":"preserves a failed posting result instead of treating a draft as posted","duration":4.691667000000052,"failureMessages":[],"meta":{},"tags":[]},{"ancestorTitles":["HFA-009 HFA-011 atomic source posting"],"fullName":"HFA-009 HFA-011 atomic source posting requires a committed journal receipt (null)","status":"passed","title":"requires a committed journal receipt (null)","duration":0.23287500000014916,"failureMessages":[],"meta":{},"tags":[]},{"ancestorTitles":["HFA-009 HFA-011 atomic source posting"],"fullName":"HFA-009 HFA-011 atomic source posting requires a committed journal receipt ({})","status":"passed","title":"requires a committed journal receipt ({})","duration":0.22108299999990777,"failureMessages":[],"meta":{},"tags":[]},{"ancestorTitles":["HFA-009 HFA-011 atomic source posting"],"fullName":"HFA-009 HFA-011 atomic source posting requires a committed journal receipt (undefined)","status":"passed","title":"requires a committed journal receipt (undefined)","duration":0.12062500000001819,"failureMessages":[],"meta":{},"tags":[]},{"ancestorTitles":["HFA-009 HFA-011 atomic source posting"],"fullName":"HFA-009 HFA-011 atomic source posting requires a committed journal receipt ({\"journal_entry_id\":5})","status":"passed","title":"requires a committed journal receipt ({\"journal_entry_id\":5})","duration":0.19033300000000963,"failureMessages":[],"meta":{},"tags":[]}],"startTime":1788958267569,"endTime":1788958267581.233,"status":"passed","message":"","name":"/Users/brianlewis/Circle of Life/Haven Finance Integration/src/lib/finance/post-to-gl.test.ts"},{"assertionResults":[{"ancestorTitles":["HFA-014 mapped resident-money response contract"],"fullName":"HFA-014 mapped resident-money response contract accepts existing PostgreSQL portfolio UUIDs without inventing a canonical zero","status":"passed","title":"accepts existing PostgreSQL portfolio UUIDs without inventing a canonical zero","duration":7.6720000000000255,"failureMessages":[],"meta":{},"tags":[]},{"ancestorTitles":["HFA-014 mapped resident-money response contract"],"fullName":"HFA-014 mapped resident-money response contract rejects malformed scope identities","status":"passed","title":"rejects malformed scope identities","duration":0.44312500000023647,"failureMessages":[],"meta":{},"tags":[]}],"startTime":1788958268021,"endTime":1788958268029.443,"status":"passed","message":"","name":"/Users/brianlewis/Circle of Life/Haven Finance Integration/src/lib/finance/resident-money.test.ts"},{"assertionResults":[{"ancestorTitles":["HFA-027 HFA-036 structural privacy and exact amounts"],"fullName":"HFA-027 HFA-036 structural privacy and exact amounts accepts balanced non-identifying structural fixture beyond 32-bit cents","status":"passed","title":"accepts balanced non-identifying structural fixture beyond 32-bit cents","duration":4.205665999999837,"failureMessages":[],"meta":{},"tags":[]},{"ancestorTitles":["HFA-027 HFA-036 structural privacy and exact amounts"],"fullName":"HFA-027 HFA-036 structural privacy and exact amounts retains precision beyond JSON safe integer and rejects storage overflow","status":"passed","title":"retains precision beyond JSON safe integer and rejects storage overflow","duration":1.054208000000017,"failureMessages":[],"meta":{},"tags":[]},{"ancestorTitles":["HFA-027 HFA-036 structural privacy and exact amounts"],"fullName":"HFA-027 HFA-036 structural privacy and exact amounts rejects arbitrary residentId at top level and nested levels","status":"passed","title":"rejects arbitrary residentId at top level and nested levels","duration":0.600208000000066,"failureMessages":[],"meta":{},"tags":[]},{"ancestorTitles":["HFA-027 HFA-036 structural privacy and exact amounts"],"fullName":"HFA-027 HFA-036 structural privacy and exact amounts rejects arbitrary memo at top level and nested levels","status":"passed","title":"rejects arbitrary memo at top level and nested levels","duration":0.19670800000017152,"failureMessages":[],"meta":{},"tags":[]},{"ancestorTitles":["HFA-027 HFA-036 structural privacy and exact amounts"],"fullName":"HFA-027 HFA-036 structural privacy and exact amounts rejects arbitrary description at top level and nested levels","status":"passed","title":"rejects arbitrary description at top level and nested levels","duration":0.15837499999997817,"failureMessages":[],"meta":{},"tags":[]},{"ancestorTitles":["HFA-027 HFA-036 structural privacy and exact amounts"],"fullName":"HFA-027 HFA-036 structural privacy and exact amounts rejects arbitrary filename at top level and nested levels","status":"passed","title":"rejects arbitrary filename at top level and nested levels","duration":0.1731249999997999,"failureMessages":[],"meta":{},"tags":[]},{"ancestorTitles":["HFA-027 HFA-036 structural privacy and exact amounts"],"fullName":"HFA-027 HFA-036 structural privacy and exact amounts rejects arbitrary attachments at top level and nested levels","status":"passed","title":"rejects arbitrary attachments at top level and nested levels","duration":0.19879200000013952,"failureMessages":[],"meta":{},"tags":[]},{"ancestorTitles":["HFA-027 HFA-036 structural privacy and exact amounts"],"fullName":"HFA-027 HFA-036 structural privacy and exact amounts rejects arbitrary source at top level and nested levels","status":"passed","title":"rejects arbitrary source at top level and nested levels","duration":0.12904100000014296,"failureMessages":[],"meta":{},"tags":[]},{"ancestorTitles":["HFA-027 HFA-036 structural privacy and exact amounts"],"fullName":"HFA-027 HFA-036 structural privacy and exact amounts rejects arbitrary error at top level and nested levels","status":"passed","title":"rejects arbitrary error at top level and nested levels","duration":0.2882080000001679,"failureMessages":[],"meta":{},"tags":[]},{"ancestorTitles":["HFA-027 HFA-036 structural privacy and exact amounts"],"fullName":"HFA-027 HFA-036 structural privacy and exact amounts rejects invalid dates, amounts, identifiers, currency and unbalanced journals","status":"passed","title":"rejects invalid dates, amounts, identifiers, currency and unbalanced journals","duration":0.27508399999987887,"failureMessages":[],"meta":{},"tags":[]}],"startTime":1788958267511,"endTime":1788958267519.2751,"status":"passed","message":"","name":"/Users/brianlewis/Circle of Life/Haven Finance Integration/src/lib/finance-integration/payload.test.ts"},{"assertionResults":[{"ancestorTitles":["accounting review read boundary"],"fullName":"accounting review read boundary HFA-054: displays both summer and winter timestamps in Eastern time","status":"passed","title":"HFA-054: displays both summer and winter timestamps in Eastern time","duration":8.32241699999986,"failureMessages":[],"meta":{},"tags":[]},{"ancestorTitles":["accounting review read boundary"],"fullName":"accounting review read boundary HFA-036: accepts PostgreSQL seed UUIDs and retains exact cents beyond JSON safe integers","status":"passed","title":"HFA-036: accepts PostgreSQL seed UUIDs and retains exact cents beyond JSON safe integers","duration":3.159708000000137,"failureMessages":[],"meta":{},"tags":[]},{"ancestorTitles":["accounting review read boundary"],"fullName":"accounting review read boundary HFA-065: rejects mismatched organization_id","status":"passed","title":"HFA-065: rejects mismatched organization_id","duration":0.654790999999932,"failureMessages":[],"meta":{},"tags":[]},{"ancestorTitles":["accounting review read boundary"],"fullName":"accounting review read boundary HFA-065: rejects mismatched entity_id","status":"passed","title":"HFA-065: rejects mismatched entity_id","duration":0.251709000000119,"failureMessages":[],"meta":{},"tags":[]},{"ancestorTitles":["accounting review read boundary"],"fullName":"accounting review read boundary HFA-065: rejects mismatched facility_id","status":"passed","title":"HFA-065: rejects mismatched facility_id","duration":0.26337499999999636,"failureMessages":[],"meta":{},"tags":[]},{"ancestorTitles":["accounting review read boundary"],"fullName":"accounting review read boundary HFA-054: requires literal false for business_release_eligible","status":"passed","title":"HFA-054: requires literal false for business_release_eligible","duration":1.4233329999997295,"failureMessages":[],"meta":{},"tags":[]},{"ancestorTitles":["accounting review read boundary"],"fullName":"accounting review read boundary HFA-054: requires literal false for dispatch_enabled","status":"passed","title":"HFA-054: requires literal false for dispatch_enabled","duration":0.9605829999995876,"failureMessages":[],"meta":{},"tags":[]},{"ancestorTitles":["accounting review read boundary"],"fullName":"accounting review read boundary HFA-036: rejects numeric, noncanonical and overflowing amounts","status":"passed","title":"HFA-036: rejects numeric, noncanonical and overflowing amounts","duration":0.9445409999998446,"failureMessages":[],"meta":{},"tags":[]},{"ancestorTitles":["accounting review read boundary"],"fullName":"accounting review read boundary HFA-052: rejects incomplete, wrong-last-row and inconsistent cursors/counts","status":"passed","title":"HFA-052: rejects incomplete, wrong-last-row and inconsistent cursors/counts","duration":1.275416999999834,"failureMessages":[],"meta":{},"tags":[]},{"ancestorTitles":["accounting review read boundary"],"fullName":"accounting review read boundary HFA-052: honors microsecond ordering rather than rounding timestamps","status":"passed","title":"HFA-052: honors microsecond ordering rather than rounding timestamps","duration":0.17258400000037,"failureMessages":[],"meta":{},"tags":[]},{"ancestorTitles":["accounting review read boundary"],"fullName":"accounting review read boundary HFA-052 HFA-065: rejects rows before the requested cursor and facility leakage","status":"passed","title":"HFA-052 HFA-065: rejects rows before the requested cursor and facility leakage","duration":0.25287500000013097,"failureMessages":[],"meta":{},"tags":[]},{"ancestorTitles":["accounting review read boundary"],"fullName":"accounting review read boundary HFA-065: retains claims with inaccessible broader batch details","status":"passed","title":"HFA-065: retains claims with inaccessible broader batch details","duration":0.1520829999999478,"failureMessages":[],"meta":{},"tags":[]},{"ancestorTitles":["accounting review read boundary"],"fullName":"accounting review read boundary HFA-065 HFA-054: strips historical session identifiers from parsed detail and checks detail scope","status":"passed","title":"HFA-065 HFA-054: strips historical session identifiers from parsed detail and checks detail scope","duration":19.210915999999997,"failureMessages":[],"meta":{},"tags":[]},{"ancestorTitles":["accounting review read boundary"],"fullName":"accounting review read boundary HFA-036: rejects nested payload free fields and non-string member money","status":"passed","title":"HFA-036: rejects nested payload free fields and non-string member money","duration":0.7764999999999418,"failureMessages":[],"meta":{},"tags":[]},{"ancestorTitles":["accounting review read boundary"],"fullName":"accounting review read boundary HFA-052 HFA-054: rejects excess timestamp precision and active invalidated detail","status":"passed","title":"HFA-052 HFA-054: rejects excess timestamp precision and active invalidated detail","duration":0.3642499999996289,"failureMessages":[],"meta":{},"tags":[]},{"ancestorTitles":["accounting review read boundary"],"fullName":"accounting review read boundary HFA-054: does not accept an active batch row with a current invalidation reason","status":"passed","title":"HFA-054: does not accept an active batch row with a current invalidation reason","duration":1.6775840000000244,"failureMessages":[],"meta":{},"tags":[]},{"ancestorTitles":["accounting review read boundary"],"fullName":"accounting review read boundary HFA-052: passes complete cursor and abort signal to the read-only RPC","status":"passed","title":"HFA-052: passes complete cursor and abort signal to the read-only RPC","duration":1.8739580000001297,"failureMessages":[],"meta":{},"tags":[]},{"ancestorTitles":["authorized selector keysets"],"fullName":"authorized selector keysets HFA-052: reads through a server cap lower than requested and stops only on empty pages","status":"passed","title":"HFA-052: reads through a server cap lower than requested and stops only on empty pages","duration":0.8740410000000338,"failureMessages":[],"meta":{},"tags":[]},{"ancestorTitles":["authorized selector keysets"],"fullName":"authorized selector keysets HFA-052 HFA-065: rejects duplicates, nonadvancing IDs and wrong-organization choices","status":"passed","title":"HFA-052 HFA-065: rejects duplicates, nonadvancing IDs and wrong-organization choices","duration":1.0112500000000182,"failureMessages":[],"meta":{},"tags":[]},{"ancestorTitles":["authorized selector keysets"],"fullName":"authorized selector keysets HFA-065: rejects a facility whose entity is absent from authorized entity choices","status":"passed","title":"HFA-065: rejects a facility whose entity is absent from authorized entity choices","duration":0.38991699999996854,"failureMessages":[],"meta":{},"tags":[]}],"startTime":1788958268043,"endTime":1788958268087.39,"status":"passed","message":"","name":"/Users/brianlewis/Circle of Life/Haven Finance Integration/src/lib/finance-integration/review-queue.test.ts"},{"assertionResults":[{"ancestorTitles":["HFA-014 HFA-065 Cash ledger response scope"],"fullName":"HFA-014 HFA-065 Cash ledger response scope hides the previous facility ledger immediately while the new facility loads","status":"passed","title":"hides the previous facility ledger immediately while the new facility loads","duration":34.61445800000001,"failureMessages":[],"meta":{},"tags":[]},{"ancestorTitles":["HFA-014 HFA-065 Cash ledger response scope"],"fullName":"HFA-014 HFA-065 Cash ledger response scope does not replace the current facility with a late response from the prior facility","status":"passed","title":"does not replace the current facility with a late response from the prior facility","duration":181.0567920000003,"failureMessages":[],"meta":{},"tags":[]},{"ancestorTitles":["HFA-014 HFA-065 Cash ledger response scope"],"fullName":"HFA-014 HFA-065 Cash ledger response scope does not show another resident's late transaction response under the selected resident","status":"passed","title":"does not show another resident's late transaction response under the selected resident","duration":219.56320800000003,"failureMessages":[],"meta":{},"tags":[]},{"ancestorTitles":["HFA-014 HFA-065 Cash ledger response scope"],"fullName":"HFA-014 HFA-065 Cash ledger response scope clears previous transactions when the newly selected account fails to load","status":"passed","title":"clears previous transactions when the newly selected account fails to load","duration":167.598708,"failureMessages":[],"meta":{},"tags":[]},{"ancestorTitles":["HFA-014 HFA-065 Cash ledger response scope"],"fullName":"HFA-014 HFA-065 Cash ledger response scope does not let an old mutation completion interrupt a new ledger or clear its form (facility switch: false)","status":"passed","title":"does not let an old mutation completion interrupt a new ledger or clear its form (facility switch: false)","duration":308.07462499999974,"failureMessages":[],"meta":{},"tags":[]},{"ancestorTitles":["HFA-014 HFA-065 Cash ledger response scope"],"fullName":"HFA-014 HFA-065 Cash ledger response scope does not let an old mutation completion interrupt a new ledger or clear its form (facility switch: true)","status":"passed","title":"does not let an old mutation completion interrupt a new ledger or clear its form (facility switch: true)","duration":457.68658399999913,"failureMessages":[],"meta":{},"tags":[]},{"ancestorTitles":["HFA-014 HFA-065 Cash ledger response scope"],"fullName":"HFA-014 HFA-065 Cash ledger response scope ignores a rejected ledger request after a different account has loaded","status":"passed","title":"ignores a rejected ledger request after a different account has loaded","duration":299.3081250000005,"failureMessages":[],"meta":{},"tags":[]},{"ancestorTitles":["HFA-014 HFA-065 Cash ledger response scope"],"fullName":"HFA-014 HFA-065 Cash ledger response scope does not restart ledger requests when an outstanding mutation completes after unmount","status":"passed","title":"does not restart ledger requests when an outstanding mutation completes after unmount","duration":210.45645799999966,"failureMessages":[],"meta":{},"tags":[]}],"startTime":1788958268770,"endTime":1788958270648.4565,"status":"passed","message":"","name":"/Users/brianlewis/Circle of Life/Haven Finance Integration/src/app/(admin)/admin/cash/page.test.tsx"},{"assertionResults":[{"ancestorTitles":["HFA-036 journal form submission"],"fullName":"HFA-036 journal form submission sends exact cents for a valid draft","status":"passed","title":"sends exact cents for a valid draft","duration":598.4415840000001,"failureMessages":[],"meta":{},"tags":[]},{"ancestorTitles":["HFA-036 journal form submission"],"fullName":"HFA-036 journal form submission does not discard an invalid third line and save only the balanced pair","status":"passed","title":"does not discard an invalid third line and save only the balanced pair","duration":653.6738749999995,"failureMessages":[],"meta":{},"tags":[]}],"startTime":1788958271447,"endTime":1788958272698.6738,"status":"passed","message":"","name":"/Users/brianlewis/Circle of Life/Haven Finance Integration/src/app/(admin)/finance/journal-entries/new/money-input.test.tsx"},{"assertionResults":[{"ancestorTitles":["NewJournalEntryPage entry date"],"fullName":"NewJournalEntryPage entry date defaults to the Eastern calendar date at 8:05pm ET, not the next UTC date","status":"passed","title":"defaults to the Eastern calendar date at 8:05pm ET, not the next UTC date","duration":341.0803329999999,"failureMessages":[],"meta":{},"tags":[]},{"ancestorTitles":["NewJournalEntryPage entry date"],"fullName":"NewJournalEntryPage entry date uses the shared facility date helper instead of a UTC ISO slice","status":"passed","title":"uses the shared facility date helper instead of a UTC ISO slice","duration":3.4296659999999974,"failureMessages":[],"meta":{},"tags":[]}],"startTime":1788958271499,"endTime":1788958271843.4297,"status":"passed","message":"","name":"/Users/brianlewis/Circle of Life/Haven Finance Integration/src/app/(admin)/finance/journal-entries/new/page.test.tsx"}]}