{"numTotalTestSuites":8,"numPassedTestSuites":8,"numFailedTestSuites":0,"numPendingTestSuites":0,"numTotalTests":119,"numPassedTests":119,"numFailedTests":0,"numPendingTests":0,"numTodoTests":0,"snapshot":{"added":0,"failure":false,"filesAdded":0,"filesRemoved":0,"filesRemovedList":[],"filesUnmatched":0,"filesUpdated":0,"matched":0,"total":0,"unchecked":0,"uncheckedKeysByFile":[],"unmatched":0,"updated":0,"didUpdate":false},"startTime":1788936855508,"success":true,"testResults":[{"assertionResults":[{"ancestorTitles":["prorationFactorForResident"],"fullName":"prorationFactorForResident prorates mid-month admission","status":"passed","title":"prorates mid-month admission","duration":1.997208999999998,"failureMessages":[],"meta":{},"tags":[]},{"ancestorTitles":["prorationFactorForResident"],"fullName":"prorationFactorForResident prorates mid-month discharge","status":"passed","title":"prorates mid-month discharge","duration":0.19345799999996416,"failureMessages":[],"meta":{},"tags":[]},{"ancestorTitles":["prorationFactorForResident"],"fullName":"prorationFactorForResident returns zero when discharged before the billing month","status":"passed","title":"returns zero when discharged before the billing month","duration":0.07274999999992815,"failureMessages":[],"meta":{},"tags":[]},{"ancestorTitles":["buildMonthlyInvoicePreview"],"fullName":"buildMonthlyInvoicePreview prorates date-only admission dates and uses due date on the 5th","status":"passed","title":"prorates date-only admission dates and uses due date on the 5th","duration":22.992665999999986,"failureMessages":[],"meta":{},"tags":[]},{"ancestorTitles":["buildMonthlyInvoicePreview"],"fullName":"buildMonthlyInvoicePreview includes hospital_hold residents at full monthly private rate","status":"passed","title":"includes hospital_hold residents at full monthly private rate","duration":5.193834000000038,"failureMessages":[],"meta":{},"tags":[]},{"ancestorTitles":["buildMonthlyInvoicePreview"],"fullName":"buildMonthlyInvoicePreview keeps prorated line items summing exactly to the subtotal (half-cent boundary)","status":"passed","title":"keeps prorated line items summing exactly to the subtotal (half-cent boundary)","duration":1.5829590000000735,"failureMessages":[],"meta":{},"tags":[]},{"ancestorTitles":["buildMonthlyInvoicePreview"],"fullName":"buildMonthlyInvoicePreview skips Medicaid residents with no usable rate instead of billing private","status":"passed","title":"skips Medicaid residents with no usable rate instead of billing private","duration":0.496167000000014,"failureMessages":[],"meta":{},"tags":[]},{"ancestorTitles":["buildMonthlyInvoicePreview"],"fullName":"buildMonthlyInvoicePreview uses Medicaid catalog monthly rate for medicaid_oss payers","status":"passed","title":"uses Medicaid catalog monthly rate for medicaid_oss payers","duration":0.3418330000000651,"failureMessages":[],"meta":{},"tags":[]},{"ancestorTitles":["persistMonthlyInvoicesFromPreview"],"fullName":"persistMonthlyInvoicesFromPreview calls haven_create_invoice_with_line_items and counts inserts","status":"passed","title":"calls haven_create_invoice_with_line_items and counts inserts","duration":1.197958999999969,"failureMessages":[],"meta":{},"tags":[]},{"ancestorTitles":["persistMonthlyInvoicesFromPreview"],"fullName":"persistMonthlyInvoicesFromPreview counts duplicate skips when inserted is false","status":"passed","title":"counts duplicate skips when inserted is false","duration":0.16924999999991996,"failureMessages":[],"meta":{},"tags":[]},{"ancestorTitles":["persistMonthlyInvoicesFromPreview"],"fullName":"persistMonthlyInvoicesFromPreview reports RPC uncertainty without exposing provider error text","status":"passed","title":"reports RPC uncertainty without exposing provider error text","duration":0.5104160000000775,"failureMessages":[],"meta":{},"tags":[]}],"startTime":1788936856145,"endTime":1788936856180.5105,"status":"passed","message":"","name":"/Users/brianlewis/Circle of Life/Haven Finance Integration/src/lib/billing/generate-monthly-invoices.test.ts"},{"assertionResults":[{"ancestorTitles":["F06 app complete billing sources"],"fullName":"F06 app complete billing sources uses period-applicable published rates and preserves independent charge fixtures","status":"passed","title":"uses period-applicable published rates and preserves independent charge fixtures","duration":27.067874999999958,"failureMessages":[],"meta":{},"tags":[]},{"ancestorTitles":["F06 app complete billing sources"],"fullName":"F06 app complete billing sources uses period-applicable superseded rates and preserves independent charge fixtures","status":"passed","title":"uses period-applicable superseded rates and preserves independent charge fixtures","duration":1.5871250000000146,"failureMessages":[],"meta":{},"tags":[]},{"ancestorTitles":["F06 app complete billing sources"],"fullName":"F06 app complete billing sources rejects a 2501-row resident source truncated by the existing 500-row cap","status":"passed","title":"rejects a 2501-row resident source truncated by the existing 500-row cap","duration":2.2033330000000433,"failureMessages":[],"meta":{},"tags":[]},{"ancestorTitles":["F06 app complete billing sources"],"fullName":"F06 app complete billing sources retains acknowledged progress before 'returned error' (first inserted=true)","status":"passed","title":"retains acknowledged progress before 'returned error' (first inserted=true)","duration":2.524208000000044,"failureMessages":[],"meta":{},"tags":[]},{"ancestorTitles":["F06 app complete billing sources"],"fullName":"F06 app complete billing sources retains acknowledged progress before 'timeout' (first inserted=true)","status":"passed","title":"retains acknowledged progress before 'timeout' (first inserted=true)","duration":1.4170830000000478,"failureMessages":[],"meta":{},"tags":[]},{"ancestorTitles":["F06 app complete billing sources"],"fullName":"F06 app complete billing sources retains acknowledged progress before 'missing acknowledgement' (first inserted=true)","status":"passed","title":"retains acknowledged progress before 'missing acknowledgement' (first inserted=true)","duration":0.9329580000000988,"failureMessages":[],"meta":{},"tags":[]},{"ancestorTitles":["F06 app complete billing sources"],"fullName":"F06 app complete billing sources retains acknowledged progress before 'returned error' (first inserted=false)","status":"passed","title":"retains acknowledged progress before 'returned error' (first inserted=false)","duration":0.46270800000002055,"failureMessages":[],"meta":{},"tags":[]},{"ancestorTitles":["F06 app complete billing sources"],"fullName":"F06 app complete billing sources keeps raw provider text and unresolved identity out of generic errors","status":"passed","title":"keeps raw provider text and unresolved identity out of generic errors","duration":0.5678750000000719,"failureMessages":[],"meta":{},"tags":[]},{"ancestorTitles":["F06 app complete billing sources"],"fullName":"F06 app complete billing sources blocks residents count larger than 2000 without a partial preview","status":"passed","title":"blocks residents count larger than 2000 without a partial preview","duration":1.1135840000000599,"failureMessages":[],"meta":{},"tags":[]},{"ancestorTitles":["F06 app complete billing sources"],"fullName":"F06 app complete billing sources blocks resident_payers count larger than 2000 without a partial preview","status":"passed","title":"blocks resident_payers count larger than 2000 without a partial preview","duration":0.41679199999998673,"failureMessages":[],"meta":{},"tags":[]},{"ancestorTitles":["F06 app complete billing sources"],"fullName":"F06 app complete billing sources blocks facility_medicaid_providers count larger than 2000 without a partial preview","status":"passed","title":"blocks facility_medicaid_providers count larger than 2000 without a partial preview","duration":0.8011659999999665,"failureMessages":[],"meta":{},"tags":[]},{"ancestorTitles":["F06 app complete billing sources"],"fullName":"F06 app complete billing sources blocks resident_rate_agreements count larger than 2000 without a partial preview","status":"passed","title":"blocks resident_rate_agreements count larger than 2000 without a partial preview","duration":0.33341700000005403,"failureMessages":[],"meta":{},"tags":[]},{"ancestorTitles":["F06 app complete billing sources"],"fullName":"F06 app complete billing sources blocks invoices count larger than 2000 without a partial preview","status":"passed","title":"blocks invoices count larger than 2000 without a partial preview","duration":0.2304589999999962,"failureMessages":[],"meta":{},"tags":[]},{"ancestorTitles":["F06 app complete billing sources"],"fullName":"F06 app complete billing sources rejects 'residents' 'null count'","status":"passed","title":"rejects 'residents' 'null count'","duration":0.28641700000002857,"failureMessages":[],"meta":{},"tags":[]},{"ancestorTitles":["F06 app complete billing sources"],"fullName":"F06 app complete billing sources rejects 'residents' 'missing count'","status":"passed","title":"rejects 'residents' 'missing count'","duration":0.2693329999999605,"failureMessages":[],"meta":{},"tags":[]},{"ancestorTitles":["F06 app complete billing sources"],"fullName":"F06 app complete billing sources rejects 'residents' 'null data'","status":"passed","title":"rejects 'residents' 'null data'","duration":0.23533400000007987,"failureMessages":[],"meta":{},"tags":[]},{"ancestorTitles":["F06 app complete billing sources"],"fullName":"F06 app complete billing sources rejects 'resident_payers' 'null count'","status":"passed","title":"rejects 'resident_payers' 'null count'","duration":0.19745899999998073,"failureMessages":[],"meta":{},"tags":[]},{"ancestorTitles":["F06 app complete billing sources"],"fullName":"F06 app complete billing sources rejects 'resident_payers' 'missing count'","status":"passed","title":"rejects 'resident_payers' 'missing count'","duration":0.1794999999999618,"failureMessages":[],"meta":{},"tags":[]},{"ancestorTitles":["F06 app complete billing sources"],"fullName":"F06 app complete billing sources rejects 'resident_payers' 'null data'","status":"passed","title":"rejects 'resident_payers' 'null data'","duration":0.19316600000001927,"failureMessages":[],"meta":{},"tags":[]},{"ancestorTitles":["F06 app complete billing sources"],"fullName":"F06 app complete billing sources rejects 'facility_medicaid_providers' 'null count'","status":"passed","title":"rejects 'facility_medicaid_providers' 'null count'","duration":0.18879199999992125,"failureMessages":[],"meta":{},"tags":[]},{"ancestorTitles":["F06 app complete billing sources"],"fullName":"F06 app complete billing sources rejects 'facility_medicaid_providers' 'missing count'","status":"passed","title":"rejects 'facility_medicaid_providers' 'missing count'","duration":0.3801669999999149,"failureMessages":[],"meta":{},"tags":[]},{"ancestorTitles":["F06 app complete billing sources"],"fullName":"F06 app complete billing sources rejects 'facility_medicaid_providers' 'null data'","status":"passed","title":"rejects 'facility_medicaid_providers' 'null data'","duration":0.3973750000000109,"failureMessages":[],"meta":{},"tags":[]},{"ancestorTitles":["F06 app complete billing sources"],"fullName":"F06 app complete billing sources rejects 'resident_rate_agreements' 'null count'","status":"passed","title":"rejects 'resident_rate_agreements' 'null count'","duration":0.2675840000000562,"failureMessages":[],"meta":{},"tags":[]},{"ancestorTitles":["F06 app complete billing sources"],"fullName":"F06 app complete billing sources rejects 'resident_rate_agreements' 'missing count'","status":"passed","title":"rejects 'resident_rate_agreements' 'missing count'","duration":0.19195799999999963,"failureMessages":[],"meta":{},"tags":[]},{"ancestorTitles":["F06 app complete billing sources"],"fullName":"F06 app complete billing sources rejects 'resident_rate_agreements' 'null data'","status":"passed","title":"rejects 'resident_rate_agreements' 'null data'","duration":0.25737500000002456,"failureMessages":[],"meta":{},"tags":[]},{"ancestorTitles":["F06 app complete billing sources"],"fullName":"F06 app complete billing sources rejects 'invoices' 'null count'","status":"passed","title":"rejects 'invoices' 'null count'","duration":0.17720799999995052,"failureMessages":[],"meta":{},"tags":[]},{"ancestorTitles":["F06 app complete billing sources"],"fullName":"F06 app complete billing sources rejects 'invoices' 'missing count'","status":"passed","title":"rejects 'invoices' 'missing count'","duration":0.3495420000000422,"failureMessages":[],"meta":{},"tags":[]},{"ancestorTitles":["F06 app complete billing sources"],"fullName":"F06 app complete billing sources rejects 'invoices' 'null data'","status":"passed","title":"rejects 'invoices' 'null data'","duration":0.29062500000009095,"failureMessages":[],"meta":{},"tags":[]},{"ancestorTitles":["F06 app complete billing sources"],"fullName":"F06 app complete billing sources keeps provider transport failure distinct from zero providers","status":"passed","title":"keeps provider transport failure distinct from zero providers","duration":0.302915999999982,"failureMessages":[],"meta":{},"tags":[]},{"ancestorTitles":["F06 app complete billing sources"],"fullName":"F06 app complete billing sources rejects invalid month 0 before querying","status":"passed","title":"rejects invalid month 0 before querying","duration":0.19416599999999562,"failureMessages":[],"meta":{},"tags":[]},{"ancestorTitles":["F06 app complete billing sources"],"fullName":"F06 app complete billing sources rejects invalid month 13 before querying","status":"passed","title":"rejects invalid month 13 before querying","duration":0.1415829999999687,"failureMessages":[],"meta":{},"tags":[]},{"ancestorTitles":["F06 app complete billing sources"],"fullName":"F06 app complete billing sources rejects invalid month 5.5 before querying","status":"passed","title":"rejects invalid month 5.5 before querying","duration":0.0991670000000795,"failureMessages":[],"meta":{},"tags":[]},{"ancestorTitles":["F06 app complete billing sources"],"fullName":"F06 app complete billing sources rejects invalid month NaN before querying","status":"passed","title":"rejects invalid month NaN before querying","duration":0.18287499999996726,"failureMessages":[],"meta":{},"tags":[]},{"ancestorTitles":["F06 app complete billing sources"],"fullName":"F06 app complete billing sources rejects invalid month Infinity before querying","status":"passed","title":"rejects invalid month Infinity before querying","duration":0.10629200000005312,"failureMessages":[],"meta":{},"tags":[]},{"ancestorTitles":["F06 app complete billing sources"],"fullName":"F06 app complete billing sources rejects invalid year 0 before querying","status":"passed","title":"rejects invalid year 0 before querying","duration":0.15174999999999272,"failureMessages":[],"meta":{},"tags":[]},{"ancestorTitles":["F06 app complete billing sources"],"fullName":"F06 app complete billing sources rejects invalid year 2026.5 before querying","status":"passed","title":"rejects invalid year 2026.5 before querying","duration":0.11754199999995762,"failureMessages":[],"meta":{},"tags":[]},{"ancestorTitles":["F06 app complete billing sources"],"fullName":"F06 app complete billing sources rejects invalid year NaN before querying","status":"passed","title":"rejects invalid year NaN before querying","duration":0.1922500000000582,"failureMessages":[],"meta":{},"tags":[]},{"ancestorTitles":["F06 app complete billing sources"],"fullName":"F06 app complete billing sources rejects invalid year Infinity before querying","status":"passed","title":"rejects invalid year Infinity before querying","duration":1.2604159999999638,"failureMessages":[],"meta":{},"tags":[]},{"ancestorTitles":["F06 app complete billing sources"],"fullName":"F06 app complete billing sources rejects incomplete organization facility response {\"count\":2501}","status":"passed","title":"rejects incomplete organization facility response {\"count\":2501}","duration":0.8002920000000131,"failureMessages":[],"meta":{},"tags":[]},{"ancestorTitles":["F06 app complete billing sources"],"fullName":"F06 app complete billing sources rejects incomplete organization facility response {\"count\":null}","status":"passed","title":"rejects incomplete organization facility response {\"count\":null}","duration":0.35983299999998053,"failureMessages":[],"meta":{},"tags":[]},{"ancestorTitles":["F06 app complete billing sources"],"fullName":"F06 app complete billing sources rejects incomplete organization facility response {}","status":"passed","title":"rejects incomplete organization facility response {}","duration":0.15008399999999256,"failureMessages":[],"meta":{},"tags":[]},{"ancestorTitles":["F06 app complete billing sources"],"fullName":"F06 app complete billing sources rejects incomplete organization facility response {\"data\":null,\"count\":0}","status":"passed","title":"rejects incomplete organization facility response {\"data\":null,\"count\":0}","duration":0.14237500000001546,"failureMessages":[],"meta":{},"tags":[]},{"ancestorTitles":["F06 app complete billing sources"],"fullName":"F06 app complete billing sources recognizes an exactly counted empty facility list","status":"passed","title":"recognizes an exactly counted empty facility list","duration":0.137958000000026,"failureMessages":[],"meta":{},"tags":[]},{"ancestorTitles":["F06 Edge shared complete billing sources"],"fullName":"F06 Edge shared complete billing sources uses period-applicable published rates and preserves independent charge fixtures","status":"passed","title":"uses period-applicable published rates and preserves independent charge fixtures","duration":2.710209000000077,"failureMessages":[],"meta":{},"tags":[]},{"ancestorTitles":["F06 Edge shared complete billing sources"],"fullName":"F06 Edge shared complete billing sources uses period-applicable superseded rates and preserves independent charge fixtures","status":"passed","title":"uses period-applicable superseded rates and preserves independent charge fixtures","duration":4.30662499999994,"failureMessages":[],"meta":{},"tags":[]},{"ancestorTitles":["F06 Edge shared complete billing sources"],"fullName":"F06 Edge shared complete billing sources rejects a 2501-row resident source truncated by the existing 500-row cap","status":"passed","title":"rejects a 2501-row resident source truncated by the existing 500-row cap","duration":0.9905830000000151,"failureMessages":[],"meta":{},"tags":[]},{"ancestorTitles":["F06 Edge shared complete billing sources"],"fullName":"F06 Edge shared complete billing sources retains acknowledged progress before 'returned error' (first inserted=true)","status":"passed","title":"retains acknowledged progress before 'returned error' (first inserted=true)","duration":0.803833999999938,"failureMessages":[],"meta":{},"tags":[]},{"ancestorTitles":["F06 Edge shared complete billing sources"],"fullName":"F06 Edge shared complete billing sources retains acknowledged progress before 'timeout' (first inserted=true)","status":"passed","title":"retains acknowledged progress before 'timeout' (first inserted=true)","duration":1.3944999999999936,"failureMessages":[],"meta":{},"tags":[]},{"ancestorTitles":["F06 Edge shared complete billing sources"],"fullName":"F06 Edge shared complete billing sources retains acknowledged progress before 'missing acknowledgement' (first inserted=true)","status":"passed","title":"retains acknowledged progress before 'missing acknowledgement' (first inserted=true)","duration":0.296875,"failureMessages":[],"meta":{},"tags":[]},{"ancestorTitles":["F06 Edge shared complete billing sources"],"fullName":"F06 Edge shared complete billing sources retains acknowledged progress before 'returned error' (first inserted=false)","status":"passed","title":"retains acknowledged progress before 'returned error' (first inserted=false)","duration":0.20229199999994307,"failureMessages":[],"meta":{},"tags":[]},{"ancestorTitles":["F06 Edge shared complete billing sources"],"fullName":"F06 Edge shared complete billing sources keeps raw provider text and unresolved identity out of generic errors","status":"passed","title":"keeps raw provider text and unresolved identity out of generic errors","duration":0.12870900000007168,"failureMessages":[],"meta":{},"tags":[]},{"ancestorTitles":["F06 Edge shared complete billing sources"],"fullName":"F06 Edge shared complete billing sources blocks residents count larger than 2000 without a partial preview","status":"passed","title":"blocks residents count larger than 2000 without a partial preview","duration":0.1004169999999931,"failureMessages":[],"meta":{},"tags":[]},{"ancestorTitles":["F06 Edge shared complete billing sources"],"fullName":"F06 Edge shared complete billing sources blocks resident_payers count larger than 2000 without a partial preview","status":"passed","title":"blocks resident_payers count larger than 2000 without a partial preview","duration":0.08670799999993051,"failureMessages":[],"meta":{},"tags":[]},{"ancestorTitles":["F06 Edge shared complete billing sources"],"fullName":"F06 Edge shared complete billing sources blocks facility_medicaid_providers count larger than 2000 without a partial preview","status":"passed","title":"blocks facility_medicaid_providers count larger than 2000 without a partial preview","duration":0.08566699999994398,"failureMessages":[],"meta":{},"tags":[]},{"ancestorTitles":["F06 Edge shared complete billing sources"],"fullName":"F06 Edge shared complete billing sources blocks resident_rate_agreements count larger than 2000 without a partial preview","status":"passed","title":"blocks resident_rate_agreements count larger than 2000 without a partial preview","duration":0.07974999999999,"failureMessages":[],"meta":{},"tags":[]},{"ancestorTitles":["F06 Edge shared complete billing sources"],"fullName":"F06 Edge shared complete billing sources blocks invoices count larger than 2000 without a partial preview","status":"passed","title":"blocks invoices count larger than 2000 without a partial preview","duration":0.08404200000006767,"failureMessages":[],"meta":{},"tags":[]},{"ancestorTitles":["F06 Edge shared complete billing sources"],"fullName":"F06 Edge shared complete billing sources rejects 'residents' 'null count'","status":"passed","title":"rejects 'residents' 'null count'","duration":0.07404200000007677,"failureMessages":[],"meta":{},"tags":[]},{"ancestorTitles":["F06 Edge shared complete billing sources"],"fullName":"F06 Edge shared complete billing sources rejects 'residents' 'missing count'","status":"passed","title":"rejects 'residents' 'missing count'","duration":0.07191699999998491,"failureMessages":[],"meta":{},"tags":[]},{"ancestorTitles":["F06 Edge shared complete billing sources"],"fullName":"F06 Edge shared complete billing sources rejects 'residents' 'null data'","status":"passed","title":"rejects 'residents' 'null data'","duration":0.07124999999996362,"failureMessages":[],"meta":{},"tags":[]},{"ancestorTitles":["F06 Edge shared complete billing sources"],"fullName":"F06 Edge shared complete billing sources rejects 'resident_payers' 'null count'","status":"passed","title":"rejects 'resident_payers' 'null count'","duration":0.0684999999999718,"failureMessages":[],"meta":{},"tags":[]},{"ancestorTitles":["F06 Edge shared complete billing sources"],"fullName":"F06 Edge shared complete billing sources rejects 'resident_payers' 'missing count'","status":"passed","title":"rejects 'resident_payers' 'missing count'","duration":0.06995800000004238,"failureMessages":[],"meta":{},"tags":[]},{"ancestorTitles":["F06 Edge shared complete billing sources"],"fullName":"F06 Edge shared complete billing sources rejects 'resident_payers' 'null data'","status":"passed","title":"rejects 'resident_payers' 'null data'","duration":0.06737499999996999,"failureMessages":[],"meta":{},"tags":[]},{"ancestorTitles":["F06 Edge shared complete billing sources"],"fullName":"F06 Edge shared complete billing sources rejects 'facility_medicaid_providers' 'null count'","status":"passed","title":"rejects 'facility_medicaid_providers' 'null count'","duration":0.12333399999999983,"failureMessages":[],"meta":{},"tags":[]},{"ancestorTitles":["F06 Edge shared complete billing sources"],"fullName":"F06 Edge shared complete billing sources rejects 'facility_medicaid_providers' 'missing count'","status":"passed","title":"rejects 'facility_medicaid_providers' 'missing count'","duration":0.06812499999989541,"failureMessages":[],"meta":{},"tags":[]},{"ancestorTitles":["F06 Edge shared complete billing sources"],"fullName":"F06 Edge shared complete billing sources rejects 'facility_medicaid_providers' 'null data'","status":"passed","title":"rejects 'facility_medicaid_providers' 'null data'","duration":0.0865840000000162,"failureMessages":[],"meta":{},"tags":[]},{"ancestorTitles":["F06 Edge shared complete billing sources"],"fullName":"F06 Edge shared complete billing sources rejects 'resident_rate_agreements' 'null count'","status":"passed","title":"rejects 'resident_rate_agreements' 'null count'","duration":0.06841699999995399,"failureMessages":[],"meta":{},"tags":[]},{"ancestorTitles":["F06 Edge shared complete billing sources"],"fullName":"F06 Edge shared complete billing sources rejects 'resident_rate_agreements' 'missing count'","status":"passed","title":"rejects 'resident_rate_agreements' 'missing count'","duration":0.07175000000006548,"failureMessages":[],"meta":{},"tags":[]},{"ancestorTitles":["F06 Edge shared complete billing sources"],"fullName":"F06 Edge shared complete billing sources rejects 'resident_rate_agreements' 'null data'","status":"passed","title":"rejects 'resident_rate_agreements' 'null data'","duration":0.06895899999994981,"failureMessages":[],"meta":{},"tags":[]},{"ancestorTitles":["F06 Edge shared complete billing sources"],"fullName":"F06 Edge shared complete billing sources rejects 'invoices' 'null count'","status":"passed","title":"rejects 'invoices' 'null count'","duration":0.07100000000002638,"failureMessages":[],"meta":{},"tags":[]},{"ancestorTitles":["F06 Edge shared complete billing sources"],"fullName":"F06 Edge shared complete billing sources rejects 'invoices' 'missing count'","status":"passed","title":"rejects 'invoices' 'missing count'","duration":0.07208400000001802,"failureMessages":[],"meta":{},"tags":[]},{"ancestorTitles":["F06 Edge shared complete billing sources"],"fullName":"F06 Edge shared complete billing sources rejects 'invoices' 'null data'","status":"passed","title":"rejects 'invoices' 'null data'","duration":0.07262499999990268,"failureMessages":[],"meta":{},"tags":[]},{"ancestorTitles":["F06 Edge shared complete billing sources"],"fullName":"F06 Edge shared complete billing sources keeps provider transport failure distinct from zero providers","status":"passed","title":"keeps provider transport failure distinct from zero providers","duration":0.07741700000008223,"failureMessages":[],"meta":{},"tags":[]},{"ancestorTitles":["F06 Edge shared complete billing sources"],"fullName":"F06 Edge shared complete billing sources rejects invalid month 0 before querying","status":"passed","title":"rejects invalid month 0 before querying","duration":0.03970800000001873,"failureMessages":[],"meta":{},"tags":[]},{"ancestorTitles":["F06 Edge shared complete billing sources"],"fullName":"F06 Edge shared complete billing sources rejects invalid month 13 before querying","status":"passed","title":"rejects invalid month 13 before querying","duration":0.03350000000000364,"failureMessages":[],"meta":{},"tags":[]},{"ancestorTitles":["F06 Edge shared complete billing sources"],"fullName":"F06 Edge shared complete billing sources rejects invalid month 5.5 before querying","status":"passed","title":"rejects invalid month 5.5 before querying","duration":0.03458299999999781,"failureMessages":[],"meta":{},"tags":[]},{"ancestorTitles":["F06 Edge shared complete billing sources"],"fullName":"F06 Edge shared complete billing sources rejects invalid month NaN before querying","status":"passed","title":"rejects invalid month NaN before querying","duration":0.08304099999998016,"failureMessages":[],"meta":{},"tags":[]},{"ancestorTitles":["F06 Edge shared complete billing sources"],"fullName":"F06 Edge shared complete billing sources rejects invalid month Infinity before querying","status":"passed","title":"rejects invalid month Infinity before querying","duration":0.038834000000065316,"failureMessages":[],"meta":{},"tags":[]},{"ancestorTitles":["F06 Edge shared complete billing sources"],"fullName":"F06 Edge shared complete billing sources rejects invalid year 0 before querying","status":"passed","title":"rejects invalid year 0 before querying","duration":0.033208000000058746,"failureMessages":[],"meta":{},"tags":[]},{"ancestorTitles":["F06 Edge shared complete billing sources"],"fullName":"F06 Edge shared complete billing sources rejects invalid year 2026.5 before querying","status":"passed","title":"rejects invalid year 2026.5 before querying","duration":0.032624999999939064,"failureMessages":[],"meta":{},"tags":[]},{"ancestorTitles":["F06 Edge shared complete billing sources"],"fullName":"F06 Edge shared complete billing sources rejects invalid year NaN before querying","status":"passed","title":"rejects invalid year NaN before querying","duration":0.034250000000042746,"failureMessages":[],"meta":{},"tags":[]},{"ancestorTitles":["F06 Edge shared complete billing sources"],"fullName":"F06 Edge shared complete billing sources rejects invalid year Infinity before querying","status":"passed","title":"rejects invalid year Infinity before querying","duration":0.03300000000001546,"failureMessages":[],"meta":{},"tags":[]},{"ancestorTitles":["F06 Edge shared complete billing sources"],"fullName":"F06 Edge shared complete billing sources rejects incomplete organization facility response {\"count\":2501}","status":"passed","title":"rejects incomplete organization facility response {\"count\":2501}","duration":0.16012499999999363,"failureMessages":[],"meta":{},"tags":[]},{"ancestorTitles":["F06 Edge shared complete billing sources"],"fullName":"F06 Edge shared complete billing sources rejects incomplete organization facility response {\"count\":null}","status":"passed","title":"rejects incomplete organization facility response {\"count\":null}","duration":0.059750000000008185,"failureMessages":[],"meta":{},"tags":[]},{"ancestorTitles":["F06 Edge shared complete billing sources"],"fullName":"F06 Edge shared complete billing sources rejects incomplete organization facility response {}","status":"passed","title":"rejects incomplete organization facility response {}","duration":0.0529589999999871,"failureMessages":[],"meta":{},"tags":[]},{"ancestorTitles":["F06 Edge shared complete billing sources"],"fullName":"F06 Edge shared complete billing sources rejects incomplete organization facility response {\"data\":null,\"count\":0}","status":"passed","title":"rejects incomplete organization facility response {\"data\":null,\"count\":0}","duration":0.051916000000005624,"failureMessages":[],"meta":{},"tags":[]},{"ancestorTitles":["F06 Edge shared complete billing sources"],"fullName":"F06 Edge shared complete billing sources recognizes an exactly counted empty facility list","status":"passed","title":"recognizes an exactly counted empty facility list","duration":0.0498330000000351,"failureMessages":[],"meta":{},"tags":[]},{"ancestorTitles":["F06 actual registered Edge billing handler"],"fullName":"F06 actual registered Edge billing handler executes organization success and returns max_facilities without ReferenceError","status":"passed","title":"executes organization success and returns max_facilities without ReferenceError","duration":101.06929200000002,"failureMessages":[],"meta":{},"tags":[]},{"ancestorTitles":["F06 actual registered Edge billing handler"],"fullName":"F06 actual registered Edge billing handler reports known progress and unresolved mutation in facility mode","status":"passed","title":"reports known progress and unresolved mutation in facility mode","duration":56.13220799999999,"failureMessages":[],"meta":{},"tags":[]},{"ancestorTitles":["F06 actual registered Edge billing handler"],"fullName":"F06 actual registered Edge billing handler reports known progress and unresolved mutation in organization mode","status":"passed","title":"reports known progress and unresolved mutation in organization mode","duration":78.46704199999999,"failureMessages":[],"meta":{},"tags":[]},{"ancestorTitles":["F06 actual registered Edge billing handler"],"fullName":"F06 actual registered Edge billing handler reports mixed-facility known progress when the second facility is blocked","status":"passed","title":"reports mixed-facility known progress when the second facility is blocked","duration":23.34245800000008,"failureMessages":[],"meta":{},"tags":[]},{"ancestorTitles":["F06 actual registered Edge billing handler"],"fullName":"F06 actual registered Edge billing handler reports mixed-facility known progress when the second facility is unknown","status":"passed","title":"reports mixed-facility known progress when the second facility is unknown","duration":18.190415999999914,"failureMessages":[],"meta":{},"tags":[]},{"ancestorTitles":["F06 actual registered Edge billing handler"],"fullName":"F06 actual registered Edge billing handler keeps a timed-out RPC separate from a known duplicate","status":"passed","title":"keeps a timed-out RPC separate from a known duplicate","duration":44.48174999999992,"failureMessages":[],"meta":{},"tags":[]},{"ancestorTitles":["F06 actual registered Edge billing handler"],"fullName":"F06 actual registered Edge billing handler reports an intentional organization cap as incomplete without changing its processing limit","status":"passed","title":"reports an intentional organization cap as incomplete without changing its processing limit","duration":64.20879200000013,"failureMessages":[],"meta":{},"tags":[]},{"ancestorTitles":["F06 actual registered Edge billing handler"],"fullName":"F06 actual registered Edge billing handler reports preserved business-warning billing as partial in facility mode","status":"passed","title":"reports preserved business-warning billing as partial in facility mode","duration":21.33354200000008,"failureMessages":[],"meta":{},"tags":[]},{"ancestorTitles":["F06 actual registered Edge billing handler"],"fullName":"F06 actual registered Edge billing handler reports preserved business-warning billing as partial in organization mode","status":"passed","title":"reports preserved business-warning billing as partial in organization mode","duration":26.380542000000105,"failureMessages":[],"meta":{},"tags":[]},{"ancestorTitles":["F06 actual registered Edge billing handler"],"fullName":"F06 actual registered Edge billing handler keeps unresolved identity in authorized output while sanitizing actual handler telemetry","status":"passed","title":"keeps unresolved identity in authorized output while sanitizing actual handler telemetry","duration":23.13149999999996,"failureMessages":[],"meta":{},"tags":[]},{"ancestorTitles":["F06 actual registered Edge billing handler"],"fullName":"F06 actual registered Edge billing handler does not persist an incomplete residents facility preview","status":"passed","title":"does not persist an incomplete residents facility preview","duration":17.034667000000127,"failureMessages":[],"meta":{},"tags":[]},{"ancestorTitles":["F06 actual registered Edge billing handler"],"fullName":"F06 actual registered Edge billing handler does not persist an incomplete resident_payers facility preview","status":"passed","title":"does not persist an incomplete resident_payers facility preview","duration":34.737499999999955,"failureMessages":[],"meta":{},"tags":[]},{"ancestorTitles":["F06 actual registered Edge billing handler"],"fullName":"F06 actual registered Edge billing handler does not persist an incomplete facility_medicaid_providers facility preview","status":"passed","title":"does not persist an incomplete facility_medicaid_providers facility preview","duration":30.17583300000001,"failureMessages":[],"meta":{},"tags":[]},{"ancestorTitles":["F06 actual registered Edge billing handler"],"fullName":"F06 actual registered Edge billing handler does not persist an incomplete resident_rate_agreements facility preview","status":"passed","title":"does not persist an incomplete resident_rate_agreements facility preview","duration":43.33445800000004,"failureMessages":[],"meta":{},"tags":[]},{"ancestorTitles":["F06 actual registered Edge billing handler"],"fullName":"F06 actual registered Edge billing handler does not persist an incomplete invoices facility preview","status":"passed","title":"does not persist an incomplete invoices facility preview","duration":33.43724999999995,"failureMessages":[],"meta":{},"tags":[]},{"ancestorTitles":["F06 actual registered Edge billing handler"],"fullName":"F06 actual registered Edge billing handler blocks organization work before persistence when facility listing is truncated","status":"passed","title":"blocks organization work before persistence when facility listing is truncated","duration":32.92724999999996,"failureMessages":[],"meta":{},"tags":[]},{"ancestorTitles":["F06 actual registered Edge billing handler"],"fullName":"F06 actual registered Edge billing handler reports blocked-only organization work as unsuccessful","status":"passed","title":"reports blocked-only organization work as unsuccessful","duration":20.535208999999895,"failureMessages":[],"meta":{},"tags":[]},{"ancestorTitles":["F06 actual registered Edge billing handler"],"fullName":"F06 actual registered Edge billing handler rejects invalid request period/body {\"billing_year\":2026.5,\"billing_month\":5}","status":"passed","title":"rejects invalid request period/body {\"billing_year\":2026.5,\"billing_month\":5}","duration":40.88395800000012,"failureMessages":[],"meta":{},"tags":[]},{"ancestorTitles":["F06 actual registered Edge billing handler"],"fullName":"F06 actual registered Edge billing handler rejects invalid request period/body {\"billing_year\":2026,\"billing_month\":5.5}","status":"passed","title":"rejects invalid request period/body {\"billing_year\":2026,\"billing_month\":5.5}","duration":36.9582089999999,"failureMessages":[],"meta":{},"tags":[]},{"ancestorTitles":["F06 actual registered Edge billing handler"],"fullName":"F06 actual registered Edge billing handler rejects invalid request period/body {\"billing_year\":\"2026\",\"billing_month\":\"5\"}","status":"passed","title":"rejects invalid request period/body {\"billing_year\":\"2026\",\"billing_month\":\"5\"}","duration":38.11329100000012,"failureMessages":[],"meta":{},"tags":[]},{"ancestorTitles":["F06 actual registered Edge billing handler"],"fullName":"F06 actual registered Edge billing handler rejects invalid request period/body {\"billing_year\":null,\"billing_month\":null}","status":"passed","title":"rejects invalid request period/body {\"billing_year\":null,\"billing_month\":null}","duration":24.3118750000001,"failureMessages":[],"meta":{},"tags":[]},{"ancestorTitles":["F06 actual registered Edge billing handler"],"fullName":"F06 actual registered Edge billing handler rejects invalid request period/body null","status":"passed","title":"rejects invalid request period/body null","duration":17.27862499999992,"failureMessages":[],"meta":{},"tags":[]}],"startTime":1788936856331,"endTime":1788936857220.2786,"status":"passed","message":"","name":"/Users/brianlewis/Circle of Life/Haven Finance Integration/src/lib/billing/generate-monthly-source-guards.test.ts"}]}